Log started at 26.03.2021	14:37:14
Number of used processors (NPROC): 4.
Number of mesh partitions (NPART): 4.
Total Physical Memory = 15.90 Gb, Available Physical Memory = 10.61 Gb
Computer name:	MIL-CAD-3
Operating system:	Windows 10 (or higher) (Version 10.0.19042)

SOLIDWORKS 2020 SP3.0
Flow Simulation 2020  x64 / 4921 / MESHER ver. efd_dev.4663_05.07.2019 

Project: C:\Users\acastrillon\Documents\GrabCAD\SUBJUGATOR\Subjugator 8 CAD\CFD Simulations\1\1.xmlconfig
Configuration name: Default
Project name: Drag Coeff. Front of Sub
NGK: OFF
MBO: OFF

Mesh generation started:	26.3.2021	14:37:14
-----------------------------------------------------------------------
Mesher option run = eRunMesherNormal
-----------------------------------------------------------------------
Current CPU = 1 sec
-----------------------------------------------------------------------
Geometries initialization:
-----------------------------------------------------------------------
Loading mesh settings (global/local)...
-----------------------------------------------------------------------
Number of geometries from DB: 1
Geometry(0):
	Guid = {00000000-0000-0000-0000-000000000000}
	Fluid..
	1 Body.
	1 Real body.
	-- Bodyset 0 --
		Tolerance=0.000127753.
		53 Face(s).
			53 of b-spline type.
		0 Face(s) that have no ref faces
		49 Plane surface(s).
		4 Cylinder surface(s).
		872 Triangle(s).
		Getting triangle connectivities from DB: 0.000 s
		153 Edge(s).
			153 of b-spline type.
		BodyGeom reading: 0.007 s.
		53 Reference Face(s).
		872 Reference Triangles.
		Getting triangle connectivities from DB (Ref): 0.000 s
		BodyGeom Ref reading: 0.000 s.
		Getting triangle connectivities from DB (Extra Triangulation): 0.000 s
Geometry(1):
	Solid.
	-- Bodyset 1 --
	Empty
-----------------------------------------------------------------------
Number of geometries in task: 2
Number of bodysets   in task: 2
-----------------------------------------------------------------------
	Making hash and connectivity for Bodyset ...
		CBodyGeom:
		Hash size: {39, 32, 32}.
		Mesh size: {39, 32, 32}.
		Hashing triangles...Ok.
			axis(0) tr sizes: average=8 max=96
			axis(1) tr sizes: average=20 max=95
			axis(2) tr sizes: average=20 max=188
		Number of t-connected sets:1
			(0) size=872
		Done.
		CBodyGeomRef:
		Hashing triangles...Ok.
			axis(0) tr sizes: average=7 max=96
			axis(1) tr sizes: average=19 max=95
			axis(2) tr sizes: average=19 max=185
		Done.
	0.00843 s.
Geometries reading and preparing has taken 0.018 s.

Mapped triangles:
Hashing geometries triangles
	Triangles num=872
	Triangles box={0  ,0.6858  ,-1.42466e-17  ,0.77724  ,-0.36957  ,0.37719  }
		3d-hash size is 175932 bytes
Hashing peculiar surfaces triangles
Mapped triangles processed in 0.007 s.
-----------------------------------------------------------------------
Getting sectors:
Number of sectors: 0
-----------------------------------------------------------------------
-----------------------------------------------------------------------

Current CPU = 1 sec

-----------------------------------------------------------------------
Mesh dimensions:
				I[0 ]=39
				I[1 ]=32
				I[2 ]=32

Comp. domain size:
				a[0  ]=-2.24028
				a[1  ]=4.4196
				a[2  ]=-2.24028
				a[3  ]=3.01752
				a[4  ]=-2.60985
				a[5  ]=2.61747

Fluid calculated			1
Solid calculated			0
-----------------------------------------------------------------------
MESH Build started...
-----------------------------------------------------------------------
Mesh LEVEL = 1
-----------------------------------------------------------------------
Setting regions...OK (0.001 s)
Base mesh info------------------
	2D flag  =0
	Period   =[0, 0, 0]
	Nx=39
		x[0]=-2.24028
		x[1]=-1.99828
		x[2]=-1.76835
		x[3]=-1.54981
		x[4]=-1.34209
		x[5]=-1.14466
		x[6]=-0.957007
		x[7]=-0.778652
		x[8]=-0.609131
		x[9]=-0.448007
		x[10]=-0.294864
		x[11]=-0.149306
		x[12]=0.0147835
		x[13]=0.178868
		x[14]=0.342952
		x[15]=0.484207
		x[16]=0.625471
		x[17]=0.766734
		x[18]=0.907997
		x[19]=1.04926
		x[20]=1.19052
		x[21]=1.33179
		x[22]=1.47305
		x[23]=1.61431
		x[24]=1.75558
		x[25]=1.89684
		x[26]=2.0381
		x[27]=2.17936
		x[28]=2.32001
		x[29]=2.46771
		x[30]=2.62282
		x[31]=2.78569
		x[32]=2.95674
		x[33]=3.13635
		x[34]=3.32496
		x[35]=3.52303
		x[36]=3.73103
		x[37]=3.94945
		x[38]=4.17881
		x[39]=4.4196
	Ny=32
		y[0]=-2.24028
		y[1]=-2.0115
		y[2]=-1.79382
		y[3]=-1.58665
		y[4]=-1.38946
		y[5]=-1.20179
		y[6]=-1.02317
		y[7]=-0.853173
		y[8]=-0.691373
		y[9]=-0.537379
		y[10]=-0.390814
		y[11]=-0.251319
		y[12]=-0.118554
		y[13]=0.00780674
		y[14]=0.134756
		y[15]=0.261705
		y[16]=0.388654
		y[17]=0.515604
		y[18]=0.642553
		y[19]=0.769502
		y[20]=0.895876
		y[21]=1.02866
		y[22]=1.16816
		y[23]=1.31474
		y[24]=1.46875
		y[25]=1.63055
		y[26]=1.80056
		y[27]=1.97918
		y[28]=2.16685
		y[29]=2.36404
		y[30]=2.57121
		y[31]=2.78888
		y[32]=3.01752
	Nz=32
		z[0]=-2.60985
		z[1]=-2.38083
		z[2]=-2.16297
		z[3]=-1.95566
		z[4]=-1.7584
		z[5]=-1.5707
		z[6]=-1.39209
		z[7]=-1.22214
		z[8]=-1.06042
		z[9]=-0.906544
		z[10]=-0.760123
		z[11]=-0.620797
		z[12]=-0.488223
		z[13]=-0.362073
		z[14]=-0.240104
		z[15]=-0.118133
		z[16]=0.00383808
		z[17]=0.125809
		z[18]=0.24778
		z[19]=0.36975
		z[20]=0.495891
		z[21]=0.628457
		z[22]=0.767777
		z[23]=0.914194
		z[24]=1.06807
		z[25]=1.22979
		z[26]=1.39974
		z[27]=1.57835
		z[28]=1.76606
		z[29]=1.96333
		z[30]=2.17066
		z[31]=2.38854
		z[32]=2.61747
End of base mesh info---------
Input_mesh_settings--------------------------------
Settings 0----------------
	Scope: GLOBAL
	Type:	------MESHER_SETTINGS----------
	RefAllCells           =0
	RefFluidCells         =0
	RefPartCells          =0
	RefSolidCells         =0
	l_SSFR(Capture crit)  =1
	l_curv(Curvature crit)=0
	l_tol(Tolerance crit) =0
	UseChannelRef         =1
	  NCR_method          =0
	  l_NCR               =1
	  N_gap               =5
	  Use d_NCR_min       =0
	  Use d_NCR_max       =0
	IgnoreThinChannelsHeight         =0
	--END_OF_MESHER_SETTINGS-------
End of input mesh settings-------------------------

-----------------------------------------------------------------------
Building geometries:
-----------------------------------------------------------------------
Building body-set (0) of geometry Fluid.0.(0). ...

-----------------------------------------------------------------------
Refining by triangulation...
Refinement input: 39936 bricks
Setting regions...OK (0.000 s)
Refinement result: 40370 bricks (0.008 s)
Refinement input: 40370 bricks
Refinement result: 40370 bricks (0.002 s)
Collecting and processing rays...OK (0.032 s)
Capturing...OK (0.007 s)
Refining by triangulation takes 0.05 s
-----------------------------------------------------------------------

-----------------------------------------------------------------------
Refining peculiar surfaces...
0 surfaces refined
Refining peculiar surfaces takes 0 s
-----------------------------------------------------------------------
Collecting and processing rays...OK (0.001 s)
Capturing...OK (0.000 s)
Collecting and processing rays...OK (0.000 s)
Capturing...OK (0.000 s)
Collecting and processing rays...OK (0.001 s)
Capturing...OK (0.000 s)

-----------------------------------------------------------------------
Base mesh 1 Refining...
Refinement input: 40370 bricks
Refinement result: 40370 bricks (0.000 s)
Collecting and processing rays...OK (0.000 s)
Capturing...OK (0.000 s)
-----------------------------------------------------------------------
Refining channels...
FYI: CNarrowChannelRefiner::RefineChannels_PRLL
Refinement input: 40370 bricks
Setting regions...OK (0.000 s)
Refinement result: 41308 bricks (0.004 s)
Collecting and processing rays...OK (0.002 s)
Capturing...OK (0.001 s)
FYI: m_iteration_count = 0
FYI: level1 statistics:
     level1_cnt_plus[1]=1072;		level1_cnt_minus[1]=0
     level1_cnt_plus[2]=0;		level1_cnt_minus[2]=0
     level1_cnt_plus[3]=0;		level1_cnt_minus[3]=0
     level1_cnt_plus[4]=0;		level1_cnt_minus[4]=0
     level1_cnt_plus[5]=0;		level1_cnt_minus[5]=0
     level1_cnt_plus[6]=0;		level1_cnt_minus[6]=0
     level1_cnt_plus[7]=0;		level1_cnt_minus[7]=0
     level1_cnt_plus[8]=0;		level1_cnt_minus[8]=0
     level1_cnt_plus[9]=0;		level1_cnt_minus[9]=0
FYI: m_iteration_count = 1
FYI: level1 statistics:
     level1_cnt_plus[1]=1072;		level1_cnt_minus[1]=0
     level1_cnt_plus[2]=0;		level1_cnt_minus[2]=0
     level1_cnt_plus[3]=0;		level1_cnt_minus[3]=0
     level1_cnt_plus[4]=0;		level1_cnt_minus[4]=0
     level1_cnt_plus[5]=0;		level1_cnt_minus[5]=0
     level1_cnt_plus[6]=0;		level1_cnt_minus[6]=0
     level1_cnt_plus[7]=0;		level1_cnt_minus[7]=0
     level1_cnt_plus[8]=0;		level1_cnt_minus[8]=0
     level1_cnt_plus[9]=0;		level1_cnt_minus[9]=0
FYI: level1 statistics:
     level1_cnt_plus[1]=1072;		level1_cnt_minus[1]=0
     level1_cnt_plus[2]=0;		level1_cnt_minus[2]=0
     level1_cnt_plus[3]=0;		level1_cnt_minus[3]=0
     level1_cnt_plus[4]=0;		level1_cnt_minus[4]=0
     level1_cnt_plus[5]=0;		level1_cnt_minus[5]=0
     level1_cnt_plus[6]=0;		level1_cnt_minus[6]=0
     level1_cnt_plus[7]=0;		level1_cnt_minus[7]=0
     level1_cnt_plus[8]=0;		level1_cnt_minus[8]=0
     level1_cnt_plus[9]=0;		level1_cnt_minus[9]=0

-----------------------------------------------------------------------
U-shapes refinement...
Refinement input: 41308 bricks
Setting regions...OK (0.000 s)
Refinement result: 41364 bricks (0.009 s)
Collecting and processing rays...OK (0.001 s)
Capturing...OK (0.000 s)
-----------------------------------------------------------------------

-----------------------------------------------------------------------
Equi Distant Refiner:
Equi Distant Refiner takes 0.00 s
-----------------------------------------------------------------------
Building geometry takes 0.113 s
Geometry Fluid.0.
Total		41364
Partial	760
Fluid		40310
Solid		264
Bad		30

/-Ray Intersection---------------/ Time	0.005 s
Calls			4143
CorrectRay Calls	0



-----------------------------------------------------------------------
Building geometries takes 0.115 s
-----------------------------------------------------------------------

-----------------------------------------------------------------------
PostBuilding geometries:
-----------------------------------------------------------------------
PostBuilding body-set (0) geometry Fluid.0. (0)...
Collecting and processing rays...OK (0.001 s)
Capturing...OK (0.000 s)
PostBuilding geometry takes 0.002 s
Geometry Fluid.0.
Total		41364
Partial	760
Fluid		40310
Solid		264
Bad		30

-----------------------------------------------------------------------
PostBuilding geometries takes 0.003 s
-----------------------------------------------------------------------
Defect ray count	0
FYI: CNarrowChannelRefiner::RedistributeLevel1_step_1: is finished
FYI: level1 statistics:
     level1_cnt_plus[1]=1072;		level1_cnt_minus[1]=0
     level1_cnt_plus[2]=0;		level1_cnt_minus[2]=0
     level1_cnt_plus[3]=0;		level1_cnt_minus[3]=0
     level1_cnt_plus[4]=0;		level1_cnt_minus[4]=0
     level1_cnt_plus[5]=0;		level1_cnt_minus[5]=0
     level1_cnt_plus[6]=0;		level1_cnt_minus[6]=0
     level1_cnt_plus[7]=0;		level1_cnt_minus[7]=0
     level1_cnt_plus[8]=0;		level1_cnt_minus[8]=0
     level1_cnt_plus[9]=0;		level1_cnt_minus[9]=0
FYI: CNarrowChannelRefiner::RedistributeLevel1_step_2: is started
FYI: CNarrowChannelRefiner::RedistributeLevel1_step_2: is finished
FYI: level1 statistics:
     level1_cnt_plus[1]=1258;		level1_cnt_minus[1]=0
     level1_cnt_plus[2]=0;		level1_cnt_minus[2]=0
     level1_cnt_plus[3]=0;		level1_cnt_minus[3]=0
     level1_cnt_plus[4]=0;		level1_cnt_minus[4]=0
     level1_cnt_plus[5]=0;		level1_cnt_minus[5]=0
     level1_cnt_plus[6]=0;		level1_cnt_minus[6]=0
     level1_cnt_plus[7]=0;		level1_cnt_minus[7]=0
     level1_cnt_plus[8]=0;		level1_cnt_minus[8]=0
     level1_cnt_plus[9]=0;		level1_cnt_minus[9]=0
FYI: CNarrowChannelRefiner::RedistributeLevel1_step_3: is started
FYI: CNarrowChannelRefiner::RedistributeLevel1_step_3: is finished
RedistributeLevel1 takes:
FYI: level1 statistics:
     level1_cnt_plus[1]=1258;		level1_cnt_minus[1]=286
     level1_cnt_plus[2]=0;		level1_cnt_minus[2]=0
     level1_cnt_plus[3]=0;		level1_cnt_minus[3]=0
     level1_cnt_plus[4]=0;		level1_cnt_minus[4]=0
     level1_cnt_plus[5]=0;		level1_cnt_minus[5]=0
     level1_cnt_plus[6]=0;		level1_cnt_minus[6]=0
     level1_cnt_plus[7]=0;		level1_cnt_minus[7]=0
     level1_cnt_plus[8]=0;		level1_cnt_minus[8]=0
     level1_cnt_plus[9]=0;		level1_cnt_minus[9]=0
-----------------------------------------------------------------------
MSH format builder (Iteration 0)
-----------------------------------------------------------------------
Memory Working Set Current = 30.52 Mb, Memory Working Set Peak = 33.66 Mb
Process Threads Number: 13
-----------------------------------------------------------------------
Loading geometries triangulation & x-stacks...OK
x-stacks size = 0.07 Mb
Total bricks count: 41364
-----------------------------------------------------------------------
MSH (Real Geometry) format constructor:
	Getting brick sets...OK (0.002 s)
	Min x-stack xeps = 0.000710617
	D / dh / eps [axis=0] = (6.65988, 0.070628, 7.0628e-05)
	D / dh / eps [axis=1] = (5.2578, 0.0631803, 6.31803e-05)
	D / dh / eps [axis=2] = (5.22732, 0.0609849, 6.09849e-05)
	Time (xeps): 0.001 s
Level 1
	Set (0)  size: 816
	Set (0)  time: 0.021 s
	Set (1)  size: 816
	Set (1)  time: 0.016 s
Level 0
	Set (0)  size: 19866
	Set (0)  time: 0.010 s
	Set (1)  size: 19866
	Set (1)  time: 0.010 s
Result:
	Bricks number:                        41364

	Memory usage:                         0.835 MB
	Memory usage (per brick):             0.021 KB
	Construction time:                    0.061 s

	Topology features:
	------------------
	- High quality bricks                 100.00 % (41364)
	- Medium quality bricks                 0.00 % (0)
	- Bad quality bricks                    0.00 % (0)
	- Ribs corrected bricks                 0.00 % (0)
	- Points with geom-info (bricks)        0.00 % (0)
	- Points with closest-info (bricks)     0.00 % (0)
	- Triangulated by center (bricks)       0.02 % (8)
	- Facet w-faces mergings (bricks)       0.00 % (0)
	- To refine (bricks)                    0.00 % (0)

-----------------------------------------------------------------------
Memory Working Set Current = 40.31 Mb, Memory Working Set Peak = 40.32 Mb
Process Threads Number: 13
-----------------------------------------------------------------------
-----------------------------------------------------------------------
-----------------------------------------------------------------------
MSH --> BCF format (Iteration 0)...
BCF collector...(remove mode=0)
	Time (alloc counter per brick): 0.001 s
	Brick    count: 41364
	Av.f all count: 41228
	Av.s all count: 1224
	Av.f pid count: 978
	Av.s pid count: 984
	Faces fs count: 1902
	Faces ff count: 0
	Faces ss count: 0
	Faces bb count: 0
	Faces fe count: 7040
	Faces se count: 0
	Faces fw count: 8942
	Faces af count: 120078
	Faces as count: 3056
	Time (all count): 	0.006 s
	Time (bcf alloc): 	0.001 s
	Time (shifts alloc): 	0.001 s
	Time (shifts init): 	0.001 s
	Time (bcf fill): 	0.009 s
	Time (add av to faces): 0.000 s
	Time (add faces to av): 0.004 s
Time (bcf collect): 		0.027 s
	AV checker...
	Time (check av): 	0.024 s
	Subdomain checker...
		Subdomains construction time: 0.011 s.
		Subdomains sort time: 0.000 s.
			Subdomain 0 (geom_ind=0): 41228 av
			Subdomain 1 (geom_ind=1): 1224 av
		gi: 0, subdomains: 1, real bodies: 1
		gi: 1, subdomains: 1, real bodies: 0
		Defect subdomains: 0
	Time (check subdoms): 	0.011 s
Time (bcf iteration total): 	0.063 s
	Time (fw-nb): 		0.001 s
	Fixed mutual fw-nb:     1336 (bb: 0)
	Time (fw-nb mutual): 	0.000 s
	Time (fw-nb sort): 	0.000 s
	Fw-opt BEFORE total:    8942 (fs=1902, ff=0, ss=0)
	Fw-opt AFTER  total:    8910 (fs=1870, ff=0, ss=0, failed fw/br=36/2, big_curv=10, big_poly=0)
	Fw-opt RESULT:          32 (res/(fs+ff+ss) = 1.68 %)
	Time (fw-opt): 		0.002 s
	Time (fw-re-order): 	0.002 s
	Time (fw-nb): 		0.006 s
	Fixed mutual fw-nb:     17845 (bb: 0)
	Time (fw-nb mutual): 	0.002 s
	Time (fw-nb sort): 	0.000 s
	Time (rfd fix): 	0.000 s
	Time (av convexity): 	0.001 s
	Time (av small volume): 0.000 s
	Time (diagonal fw-nb): 	0.013 s
	Fixed mutual fw-nb:     0 (bb: 0)
	Time (fw-nb mutual): 	0.001 s
	Time (fw-nb sort): 	0.000 s
	Fluid subdomains: 1
	Faces fw-nb diff sd:    0
	Time (fw-nb diff sd): 	0.010 s
Time (bcf calc): 		0.045 s
-----------------------------------------------------------------------
Time (bcf total): 		0.108 s
-----------------------------------------------------------------------
-----------------------------------------------------------------------
Mega-cv constructor for fluid...
	 48 av's is treated as thin
Relative size generator (threshold = 0.05)...
	Iteration 1 (small cluster count = 56)
	Iteration 2 (small cluster count = 30)
	Iteration 3 (small cluster count = 4)
	Iteration 4 (small cluster count = 0)
	 56 mega-cv's generated
	 0 mega-cv's removed
Relative size generator is completed OK (0.003 s)
Apply fa-rules to mega-cv clusters fixes...
OK (0.000 s)
Convert clusters:
	 56 mega-cv's total
Mega-cv count: 56
Time (mega-cv fill): 	0.000 s
Time (mega-cv total): 	0.023 s
-----------------------------------------------------------------------
Mixing plane rotation regions: NO.
Sliding mesh rotation regions: NO.
Fluid/fluid faces: NO.
----------------------------------------------------------
BCF --> BCF.GEOMSUBDOM (bridge arrays):
MESH (0):
	Fluid Subdom Constructor: 1 subdom(s).
	Solid Subdom Constructor: 1 subdom(s).
	Net Asm Subdom Constructor: 0 subdom(s).
	GEOMSUBDOM (0): gi=0 fluid av=41228 cv=41172 fa=120078 fb=0 fw=8910 V=1.828363e+02
	Cache data...OK
	GEOMSUBDOM (1): gi=1 solid av=1224 cv=1224 fa=3056 fb=0 fw=1870 V=2.051764e-01
	Cache data...OK
	Setting nb of w-faces...OK (0.004 s).
	Correcting nb of w-faces...
	Time(correct_fw_nb)=0.003 s

MESH (0) checking:
	GEOMSUBDOM (0):fa_s=3211.1727009531723525 fb_s=0.0000000000000000 fw_s=199.4467162026917038 fw_nb=71446
	              :d_const(8051)=4.46694e-15 d_linear(26252)=1.33718e-14
	GEOMSUBDOM (1):fa_s=8.8684350083053030 fb_s=0.0000000000000000 fw_s=4.8190280394917773 fw_nb=15150
	              :d_const(31)=1.81334e-14 d_linear(1036)=1.16728e-13
MESH (0) checking: OK.
Time (MDS): 	0.117 s
----------------------------------------------------------

-----------------------------------------------------------------------
BCF CHECKSUM DATA (Mesh 0):

BRICK |Level1| Sum:               1544
FACE_A Area Sum:   G.Fluid        3211.1727009531714430
FACE_A Area Sum:   G.Solid        8.8684350083053030
FACE_W Area Sum:                  199.4467162026917038
FACE_W Nb   Sum:                  71446
FACE_W min curvatures sum:        -0.00000000
FACE_W max curvatures sum:        7318.86713934
AV Max Disbalance(Const) :        1.95874e-14 (cid=19942, t={30, 31, 31}, avid=19918, pid=402)
AV Max Disbalance(Linear):        1.80422e-13 (cid=19934, t={28, 31, 31}, avid=19910, pid=394)
-----------------------------------------------------------------------


-----------------------------------------------------------------------
MESHER TOPOLOGY DATA:

BRICKS: Total                 41364
BRICKS: 1-CV                  40490
BRICKS: 2-CV                  692
BRICKS: 3-CV                  150
BRICKS: 4-CV                  32
BRICKS: Bad                   0

AV:     G.Total               42452
AV:     G.Fluid               41228
AV:     G.Solid               1224

AV:     G.Fluid Thin Profile    0.27 % (110)
AV:     G.Solid Thin Profile    7.19 % (88)

AV:     G.Fluid Thin For Mega   0.12 % (48)
AV:     G.Solid Thin For Mega   1.31 % (16)

AV:     G.Fluid Non-Convex      0.83 % (344)
AV:     G.Solid Non-Convex     13.56 % (166)

AV:     G.Fluid Non-Ess-Convex      0.83 % (344)
AV:     G.Solid Non-Ess-Convex     12.58 % (154)

FACE_A: G.Fluid          (af) 120078 (partially opened 2021)
FACE_A: G.Solid          (as) 3056 (partially opened 2009)

FACE_B: G.Total          (b)  0

FACE_W: G.Total                 8910        Brick/Bound
FACE_W: G.Fluid/Solid    (fs_g) 1870        0           
FACE_W: G.Fluid/Fluid    (ff_g) 0           0           
FACE_W: G.Solid/Solid    (ss_g) 0           0           
FACE_W: G.Fluid/External (fe_g) 7040
FACE_W: G.Solid/External (se_g) 0

AV/CV max fa count (on brick side):4
AV/CV max fw count:                4
AV/CV max fb count:                0
AV/CV max fw poly count:           12

MEMORY: Total                   13.063 MB
MEMORY: Per Brick               0.323 KB
-----------------------------------------------------------------------

-----------------------------------------------------------------------
Connectivities information:
	Number of conns: 0
-----------------------------------------------------------------------
	Time (gap size): 	0.006 s
-----------------------------------------------------------------------
Calculating curvature and tolerance criteria...
Curvature: min=0 max=3.14159
Tolerance: min=0 max=0.0634274
Calculating curvature and tolerance criteria takes 0.009 s
-----------------------------------------------------------------------
MESH Build(FS) finished. Time=0.535 s
-----------------------------------------------------------------------
Current CPU = 1 sec

Nx=39
Ny=32
Nz=32
Max BRICK Level=1
Mesh Level=1
-----------------CModelBodies2MeshMapper::CollectData started -------------------------------
-----------------CModelBodies2MeshMapper Report -------------------------------
FluidDomains 1 SolidDomains 1 VoidDomains 0 
Domains RefIndexes
Domain 0, Index count 53
Domain 1, Index count 53
----------------- -------------------------------
	ModelBodies
Total resolved Bodies 0 BodySets 0

--------------------------------------------------------------------------
	Positive geometry Bodies
Total resolved Bodies 1 BodySets 1
BodySet 0
	Bodies list:
			#0	Name: ;	ID: 3b3d960b-fac7-4d40-8069-d8d5150f6ddc
	Domains list:		 0 

--------------------------------------------------------------------------
	Fluid regions
Total resolved Bodies 1 BodySets 1
BodySet 0	Material: Water; 
	Bodies list:
			#0	Name: ;	ID: 3b3d960b-fac7-4d40-8069-d8d5150f6ddc
	Domains list:		 0 

--------------------------------------------------------------------------
-----------------CModelBodies2MeshMapper::CollectData finished successfully-------------------
Saving initial mesh in: C:\Users\acastrillon\Documents\GrabCAD\SUBJUGATOR\Subjugator 8 CAD\CFD Simulations\1\1.fld .
Storing results...
Estimated CPT size=4.857 MB.
	Time (write bcf): 0.136 s
OK
-----------------------------------------------------------------------
Memory Working Set Current = 68.86 Mb, Memory Working Set Peak = 68.86 Mb
Process Threads Number: 13
-----------------------------------------------------------------------
Cleaning memory...
		Time (free xsl):                    	0.000 s
Free Geometry DB takes 0.000 s
	Time (free bcf): 	0.006 s
		Time (free bcf mesh):               	0.018 s
	Time (free mesher data):              	0.019 s
Copying... OK
Mesh generation normally finished at	26.3.2021	14:37:15
Mesher CPU = 1 sec
Mesher is finished at	26.3.2021	14:37:15
-----------------------------------------------------------------------
Memory Working Set Current = 28.05 Mb, Memory Working Set Peak = 69.27 Mb
Process Threads Number: 13
-----------------------------------------------------------------------
Algebra Pool      : mem_usage = 1.00 Mb, allocated count = 0
Log ended at 26.03.2021	14:37:15
