Log started at 14.04.2021	11:29:21
Number of used processors (NPROC): 4.
Number of mesh partitions (NPART): 4.
Total Physical Memory = 15.90 Gb, Available Physical Memory = 10.67 Gb
Computer name:	MIL-CAD-3
Operating system:	Windows 10 (or higher) (Version 10.0.19042)

SOLIDWORKS 2020 SP3.0
Flow Simulation 2020  x64 / 4921 / MESHER ver. efd_dev.4663_05.07.2019 

Project: C:\Users\acastrillon\Documents\GrabCAD\SUBJUGATOR\Subjugator 8 CAD\CFD Simulations\3\3.xmlconfig
Configuration name: Default
Project name: Drag Coeff. in Z-direction
NGK: OFF
MBO: OFF

Mesh generation started:	14.4.2021	11:29:21
-----------------------------------------------------------------------
Mesher option run = eRunMesherNormal
-----------------------------------------------------------------------
Current CPU = 0 sec
-----------------------------------------------------------------------
Geometries initialization:
-----------------------------------------------------------------------
Loading mesh settings (global/local)...
-----------------------------------------------------------------------
Number of geometries from DB: 1
Geometry(0):
	Guid = {00000000-0000-0000-0000-000000000000}
	Fluid..
	1 Body.
	1 Real body.
	-- Bodyset 0 --
		Tolerance=0.000145428.
		30 Face(s).
			30 of b-spline type.
		0 Face(s) that have no ref faces
		30 Plane surface(s).
		108 Triangle(s).
		Getting triangle connectivities from DB: 0.000 s
		84 Edge(s).
			84 of b-spline type.
		BodyGeom reading: 0.005 s.
		30 Reference Face(s).
		108 Reference Triangles.
		Getting triangle connectivities from DB (Ref): 0.000 s
		BodyGeom Ref reading: 0.000 s.
		Getting triangle connectivities from DB (Extra Triangulation): 0.000 s
Geometry(1):
	Solid.
	-- Bodyset 1 --
	Empty
-----------------------------------------------------------------------
Number of geometries in task: 2
Number of bodysets   in task: 2
-----------------------------------------------------------------------
	Making hash and connectivity for Bodyset ...
		CBodyGeom:
		Hash size: {34, 34, 40}.
		Mesh size: {34, 34, 40}.
		Hashing triangles...Ok.
			axis(0) tr sizes: average=4 max=22
			axis(1) tr sizes: average=3 max=17
			axis(2) tr sizes: average=4 max=23
		Number of t-connected sets:1
			(0) size=108
		Done.
		CBodyGeomRef:
		Hashing triangles...Ok.
			axis(0) tr sizes: average=4 max=22
			axis(1) tr sizes: average=3 max=17
			axis(2) tr sizes: average=3 max=23
		Done.
	0.004 s.
Geometries reading and preparing has taken 0.010 s.

Mapped triangles:
Hashing geometries triangles
	Triangles num=108
	Triangles box={-0.1524  ,0.796036  ,0  ,0.8001  ,-0.543814  ,0.21463  }
		3d-hash size is 188424 bytes
Hashing peculiar surfaces triangles
Mapped triangles processed in 0.004 s.
-----------------------------------------------------------------------
Getting sectors:
Number of sectors: 0
-----------------------------------------------------------------------
-----------------------------------------------------------------------

Current CPU = 0 sec

-----------------------------------------------------------------------
Mesh dimensions:
				I[0 ]=34
				I[1 ]=34
				I[2 ]=40

Comp. domain size:
				a[0  ]=-2.5527
				a[1  ]=3.19634
				a[2  ]=-2.4003
				a[3  ]=3.2004
				a[4  ]=-2.94411
				a[5  ]=4.21513

Fluid calculated			1
Solid calculated			0
-----------------------------------------------------------------------
MESH Build started...
-----------------------------------------------------------------------
Mesh LEVEL = 1
-----------------------------------------------------------------------
Setting regions...OK (0.001 s)
Base mesh info------------------
	2D flag  =0
	Period   =[0, 0, 0]
	Nx=34
		x[0]=-2.5527
		x[1]=-2.30614
		x[2]=-2.07179
		x[3]=-1.84896
		x[4]=-1.6371
		x[5]=-1.43567
		x[6]=-1.24414
		x[7]=-1.06204
		x[8]=-0.888894
		x[9]=-0.724268
		x[10]=-0.567742
		x[11]=-0.418917
		x[12]=-0.277414
		x[13]=-0.142873
		x[14]=-0.0266957
		x[15]=0.0894877
		x[16]=0.205671
		x[17]=0.321854
		x[18]=0.438038
		x[19]=0.554221
		x[20]=0.670405
		x[21]=0.786588
		x[22]=0.921123
		x[23]=1.06262
		x[24]=1.21144
		x[25]=1.36796
		x[26]=1.53258
		x[27]=1.70573
		x[28]=1.88784
		x[29]=2.07937
		x[30]=2.28082
		x[31]=2.49269
		x[32]=2.71553
		x[33]=2.94991
		x[34]=3.19634
	Ny=34
		y[0]=-2.4003
		y[1]=-2.15914
		y[2]=-1.92943
		y[3]=-1.71056
		y[4]=-1.50203
		y[5]=-1.30333
		y[6]=-1.11401
		y[7]=-0.933626
		y[8]=-0.761756
		y[9]=-0.597997
		y[10]=-0.441967
		y[11]=-0.2933
		y[12]=-0.15165
		y[13]=-0.0137166
		y[14]=0.124218
		y[15]=0.262153
		y[16]=0.400087
		y[17]=0.547547
		y[18]=0.695004
		y[19]=0.84246
		y[20]=0.989917
		y[21]=1.13737
		y[22]=1.28483
		y[23]=1.43229
		y[24]=1.57974
		y[25]=1.7272
		y[26]=1.87466
		y[27]=2.02211
		y[28]=2.16957
		y[29]=2.31703
		y[30]=2.47479
		y[31]=2.64149
		y[32]=2.81764
		y[33]=3.00377
		y[34]=3.2004
	Nz=40
		z[0]=-2.94411
		z[1]=-2.71362
		z[2]=-2.49395
		z[3]=-2.28454
		z[4]=-2.08493
		z[5]=-1.89464
		z[6]=-1.71324
		z[7]=-1.54032
		z[8]=-1.37548
		z[9]=-1.21835
		z[10]=-1.06856
		z[11]=-0.925768
		z[12]=-0.78965
		z[13]=-0.659894
		z[14]=-0.536201
		z[15]=-0.412322
		z[16]=-0.288443
		z[17]=-0.164563
		z[18]=-0.0406843
		z[19]=0.0831949
		z[20]=0.207074
		z[21]=0.329986
		z[22]=0.458882
		z[23]=0.594054
		z[24]=0.735807
		z[25]=0.88446
		z[26]=1.04035
		z[27]=1.20383
		z[28]=1.37527
		z[29]=1.55505
		z[30]=1.74359
		z[31]=1.94131
		z[32]=2.14865
		z[33]=2.36608
		z[34]=2.5941
		z[35]=2.83322
		z[36]=3.08398
		z[37]=3.34695
		z[38]=3.62273
		z[39]=3.91192
		z[40]=4.21513
End of base mesh info---------
Input_mesh_settings--------------------------------
Settings 0----------------
	Scope: GLOBAL
	Type:	------MESHER_SETTINGS----------
	RefAllCells           =0
	RefFluidCells         =0
	RefPartCells          =0
	RefSolidCells         =0
	l_SSFR(Capture crit)  =1
	l_curv(Curvature crit)=0
	l_tol(Tolerance crit) =0
	UseChannelRef         =1
	  NCR_method          =0
	  l_NCR               =1
	  N_gap               =5
	  Use d_NCR_min       =0
	  Use d_NCR_max       =0
	IgnoreThinChannelsHeight         =0
	--END_OF_MESHER_SETTINGS-------
End of input mesh settings-------------------------

-----------------------------------------------------------------------
Building geometries:
-----------------------------------------------------------------------
Building body-set (0) of geometry Fluid.0.(0). ...

-----------------------------------------------------------------------
Refining by triangulation...
Refinement input: 46240 bricks
Setting regions...OK (0.000 s)
Refinement result: 46352 bricks (0.006 s)
Refinement input: 46352 bricks
Refinement result: 46352 bricks (0.002 s)
Collecting and processing rays...OK (0.041 s)
Capturing...OK (0.006 s)
Refining by triangulation takes 0.056 s
-----------------------------------------------------------------------

-----------------------------------------------------------------------
Refining peculiar surfaces...
0 surfaces refined
Refining peculiar surfaces takes 0 s
-----------------------------------------------------------------------
Collecting and processing rays...OK (0.001 s)
Capturing...OK (0.000 s)
Collecting and processing rays...OK (0.000 s)
Capturing...OK (0.000 s)
Collecting and processing rays...OK (0.000 s)
Capturing...OK (0.000 s)

-----------------------------------------------------------------------
Base mesh 1 Refining...
Refinement input: 46352 bricks
Refinement result: 46352 bricks (0.000 s)
Collecting and processing rays...OK (0.000 s)
Capturing...OK (0.000 s)
-----------------------------------------------------------------------
Refining channels...
FYI: CNarrowChannelRefiner::RefineChannels_PRLL
Refinement input: 46352 bricks
Setting regions...OK (0.002 s)
Refinement result: 46800 bricks (0.010 s)
Collecting and processing rays...OK (0.004 s)
Capturing...OK (0.001 s)
FYI: m_iteration_count = 0
FYI: level1 statistics:
     level1_cnt_plus[1]=512;		level1_cnt_minus[1]=0
     level1_cnt_plus[2]=0;		level1_cnt_minus[2]=0
     level1_cnt_plus[3]=0;		level1_cnt_minus[3]=0
     level1_cnt_plus[4]=0;		level1_cnt_minus[4]=0
     level1_cnt_plus[5]=0;		level1_cnt_minus[5]=0
     level1_cnt_plus[6]=0;		level1_cnt_minus[6]=0
     level1_cnt_plus[7]=0;		level1_cnt_minus[7]=0
     level1_cnt_plus[8]=0;		level1_cnt_minus[8]=0
     level1_cnt_plus[9]=0;		level1_cnt_minus[9]=0
FYI: m_iteration_count = 1
FYI: level1 statistics:
     level1_cnt_plus[1]=512;		level1_cnt_minus[1]=0
     level1_cnt_plus[2]=0;		level1_cnt_minus[2]=0
     level1_cnt_plus[3]=0;		level1_cnt_minus[3]=0
     level1_cnt_plus[4]=0;		level1_cnt_minus[4]=0
     level1_cnt_plus[5]=0;		level1_cnt_minus[5]=0
     level1_cnt_plus[6]=0;		level1_cnt_minus[6]=0
     level1_cnt_plus[7]=0;		level1_cnt_minus[7]=0
     level1_cnt_plus[8]=0;		level1_cnt_minus[8]=0
     level1_cnt_plus[9]=0;		level1_cnt_minus[9]=0
FYI: level1 statistics:
     level1_cnt_plus[1]=512;		level1_cnt_minus[1]=0
     level1_cnt_plus[2]=0;		level1_cnt_minus[2]=0
     level1_cnt_plus[3]=0;		level1_cnt_minus[3]=0
     level1_cnt_plus[4]=0;		level1_cnt_minus[4]=0
     level1_cnt_plus[5]=0;		level1_cnt_minus[5]=0
     level1_cnt_plus[6]=0;		level1_cnt_minus[6]=0
     level1_cnt_plus[7]=0;		level1_cnt_minus[7]=0
     level1_cnt_plus[8]=0;		level1_cnt_minus[8]=0
     level1_cnt_plus[9]=0;		level1_cnt_minus[9]=0

-----------------------------------------------------------------------
U-shapes refinement...
Refinement input: 46800 bricks
Refinement result: 46800 bricks (0.009 s)
Collecting and processing rays...OK (0.001 s)
Capturing...OK (0.000 s)
-----------------------------------------------------------------------

-----------------------------------------------------------------------
Equi Distant Refiner:
Equi Distant Refiner takes 0.00 s
-----------------------------------------------------------------------
Building geometry takes 0.132 s
Geometry Fluid.0.
Total		46800
Partial	440
Fluid		46252
Solid		108
Bad		0

/-Ray Intersection---------------/ Time	0.001 s
Calls			4326
CorrectRay Calls	0



-----------------------------------------------------------------------
Building geometries takes 0.134 s
-----------------------------------------------------------------------

-----------------------------------------------------------------------
PostBuilding geometries:
-----------------------------------------------------------------------
PostBuilding body-set (0) geometry Fluid.0. (0)...
Collecting and processing rays...OK (0.001 s)
Capturing...OK (0.000 s)
PostBuilding geometry takes 0.002 s
Geometry Fluid.0.
Total		46800
Partial	440
Fluid		46252
Solid		108
Bad		0

-----------------------------------------------------------------------
PostBuilding geometries takes 0.004 s
-----------------------------------------------------------------------
Defect ray count	0
FYI: CNarrowChannelRefiner::RedistributeLevel1_step_1: is finished
FYI: level1 statistics:
     level1_cnt_plus[1]=512;		level1_cnt_minus[1]=0
     level1_cnt_plus[2]=0;		level1_cnt_minus[2]=0
     level1_cnt_plus[3]=0;		level1_cnt_minus[3]=0
     level1_cnt_plus[4]=0;		level1_cnt_minus[4]=0
     level1_cnt_plus[5]=0;		level1_cnt_minus[5]=0
     level1_cnt_plus[6]=0;		level1_cnt_minus[6]=0
     level1_cnt_plus[7]=0;		level1_cnt_minus[7]=0
     level1_cnt_plus[8]=0;		level1_cnt_minus[8]=0
     level1_cnt_plus[9]=0;		level1_cnt_minus[9]=0
FYI: CNarrowChannelRefiner::RedistributeLevel1_step_2: is started
FYI: CNarrowChannelRefiner::RedistributeLevel1_step_2: is finished
FYI: level1 statistics:
     level1_cnt_plus[1]=572;		level1_cnt_minus[1]=0
     level1_cnt_plus[2]=0;		level1_cnt_minus[2]=0
     level1_cnt_plus[3]=0;		level1_cnt_minus[3]=0
     level1_cnt_plus[4]=0;		level1_cnt_minus[4]=0
     level1_cnt_plus[5]=0;		level1_cnt_minus[5]=0
     level1_cnt_plus[6]=0;		level1_cnt_minus[6]=0
     level1_cnt_plus[7]=0;		level1_cnt_minus[7]=0
     level1_cnt_plus[8]=0;		level1_cnt_minus[8]=0
     level1_cnt_plus[9]=0;		level1_cnt_minus[9]=0
FYI: CNarrowChannelRefiner::RedistributeLevel1_step_3: is started
FYI: CNarrowChannelRefiner::RedistributeLevel1_step_3: is finished
RedistributeLevel1 takes:
FYI: level1 statistics:
     level1_cnt_plus[1]=572;		level1_cnt_minus[1]=68
     level1_cnt_plus[2]=0;		level1_cnt_minus[2]=0
     level1_cnt_plus[3]=0;		level1_cnt_minus[3]=0
     level1_cnt_plus[4]=0;		level1_cnt_minus[4]=0
     level1_cnt_plus[5]=0;		level1_cnt_minus[5]=0
     level1_cnt_plus[6]=0;		level1_cnt_minus[6]=0
     level1_cnt_plus[7]=0;		level1_cnt_minus[7]=0
     level1_cnt_plus[8]=0;		level1_cnt_minus[8]=0
     level1_cnt_plus[9]=0;		level1_cnt_minus[9]=0
-----------------------------------------------------------------------
MSH format builder (Iteration 0)
-----------------------------------------------------------------------
Memory Working Set Current = 29.68 Mb, Memory Working Set Peak = 32.86 Mb
Process Threads Number: 13
-----------------------------------------------------------------------
Loading geometries triangulation & x-stacks...OK
x-stacks size = 0.07 Mb
Total bricks count: 46800
-----------------------------------------------------------------------
MSH (Real Geometry) format constructor:
	Getting brick sets...OK (0.002 s)
	Min x-stack xeps = 0.0508
	D / dh / eps [axis=0] = (5.74904, 0.0580917, 5.80917e-05)
	D / dh / eps [axis=1] = (5.6007, 0.0689673, 6.89673e-05)
	D / dh / eps [axis=2] = (7.15924, 0.0614558, 6.14558e-05)
	Time (xeps): 0.001 s
Level 1
	Set (0)  size: 320
	Set (0)  time: 0.008 s
	Set (1)  size: 320
	Set (1)  time: 0.004 s
Level 0
	Set (0)  size: 23080
	Set (0)  time: 0.015 s
	Set (1)  size: 23080
	Set (1)  time: 0.013 s
Result:
	Bricks number:                        46800

	Memory usage:                         0.613 MB
	Memory usage (per brick):             0.013 KB
	Construction time:                    0.046 s

	Topology features:
	------------------
	- High quality bricks                 100.00 % (46800)
	- Medium quality bricks                 0.00 % (0)
	- Bad quality bricks                    0.00 % (0)
	- Ribs corrected bricks                 0.00 % (0)
	- Points with geom-info (bricks)        0.00 % (0)
	- Points with closest-info (bricks)     0.00 % (0)
	- Triangulated by center (bricks)       0.00 % (0)
	- Facet w-faces mergings (bricks)       0.00 % (0)
	- To refine (bricks)                    0.00 % (0)

-----------------------------------------------------------------------
Memory Working Set Current = 38.27 Mb, Memory Working Set Peak = 38.27 Mb
Process Threads Number: 13
-----------------------------------------------------------------------
-----------------------------------------------------------------------
-----------------------------------------------------------------------
MSH --> BCF format (Iteration 0)...
BCF collector...(remove mode=0)
	Time (alloc counter per brick): 0.001 s
	Brick    count: 46800
	Av.f all count: 46712
	Av.s all count: 572
	Av.f pid count: 484
	Av.s pid count: 464
	Faces fs count: 816
	Faces ff count: 0
	Faces ss count: 0
	Faces bb count: 0
	Faces fe count: 7752
	Faces se count: 0
	Faces fw count: 8568
	Faces af count: 136244
	Faces as count: 1512
	Time (all count): 	0.005 s
	Time (bcf alloc): 	0.001 s
	Time (shifts alloc): 	0.002 s
	Time (shifts init): 	0.002 s
	Time (bcf fill): 	0.010 s
	Time (add av to faces): 0.000 s
	Time (add faces to av): 0.004 s
Time (bcf collect): 		0.026 s
	AV checker...
	Time (check av): 	0.021 s
	Subdomain checker...
		Subdomains construction time: 0.011 s.
		Subdomains sort time: 0.000 s.
			Subdomain 0 (geom_ind=0): 46712 av
			Subdomain 1 (geom_ind=1): 572 av
		gi: 0, subdomains: 1, real bodies: 1
		gi: 1, subdomains: 1, real bodies: 0
		Defect subdomains: 0
	Time (check subdoms): 	0.012 s
Time (bcf iteration total): 	0.060 s
	Time (fw-nb): 		0.001 s
	Fixed mutual fw-nb:     820 (bb: 0)
	Time (fw-nb mutual): 	0.001 s
	Time (fw-nb sort): 	0.000 s
	Time (fw-nb): 		0.007 s
	Fixed mutual fw-nb:     17182 (bb: 0)
	Time (fw-nb mutual): 	0.002 s
	Time (fw-nb sort): 	0.001 s
	Time (rfd fix): 	0.000 s
	Time (av convexity): 	0.001 s
	Time (av small volume): 0.000 s
	Time (diagonal fw-nb): 	0.014 s
	Fixed mutual fw-nb:     0 (bb: 0)
	Time (fw-nb mutual): 	0.001 s
	Time (fw-nb sort): 	0.000 s
	Fluid subdomains: 1
	Faces fw-nb diff sd:    0
	Time (fw-nb diff sd): 	0.012 s
Time (bcf calc): 		0.048 s
-----------------------------------------------------------------------
Time (bcf total): 		0.108 s
-----------------------------------------------------------------------
-----------------------------------------------------------------------
Mega-cv constructor for fluid...
	 0 av's is treated as thin
Relative size generator (threshold = 0.05)...
	Iteration 1 (small cluster count = 0)
	 0 mega-cv's generated
	 0 mega-cv's removed
Relative size generator is completed OK (0.005 s)
Apply fa-rules to mega-cv clusters fixes...
OK (0.000 s)
Convert clusters:
	 0 mega-cv's total
Mega-cv count: 0
Time (mega-cv fill): 	0.000 s
Time (mega-cv total): 	0.018 s
-----------------------------------------------------------------------
Mixing plane rotation regions: NO.
Sliding mesh rotation regions: NO.
Fluid/fluid faces: NO.
----------------------------------------------------------
BCF --> BCF.GEOMSUBDOM (bridge arrays):
MESH (0):
	Fluid Subdom Constructor: 1 subdom(s).
	Solid Subdom Constructor: 1 subdom(s).
	Net Asm Subdom Constructor: 0 subdom(s).
	GEOMSUBDOM (0): gi=0 fluid av=46712 cv=46712 fa=136244 fb=0 fw=8568 V=2.302219e+02
	Cache data...OK
	GEOMSUBDOM (1): gi=1 solid av=572 cv=572 fa=1512 fb=0 fw=816 V=2.959311e-01
	Cache data...OK
	Setting nb of w-faces...OK (0.004 s).
	Correcting nb of w-faces...
	Time(correct_fw_nb)=0.004 s

MESH (0) checking:
	GEOMSUBDOM (0):fa_s=3932.9753326324089358 fb_s=0.0000000000000000 fw_s=230.7610525414879419 fw_nb=68404
	              :d_const(29099)=5.56358e-16 d_linear(29099)=2.17876e-14
	GEOMSUBDOM (1):fa_s=8.0900666553137164 fb_s=0.0000000000000000 fw_s=3.8527419719200000 fw_nb=6412
	              :d_const(115)=1.12336e-15 d_linear(225)=2.04806e-14
MESH (0) checking: OK.
Time (MDS): 	0.129 s
----------------------------------------------------------

-----------------------------------------------------------------------
BCF CHECKSUM DATA (Mesh 0):

BRICK |Level1| Sum:               640
FACE_A Area Sum:   G.Fluid        3932.9753326324098452
FACE_A Area Sum:   G.Solid        8.0900666553137146
FACE_W Area Sum:                  230.7610525414879703
FACE_W Nb   Sum:                  68404
FACE_W min curvatures sum:        -0.00000000
FACE_W max curvatures sum:        0.00000000
AV Max Disbalance(Const) :        1.12336e-15 (cid=15760, t={30, 36, 26}, avid=46747, pid=35)
AV Max Disbalance(Linear):        2.17876e-14 (cid=22969, t={37, 35, 38}, avid=22878, pid=417)
-----------------------------------------------------------------------


-----------------------------------------------------------------------
MESHER TOPOLOGY DATA:

BRICKS: Total                 46800
BRICKS: 1-CV                  46336
BRICKS: 2-CV                  444
BRICKS: 3-CV                  20
BRICKS: Bad                   0

AV:     G.Total               47284
AV:     G.Fluid               46712
AV:     G.Solid               572

AV:     G.Fluid Thin Profile    0.00 % (0)
AV:     G.Solid Thin Profile    3.50 % (20)

AV:     G.Fluid Thin For Mega   0.00 % (0)
AV:     G.Solid Thin For Mega   1.75 % (10)

AV:     G.Fluid Non-Convex      0.39 % (182)
AV:     G.Solid Non-Convex     18.18 % (104)

AV:     G.Fluid Non-Ess-Convex      0.39 % (182)
AV:     G.Solid Non-Ess-Convex     18.18 % (104)

FACE_A: G.Fluid          (af) 136244 (partially opened 986)
FACE_A: G.Solid          (as) 1512 (partially opened 944)

FACE_B: G.Total          (b)  0

FACE_W: G.Total                 8568        Brick/Bound
FACE_W: G.Fluid/Solid    (fs_g) 816         0           
FACE_W: G.Fluid/Fluid    (ff_g) 0           0           
FACE_W: G.Solid/Solid    (ss_g) 0           0           
FACE_W: G.Fluid/External (fe_g) 7752
FACE_W: G.Solid/External (se_g) 0

AV/CV max fa count (on brick side):4
AV/CV max fw count:                4
AV/CV max fb count:                0
AV/CV max fw poly count:           4

MEMORY: Total                   14.319 MB
MEMORY: Per Brick               0.313 KB
-----------------------------------------------------------------------

-----------------------------------------------------------------------
Connectivities information:
	Number of conns: 0
-----------------------------------------------------------------------
	Time (gap size): 	0.003 s
-----------------------------------------------------------------------
Calculating curvature and tolerance criteria...
Curvature: min=0 max=3.14159
Tolerance: min=0 max=0.0824372
Calculating curvature and tolerance criteria takes 0.004 s
-----------------------------------------------------------------------
MESH Build(FS) finished. Time=0.540 s
-----------------------------------------------------------------------
Current CPU = 0 sec

Nx=34
Ny=34
Nz=40
Max BRICK Level=1
Mesh Level=1
-----------------CModelBodies2MeshMapper::CollectData started -------------------------------
-----------------CModelBodies2MeshMapper Report -------------------------------
FluidDomains 1 SolidDomains 1 VoidDomains 0 
Domains RefIndexes
Domain 0, Index count 30
Domain 1, Index count 30
----------------- -------------------------------
	ModelBodies
Total resolved Bodies 0 BodySets 0

--------------------------------------------------------------------------
	Positive geometry Bodies
Total resolved Bodies 1 BodySets 1
BodySet 0
	Bodies list:
			#0	Name: ;	ID: 99f37604-5a31-402c-b2c0-710944e164bf
	Domains list:		 0 

--------------------------------------------------------------------------
	Fluid regions
Total resolved Bodies 1 BodySets 1
BodySet 0	Material: Water; 
	Bodies list:
			#0	Name: ;	ID: 99f37604-5a31-402c-b2c0-710944e164bf
	Domains list:		 0 

--------------------------------------------------------------------------
-----------------CModelBodies2MeshMapper::CollectData finished successfully-------------------
Saving initial mesh in: C:\Users\acastrillon\Documents\GrabCAD\SUBJUGATOR\Subjugator 8 CAD\CFD Simulations\3\3.fld .
Storing results...
Estimated CPT size=5.230 MB.
	Time (write bcf): 0.137 s
OK
-----------------------------------------------------------------------
Memory Working Set Current = 69.20 Mb, Memory Working Set Peak = 69.21 Mb
Process Threads Number: 13
-----------------------------------------------------------------------
Cleaning memory...
		Time (free xsl):                    	0.000 s
Free Geometry DB takes 0.000 s
	Time (free bcf): 	0.008 s
		Time (free bcf mesh):               	0.021 s
	Time (free mesher data):              	0.021 s
Copying... OK
Mesh generation normally finished at	14.4.2021	11:29:22
Mesher CPU = 1 sec
Mesher is finished at	14.4.2021	11:29:22
-----------------------------------------------------------------------
Memory Working Set Current = 26.14 Mb, Memory Working Set Peak = 69.63 Mb
Process Threads Number: 13
-----------------------------------------------------------------------
Algebra Pool      : mem_usage = 1.38 Mb, allocated count = 0
Log ended at 14.04.2021	11:29:22
