


          SolidWorks Corporation - STEP Processor Error Log
          ______________________________________________________

                       STEP Post Processor
                       ___________________


STEP File Name: C:\Users\ktran\Dropbox\SubjuGator 8\CAD\Stock Components\Motherboards\WM9003-ND 87715-9306_stp\877159306.stp


#561424: TRIMMED_CURVE: Forcing parameter scale to radians,		start: 0 end: 180
#561431: TRIMMED_CURVE: Forcing parameter scale to radians,		start: 0 end: 180
#561440: TRIMMED_CURVE: Forcing parameter scale to radians,		start: 0 end: 180
#561447: TRIMMED_CURVE: Forcing parameter scale to radians,		start: 0 end: 180
#561455: TRIMMED_CURVE: Forcing parameter scale to radians,		start: 0 end: 180
#561462: TRIMMED_CURVE: Forcing parameter scale to radians,		start: 0 end: 180
#561470: TRIMMED_CURVE: Forcing parameter scale to radians,		start: 0 end: 180
#561477: TRIMMED_CURVE: Forcing parameter scale to radians,		start: 0 end: 180
#561485: TRIMMED_CURVE: Forcing parameter scale to radians,		start: 0 end: 180
#561492: TRIMMED_CURVE: Forcing parameter scale to radians,		start: 0 end: 180
#561500: TRIMMED_CURVE: Forcing parameter scale to radians,		start: 0 end: 180
#561507: TRIMMED_CURVE: Forcing parameter scale to radians,		start: 0 end: 180
#561515: TRIMMED_CURVE: Forcing parameter scale to radians,		start: 0 end: 180
#561522: TRIMMED_CURVE: Forcing parameter scale to radians,		start: 0 end: 180
#561530: TRIMMED_CURVE: Forcing parameter scale to radians,		start: 0 end: 180
#561537: TRIMMED_CURVE: Forcing parameter scale to radians,		start: 0 end: 180
#561545: TRIMMED_CURVE: Forcing parameter scale to radians,		start: 0 end: 180
#561552: TRIMMED_CURVE: Forcing parameter scale to radians,		start: 0 end: 180
#561560: TRIMMED_CURVE: Forcing parameter scale to radians,		start: 0 end: 180
#561567: TRIMMED_CURVE: Forcing parameter scale to radians,		start: 0 end: 180
#561575: TRIMMED_CURVE: Forcing parameter scale to radians,		start: 0 end: 180
#561582: TRIMMED_CURVE: Forcing parameter scale to radians,		start: 0 end: 180
#561590: TRIMMED_CURVE: Forcing parameter scale to radians,		start: 0 end: 180
#561597: TRIMMED_CURVE: Forcing parameter scale to radians,		start: 0 end: 180
#561605: TRIMMED_CURVE: Forcing parameter scale to radians,		start: 0 end: 180
#561612: TRIMMED_CURVE: Forcing parameter scale to radians,		start: 0 end: 180
#561620: TRIMMED_CURVE: Forcing parameter scale to radians,		start: 0 end: 180
#561627: TRIMMED_CURVE: Forcing parameter scale to radians,		start: 0 end: 180
#561635: TRIMMED_CURVE: Forcing parameter scale to radians,		start: 0 end: 180
#561642: TRIMMED_CURVE: Forcing parameter scale to radians,		start: 0 end: 180
#561650: TRIMMED_CURVE: Forcing parameter scale to radians,		start: 0 end: 180
#561657: TRIMMED_CURVE: Forcing parameter scale to radians,		start: 0 end: 180
#561665: TRIMMED_CURVE: Forcing parameter scale to radians,		start: 0 end: 180
#561672: TRIMMED_CURVE: Forcing parameter scale to radians,		start: 0 end: 180
#561680: TRIMMED_CURVE: Forcing parameter scale to radians,		start: 0 end: 180
#561687: TRIMMED_CURVE: Forcing parameter scale to radians,		start: 0 end: 180
#561695: TRIMMED_CURVE: Forcing parameter scale to radians,		start: 0 end: 180
#561702: TRIMMED_CURVE: Forcing parameter scale to radians,		start: 0 end: 180
#561710: TRIMMED_CURVE: Forcing parameter scale to radians,		start: 0 end: 180
#561717: TRIMMED_CURVE: Forcing parameter scale to radians,		start: 0 end: 180
#561725: TRIMMED_CURVE: Forcing parameter scale to radians,		start: 0 end: 180
#561732: TRIMMED_CURVE: Forcing parameter scale to radians,		start: 0 end: 180
#561740: TRIMMED_CURVE: Forcing parameter scale to radians,		start: 0 end: 180
#561747: TRIMMED_CURVE: Forcing parameter scale to radians,		start: 0 end: 180
#561755: TRIMMED_CURVE: Forcing parameter scale to radians,		start: 0 end: 180
#561762: TRIMMED_CURVE: Forcing parameter scale to radians,		start: 0 end: 180
#561770: TRIMMED_CURVE: Forcing parameter scale to radians,		start: 0 end: 180
#561777: TRIMMED_CURVE: Forcing parameter scale to radians,		start: 0 end: 180
#561785: TRIMMED_CURVE: Forcing parameter scale to radians,		start: 0 end: 180
#561792: TRIMMED_CURVE: Forcing parameter scale to radians,		start: 0 end: 180
#561800: TRIMMED_CURVE: Forcing parameter scale to radians,		start: 0 end: 180
#561807: TRIMMED_CURVE: Forcing parameter scale to radians,		start: 0 end: 180
#561815: TRIMMED_CURVE: Forcing parameter scale to radians,		start: 0 end: 180
#561822: TRIMMED_CURVE: Forcing parameter scale to radians,		start: 0 end: 180
#561830: TRIMMED_CURVE: Forcing parameter scale to radians,		start: 0 end: 180
#561837: TRIMMED_CURVE: Forcing parameter scale to radians,		start: 0 end: 180
#561845: TRIMMED_CURVE: Forcing parameter scale to radians,		start: 0 end: 180
#561852: TRIMMED_CURVE: Forcing parameter scale to radians,		start: 0 end: 180
#561860: TRIMMED_CURVE: Forcing parameter scale to radians,		start: 0 end: 180
#561867: TRIMMED_CURVE: Forcing parameter scale to radians,		start: 0 end: 180
#561875: TRIMMED_CURVE: Forcing parameter scale to radians,		start: 0 end: 180
#561882: TRIMMED_CURVE: Forcing parameter scale to radians,		start: 0 end: 180
#561890: TRIMMED_CURVE: Forcing parameter scale to radians,		start: 0 end: 180
#561897: TRIMMED_CURVE: Forcing parameter scale to radians,		start: 0 end: 180
#561905: TRIMMED_CURVE: Forcing parameter scale to radians,		start: 0 end: 180
#561912: TRIMMED_CURVE: Forcing parameter scale to radians,		start: 0 end: 180
#561920: TRIMMED_CURVE: Forcing parameter scale to radians,		start: 0 end: 180
#561927: TRIMMED_CURVE: Forcing parameter scale to radians,		start: 0 end: 180
#561935: TRIMMED_CURVE: Forcing parameter scale to radians,		start: 0 end: 180
#561942: TRIMMED_CURVE: Forcing parameter scale to radians,		start: 0 end: 180
#561950: TRIMMED_CURVE: Forcing parameter scale to radians,		start: 0 end: 180
#561957: TRIMMED_CURVE: Forcing parameter scale to radians,		start: 0 end: 180
#561965: TRIMMED_CURVE: Forcing parameter scale to radians,		start: 0 end: 180
#561972: TRIMMED_CURVE: Forcing parameter scale to radians,		start: 0 end: 180
#561980: TRIMMED_CURVE: Forcing parameter scale to radians,		start: 0 end: 180
#561987: TRIMMED_CURVE: Forcing parameter scale to radians,		start: 0 end: 180
#561995: TRIMMED_CURVE: Forcing parameter scale to radians,		start: 0 end: 180
#562002: TRIMMED_CURVE: Forcing parameter scale to radians,		start: 0 end: 180
#562010: TRIMMED_CURVE: Forcing parameter scale to radians,		start: 0 end: 180
#562017: TRIMMED_CURVE: Forcing parameter scale to radians,		start: 0 end: 180
#562025: TRIMMED_CURVE: Forcing parameter scale to radians,		start: 0 end: 180
#562032: TRIMMED_CURVE: Forcing parameter scale to radians,		start: 0 end: 180
#562040: TRIMMED_CURVE: Forcing parameter scale to radians,		start: 0 end: 180
#562047: TRIMMED_CURVE: Forcing parameter scale to radians,		start: 0 end: 180
#562055: TRIMMED_CURVE: Forcing parameter scale to radians,		start: 0 end: 180
#562062: TRIMMED_CURVE: Forcing parameter scale to radians,		start: 0 end: 180
#562070: TRIMMED_CURVE: Forcing parameter scale to radians,		start: 0 end: 180
#562077: TRIMMED_CURVE: Forcing parameter scale to radians,		start: 0 end: 180
#562085: TRIMMED_CURVE: Forcing parameter scale to radians,		start: 0 end: 180
#562092: TRIMMED_CURVE: Forcing parameter scale to radians,		start: 0 end: 180
#562100: TRIMMED_CURVE: Forcing parameter scale to radians,		start: 0 end: 180
#562107: TRIMMED_CURVE: Forcing parameter scale to radians,		start: 0 end: 180
#562115: TRIMMED_CURVE: Forcing parameter scale to radians,		start: 0 end: 180
#562122: TRIMMED_CURVE: Forcing parameter scale to radians,		start: 0 end: 180
#562130: TRIMMED_CURVE: Forcing parameter scale to radians,		start: 0 end: 180
#562137: TRIMMED_CURVE: Forcing parameter scale to radians,		start: 0 end: 180
#562145: TRIMMED_CURVE: Forcing parameter scale to radians,		start: 0 end: 180
#562152: TRIMMED_CURVE: Forcing parameter scale to radians,		start: 0 end: 180
#562160: TRIMMED_CURVE: Forcing parameter scale to radians,		start: 0 end: 180
#562167: TRIMMED_CURVE: Forcing parameter scale to radians,		start: 0 end: 180
#562175: TRIMMED_CURVE: Forcing parameter scale to radians,		start: 0 end: 180
#562182: TRIMMED_CURVE: Forcing parameter scale to radians,		start: 0 end: 180
#562190: TRIMMED_CURVE: Forcing parameter scale to radians,		start: 0 end: 180
#562197: TRIMMED_CURVE: Forcing parameter scale to radians,		start: 0 end: 180
#562205: TRIMMED_CURVE: Forcing parameter scale to radians,		start: 0 end: 180
#562212: TRIMMED_CURVE: Forcing parameter scale to radians,		start: 0 end: 180
#562220: TRIMMED_CURVE: Forcing parameter scale to radians,		start: 0 end: 180
#562227: TRIMMED_CURVE: Forcing parameter scale to radians,		start: 0 end: 180
#562235: TRIMMED_CURVE: Forcing parameter scale to radians,		start: 0 end: 180
#562242: TRIMMED_CURVE: Forcing parameter scale to radians,		start: 0 end: 180
#562250: TRIMMED_CURVE: Forcing parameter scale to radians,		start: 0 end: 180
#562257: TRIMMED_CURVE: Forcing parameter scale to radians,		start: 0 end: 180
#562265: TRIMMED_CURVE: Forcing parameter scale to radians,		start: 0 end: 180
#562272: TRIMMED_CURVE: Forcing parameter scale to radians,		start: 0 end: 180
#562280: TRIMMED_CURVE: Forcing parameter scale to radians,		start: 0 end: 180
#562287: TRIMMED_CURVE: Forcing parameter scale to radians,		start: 0 end: 180
#562295: TRIMMED_CURVE: Forcing parameter scale to radians,		start: 0 end: 180
#562302: TRIMMED_CURVE: Forcing parameter scale to radians,		start: 0 end: 180
#562310: TRIMMED_CURVE: Forcing parameter scale to radians,		start: 0 end: 180
#562317: TRIMMED_CURVE: Forcing parameter scale to radians,		start: 0 end: 180
#562325: TRIMMED_CURVE: Forcing parameter scale to radians,		start: 0 end: 180
#562332: TRIMMED_CURVE: Forcing parameter scale to radians,		start: 0 end: 180
#562340: TRIMMED_CURVE: Forcing parameter scale to radians,		start: 0 end: 180
#562347: TRIMMED_CURVE: Forcing parameter scale to radians,		start: 0 end: 180
#562355: TRIMMED_CURVE: Forcing parameter scale to radians,		start: 0 end: 180
#562362: TRIMMED_CURVE: Forcing parameter scale to radians,		start: 0 end: 180
#562370: TRIMMED_CURVE: Forcing parameter scale to radians,		start: 0 end: 180
#562377: TRIMMED_CURVE: Forcing parameter scale to radians,		start: 0 end: 180
#562385: TRIMMED_CURVE: Forcing parameter scale to radians,		start: 0 end: 180
#562392: TRIMMED_CURVE: Forcing parameter scale to radians,		start: 0 end: 180
#562400: TRIMMED_CURVE: Forcing parameter scale to radians,		start: 0 end: 180
#562407: TRIMMED_CURVE: Forcing parameter scale to radians,		start: 0 end: 180
#562415: TRIMMED_CURVE: Forcing parameter scale to radians,		start: 0 end: 180
#562422: TRIMMED_CURVE: Forcing parameter scale to radians,		start: 0 end: 180
#562430: TRIMMED_CURVE: Forcing parameter scale to radians,		start: 0 end: 180
#562437: TRIMMED_CURVE: Forcing parameter scale to radians,		start: 0 end: 180
#562445: TRIMMED_CURVE: Forcing parameter scale to radians,		start: 0 end: 180
#562452: TRIMMED_CURVE: Forcing parameter scale to radians,		start: 0 end: 180
#562460: TRIMMED_CURVE: Forcing parameter scale to radians,		start: 0 end: 180
#562467: TRIMMED_CURVE: Forcing parameter scale to radians,		start: 0 end: 180
#562475: TRIMMED_CURVE: Forcing parameter scale to radians,		start: 0 end: 180
#562482: TRIMMED_CURVE: Forcing parameter scale to radians,		start: 0 end: 180
#562490: TRIMMED_CURVE: Forcing parameter scale to radians,		start: 0 end: 180
#562497: TRIMMED_CURVE: Forcing parameter scale to radians,		start: 0 end: 180
#562505: TRIMMED_CURVE: Forcing parameter scale to radians,		start: 0 end: 180
#562512: TRIMMED_CURVE: Forcing parameter scale to radians,		start: 0 end: 180
#562520: TRIMMED_CURVE: Forcing parameter scale to radians,		start: 0 end: 180
#562527: TRIMMED_CURVE: Forcing parameter scale to radians,		start: 0 end: 180
#562535: TRIMMED_CURVE: Forcing parameter scale to radians,		start: 0 end: 180
#562542: TRIMMED_CURVE: Forcing parameter scale to radians,		start: 0 end: 180
#562550: TRIMMED_CURVE: Forcing parameter scale to radians,		start: 0 end: 180
#562557: TRIMMED_CURVE: Forcing parameter scale to radians,		start: 0 end: 180
#562565: TRIMMED_CURVE: Forcing parameter scale to radians,		start: 0 end: 180
#562572: TRIMMED_CURVE: Forcing parameter scale to radians,		start: 0 end: 180
#562580: TRIMMED_CURVE: Forcing parameter scale to radians,		start: 0 end: 180
#562587: TRIMMED_CURVE: Forcing parameter scale to radians,		start: 0 end: 180
#562595: TRIMMED_CURVE: Forcing parameter scale to radians,		start: 0 end: 180
#562602: TRIMMED_CURVE: Forcing parameter scale to radians,		start: 0 end: 180
#562610: TRIMMED_CURVE: Forcing parameter scale to radians,		start: 0 end: 180
#562617: TRIMMED_CURVE: Forcing parameter scale to radians,		start: 0 end: 180
#562625: TRIMMED_CURVE: Forcing parameter scale to radians,		start: 0 end: 180
#562632: TRIMMED_CURVE: Forcing parameter scale to radians,		start: 0 end: 180
#562640: TRIMMED_CURVE: Forcing parameter scale to radians,		start: 0 end: 180
#562647: TRIMMED_CURVE: Forcing parameter scale to radians,		start: 0 end: 180
#562655: TRIMMED_CURVE: Forcing parameter scale to radians,		start: 0 end: 180
#562662: TRIMMED_CURVE: Forcing parameter scale to radians,		start: 0 end: 180
#562670: TRIMMED_CURVE: Forcing parameter scale to radians,		start: 0 end: 180
#562677: TRIMMED_CURVE: Forcing parameter scale to radians,		start: 0 end: 180
#562685: TRIMMED_CURVE: Forcing parameter scale to radians,		start: 0 end: 180
#562692: TRIMMED_CURVE: Forcing parameter scale to radians,		start: 0 end: 180
#562700: TRIMMED_CURVE: Forcing parameter scale to radians,		start: 0 end: 180
#562707: TRIMMED_CURVE: Forcing parameter scale to radians,		start: 0 end: 180
#562715: TRIMMED_CURVE: Forcing parameter scale to radians,		start: 0 end: 180
#562722: TRIMMED_CURVE: Forcing parameter scale to radians,		start: 0 end: 180
#562730: TRIMMED_CURVE: Forcing parameter scale to radians,		start: 0 end: 180
#562737: TRIMMED_CURVE: Forcing parameter scale to radians,		start: 0 end: 180
#562745: TRIMMED_CURVE: Forcing parameter scale to radians,		start: 0 end: 180
#562752: TRIMMED_CURVE: Forcing parameter scale to radians,		start: 0 end: 180
#562760: TRIMMED_CURVE: Forcing parameter scale to radians,		start: 0 end: 180
#562767: TRIMMED_CURVE: Forcing parameter scale to radians,		start: 0 end: 180
#562775: TRIMMED_CURVE: Forcing parameter scale to radians,		start: 0 end: 180
#562782: TRIMMED_CURVE: Forcing parameter scale to radians,		start: 0 end: 180
#562790: TRIMMED_CURVE: Forcing parameter scale to radians,		start: 0 end: 180
#562797: TRIMMED_CURVE: Forcing parameter scale to radians,		start: 0 end: 180
#562805: TRIMMED_CURVE: Forcing parameter scale to radians,		start: 0 end: 180
#562812: TRIMMED_CURVE: Forcing parameter scale to radians,		start: 0 end: 180
#562820: TRIMMED_CURVE: Forcing parameter scale to radians,		start: 0 end: 180
#562827: TRIMMED_CURVE: Forcing parameter scale to radians,		start: 0 end: 180
#562835: TRIMMED_CURVE: Forcing parameter scale to radians,		start: 0 end: 180
#562842: TRIMMED_CURVE: Forcing parameter scale to radians,		start: 0 end: 180
#562850: TRIMMED_CURVE: Forcing parameter scale to radians,		start: 0 end: 180
#562857: TRIMMED_CURVE: Forcing parameter scale to radians,		start: 0 end: 180
#562865: TRIMMED_CURVE: Forcing parameter scale to radians,		start: 0 end: 180
#562872: TRIMMED_CURVE: Forcing parameter scale to radians,		start: 0 end: 180
#562880: TRIMMED_CURVE: Forcing parameter scale to radians,		start: 0 end: 180
#562887: TRIMMED_CURVE: Forcing parameter scale to radians,		start: 0 end: 180
#562895: TRIMMED_CURVE: Forcing parameter scale to radians,		start: 0 end: 180
#562902: TRIMMED_CURVE: Forcing parameter scale to radians,		start: 0 end: 180
#562910: TRIMMED_CURVE: Forcing parameter scale to radians,		start: 0 end: 180
#562917: TRIMMED_CURVE: Forcing parameter scale to radians,		start: 0 end: 180
#562925: TRIMMED_CURVE: Forcing parameter scale to radians,		start: 0 end: 180
#562932: TRIMMED_CURVE: Forcing parameter scale to radians,		start: 0 end: 180
#562940: TRIMMED_CURVE: Forcing parameter scale to radians,		start: 0 end: 180
#562947: TRIMMED_CURVE: Forcing parameter scale to radians,		start: 0 end: 180
#562955: TRIMMED_CURVE: Forcing parameter scale to radians,		start: 0 end: 180
#562962: TRIMMED_CURVE: Forcing parameter scale to radians,		start: 0 end: 180
#562970: TRIMMED_CURVE: Forcing parameter scale to radians,		start: 0 end: 180
#562977: TRIMMED_CURVE: Forcing parameter scale to radians,		start: 0 end: 180
#562985: TRIMMED_CURVE: Forcing parameter scale to radians,		start: 0 end: 180
#562992: TRIMMED_CURVE: Forcing parameter scale to radians,		start: 0 end: 180
#563000: TRIMMED_CURVE: Forcing parameter scale to radians,		start: 0 end: 180
#563007: TRIMMED_CURVE: Forcing parameter scale to radians,		start: 0 end: 180
#563015: TRIMMED_CURVE: Forcing parameter scale to radians,		start: 0 end: 180
#563022: TRIMMED_CURVE: Forcing parameter scale to radians,		start: 0 end: 180
#563030: TRIMMED_CURVE: Forcing parameter scale to radians,		start: 0 end: 180
#563037: TRIMMED_CURVE: Forcing parameter scale to radians,		start: 0 end: 180
#563045: TRIMMED_CURVE: Forcing parameter scale to radians,		start: 0 end: 180
#563052: TRIMMED_CURVE: Forcing parameter scale to radians,		start: 0 end: 180
#563060: TRIMMED_CURVE: Forcing parameter scale to radians,		start: 0 end: 180
#563067: TRIMMED_CURVE: Forcing parameter scale to radians,		start: 0 end: 180
#563075: TRIMMED_CURVE: Forcing parameter scale to radians,		start: 0 end: 180
#563082: TRIMMED_CURVE: Forcing parameter scale to radians,		start: 0 end: 180
#563090: TRIMMED_CURVE: Forcing parameter scale to radians,		start: 0 end: 180
#563097: TRIMMED_CURVE: Forcing parameter scale to radians,		start: 0 end: 180
#563105: TRIMMED_CURVE: Forcing parameter scale to radians,		start: 0 end: 180
#563112: TRIMMED_CURVE: Forcing parameter scale to radians,		start: 0 end: 180
#563120: TRIMMED_CURVE: Forcing parameter scale to radians,		start: 0 end: 180
#563127: TRIMMED_CURVE: Forcing parameter scale to radians,		start: 0 end: 180
#563135: TRIMMED_CURVE: Forcing parameter scale to radians,		start: 0 end: 180
#563142: TRIMMED_CURVE: Forcing parameter scale to radians,		start: 0 end: 180
#563150: TRIMMED_CURVE: Forcing parameter scale to radians,		start: 0 end: 180
#563157: TRIMMED_CURVE: Forcing parameter scale to radians,		start: 0 end: 180
#563165: TRIMMED_CURVE: Forcing parameter scale to radians,		start: 0 end: 180
#563172: TRIMMED_CURVE: Forcing parameter scale to radians,		start: 0 end: 180
#563180: TRIMMED_CURVE: Forcing parameter scale to radians,		start: 0 end: 180
#563187: TRIMMED_CURVE: Forcing parameter scale to radians,		start: 0 end: 180
#563195: TRIMMED_CURVE: Forcing parameter scale to radians,		start: 0 end: 180
#563202: TRIMMED_CURVE: Forcing parameter scale to radians,		start: 0 end: 180
#563210: TRIMMED_CURVE: Forcing parameter scale to radians,		start: 0 end: 180
#563217: TRIMMED_CURVE: Forcing parameter scale to radians,		start: 0 end: 180
#563225: TRIMMED_CURVE: Forcing parameter scale to radians,		start: 0 end: 180
#563232: TRIMMED_CURVE: Forcing parameter scale to radians,		start: 0 end: 180
#563240: TRIMMED_CURVE: Forcing parameter scale to radians,		start: 0 end: 180
#563247: TRIMMED_CURVE: Forcing parameter scale to radians,		start: 0 end: 180
#563255: TRIMMED_CURVE: Forcing parameter scale to radians,		start: 0 end: 180
#563262: TRIMMED_CURVE: Forcing parameter scale to radians,		start: 0 end: 180
#563270: TRIMMED_CURVE: Forcing parameter scale to radians,		start: 0 end: 180
#563277: TRIMMED_CURVE: Forcing parameter scale to radians,		start: 0 end: 180
#563285: TRIMMED_CURVE: Forcing parameter scale to radians,		start: 0 end: 180
#563292: TRIMMED_CURVE: Forcing parameter scale to radians,		start: 0 end: 180
#563300: TRIMMED_CURVE: Forcing parameter scale to radians,		start: 0 end: 180
#563307: TRIMMED_CURVE: Forcing parameter scale to radians,		start: 0 end: 180
#563315: TRIMMED_CURVE: Forcing parameter scale to radians,		start: 0 end: 180
#563322: TRIMMED_CURVE: Forcing parameter scale to radians,		start: 0 end: 180
#563330: TRIMMED_CURVE: Forcing parameter scale to radians,		start: 0 end: 180
#563337: TRIMMED_CURVE: Forcing parameter scale to radians,		start: 0 end: 180
#563345: TRIMMED_CURVE: Forcing parameter scale to radians,		start: 0 end: 180
#563352: TRIMMED_CURVE: Forcing parameter scale to radians,		start: 0 end: 180
#563360: TRIMMED_CURVE: Forcing parameter scale to radians,		start: 0 end: 180
#563367: TRIMMED_CURVE: Forcing parameter scale to radians,		start: 0 end: 180
#563375: TRIMMED_CURVE: Forcing parameter scale to radians,		start: 0 end: 180
#563382: TRIMMED_CURVE: Forcing parameter scale to radians,		start: 0 end: 180
#563390: TRIMMED_CURVE: Forcing parameter scale to radians,		start: 0 end: 180
#563397: TRIMMED_CURVE: Forcing parameter scale to radians,		start: 0 end: 180
#563405: TRIMMED_CURVE: Forcing parameter scale to radians,		start: 0 end: 180
#563412: TRIMMED_CURVE: Forcing parameter scale to radians,		start: 0 end: 180
#563420: TRIMMED_CURVE: Forcing parameter scale to radians,		start: 0 end: 180
#563427: TRIMMED_CURVE: Forcing parameter scale to radians,		start: 0 end: 180
#563435: TRIMMED_CURVE: Forcing parameter scale to radians,		start: 0 end: 180
#563442: TRIMMED_CURVE: Forcing parameter scale to radians,		start: 0 end: 180
#563450: TRIMMED_CURVE: Forcing parameter scale to radians,		start: 0 end: 180
#563457: TRIMMED_CURVE: Forcing parameter scale to radians,		start: 0 end: 180
#563465: TRIMMED_CURVE: Forcing parameter scale to radians,		start: 0 end: 180
#563472: TRIMMED_CURVE: Forcing parameter scale to radians,		start: 0 end: 180
#563480: TRIMMED_CURVE: Forcing parameter scale to radians,		start: 0 end: 180
#563487: TRIMMED_CURVE: Forcing parameter scale to radians,		start: 0 end: 180
#563495: TRIMMED_CURVE: Forcing parameter scale to radians,		start: 0 end: 180
#563502: TRIMMED_CURVE: Forcing parameter scale to radians,		start: 0 end: 180
#563510: TRIMMED_CURVE: Forcing parameter scale to radians,		start: 0 end: 180
#563517: TRIMMED_CURVE: Forcing parameter scale to radians,		start: 0 end: 180
#563525: TRIMMED_CURVE: Forcing parameter scale to radians,		start: 0 end: 180
#563532: TRIMMED_CURVE: Forcing parameter scale to radians,		start: 0 end: 180
#563540: TRIMMED_CURVE: Forcing parameter scale to radians,		start: 0 end: 180
#563547: TRIMMED_CURVE: Forcing parameter scale to radians,		start: 0 end: 180
#563555: TRIMMED_CURVE: Forcing parameter scale to radians,		start: 0 end: 180
#563562: TRIMMED_CURVE: Forcing parameter scale to radians,		start: 0 end: 180
#563570: TRIMMED_CURVE: Forcing parameter scale to radians,		start: 0 end: 180
#563577: TRIMMED_CURVE: Forcing parameter scale to radians,		start: 0 end: 180
#563585: TRIMMED_CURVE: Forcing parameter scale to radians,		start: 0 end: 180
#563592: TRIMMED_CURVE: Forcing parameter scale to radians,		start: 0 end: 180
#563600: TRIMMED_CURVE: Forcing parameter scale to radians,		start: 0 end: 180
#563607: TRIMMED_CURVE: Forcing parameter scale to radians,		start: 0 end: 180
#563615: TRIMMED_CURVE: Forcing parameter scale to radians,		start: 0 end: 180
#563622: TRIMMED_CURVE: Forcing parameter scale to radians,		start: 0 end: 180
#563630: TRIMMED_CURVE: Forcing parameter scale to radians,		start: 0 end: 180
#563637: TRIMMED_CURVE: Forcing parameter scale to radians,		start: 0 end: 180
#563645: TRIMMED_CURVE: Forcing parameter scale to radians,		start: 0 end: 180
#563652: TRIMMED_CURVE: Forcing parameter scale to radians,		start: 0 end: 180
#563660: TRIMMED_CURVE: Forcing parameter scale to radians,		start: 0 end: 180
#563667: TRIMMED_CURVE: Forcing parameter scale to radians,		start: 0 end: 180
#563675: TRIMMED_CURVE: Forcing parameter scale to radians,		start: 0 end: 180
#563682: TRIMMED_CURVE: Forcing parameter scale to radians,		start: 0 end: 180
#563690: TRIMMED_CURVE: Forcing parameter scale to radians,		start: 0 end: 180
#563697: TRIMMED_CURVE: Forcing parameter scale to radians,		start: 0 end: 180
#563705: TRIMMED_CURVE: Forcing parameter scale to radians,		start: 0 end: 180
#563712: TRIMMED_CURVE: Forcing parameter scale to radians,		start: 0 end: 180
#563720: TRIMMED_CURVE: Forcing parameter scale to radians