Log started at 10.04.2021	14:43:55
Number of used processors (NPROC): 4.
Number of mesh partitions (NPART): 4.
Total Physical Memory = 15.90 Gb, Available Physical Memory = 10.48 Gb
Computer name:	MIL-CAD-3
Operating system:	Windows 10 (or higher) (Version 10.0.19042)

SOLIDWORKS 2020 SP3.0
Flow Simulation 2020  x64 / 4921 / MESHER ver. efd_dev.4663_05.07.2019 

Project: C:\Users\acastrillon\Documents\GrabCAD\SUBJUGATOR\Subjugator 8 CAD\CFD Simulations\2\2.xmlconfig
Configuration name: Default
Project name: Drag Coef. y direction
NGK: OFF
MBO: OFF

Mesh generation started:	10.4.2021	14:43:55
-----------------------------------------------------------------------
Mesher option run = eRunMesherNormal
-----------------------------------------------------------------------
Current CPU = 0 sec
-----------------------------------------------------------------------
Geometries initialization:
-----------------------------------------------------------------------
Loading mesh settings (global/local)...
-----------------------------------------------------------------------
Number of geometries from DB: 1
Geometry(0):
	Guid = {00000000-0000-0000-0000-000000000000}
	Fluid..
	1 Body.
	1 Real body.
	-- Bodyset 0 --
		Tolerance=0.000148266.
		28 Face(s).
			28 of b-spline type.
		0 Face(s) that have no ref faces
		27 Plane surface(s).
		1 Cylinder surface(s).
		304 Triangle(s).
		Getting triangle connectivities from DB: 0.000 s
		78 Edge(s).
			78 of b-spline type.
		BodyGeom reading: 0.006 s.
		28 Reference Face(s).
		304 Reference Triangles.
		Getting triangle connectivities from DB (Ref): 0.000 s
		BodyGeom Ref reading: 0.000 s.
		Getting triangle connectivities from DB (Extra Triangulation): 0.000 s
Geometry(1):
	Solid.
	-- Bodyset 1 --
	Empty
-----------------------------------------------------------------------
Number of geometries in task: 2
Number of bodysets   in task: 2
-----------------------------------------------------------------------
	Making hash and connectivity for Bodyset ...
		CBodyGeom:
		Hash size: {32, 32, 39}.
		Mesh size: {32, 32, 39}.
		Hashing triangles...Ok.
			axis(0) tr sizes: average=8 max=91
			axis(1) tr sizes: average=7 max=62
			axis(2) tr sizes: average=4 max=64
		Number of t-connected sets:1
			(0) size=304
		Done.
		CBodyGeomRef:
		Hashing triangles...Ok.
			axis(0) tr sizes: average=8 max=91
			axis(1) tr sizes: average=7 max=62
			axis(2) tr sizes: average=4 max=64
		Done.
	0.00529 s.
Geometries reading and preparing has taken 0.017 s.

Mapped triangles:
Hashing geometries triangles
	Triangles num=304
	Triangles box={-0.137136  ,0.8128  ,-0.121158  ,0.74676  ,0  ,0.7366  }
		3d-hash size is 166088 bytes
Hashing peculiar surfaces triangles
Mapped triangles processed in 0.007 s.
-----------------------------------------------------------------------
Getting sectors:
Number of sectors: 0
-----------------------------------------------------------------------
-----------------------------------------------------------------------

Current CPU = 0 sec

-----------------------------------------------------------------------
Mesh dimensions:
				I[0 ]=32
				I[1 ]=32
				I[2 ]=39

Comp. domain size:
				a[0  ]=-2.74091
				a[1  ]=3.41655
				a[2  ]=-2.72491
				a[3  ]=3.35051
				a[4  ]=-2.60375
				a[5  ]=5.07619

Fluid calculated			1
Solid calculated			0
-----------------------------------------------------------------------
MESH Build started...
-----------------------------------------------------------------------
Mesh LEVEL = 1
-----------------------------------------------------------------------
Setting regions...OK (0.001 s)
Base mesh info------------------
	2D flag  =0
	Period   =[0, 0, 0]
	Nx=32
		x[0]=-2.74091
		x[1]=-2.47542
		x[2]=-2.22273
		x[3]=-1.98215
		x[4]=-1.75311
		x[5]=-1.53504
		x[6]=-1.32743
		x[7]=-1.12977
		x[8]=-0.94158
		x[9]=-0.762415
		x[10]=-0.591837
		x[11]=-0.429436
		x[12]=-0.274819
		x[13]=-0.127614
		x[14]=0.0275485
		x[15]=0.182709
		x[16]=0.337869
		x[17]=0.493029
		x[18]=0.648189
		x[19]=0.803349
		x[20]=0.950557
		x[21]=1.10518
		x[22]=1.26759
		x[23]=1.43817
		x[24]=1.61735
		x[25]=1.80554
		x[26]=2.00321
		x[27]=2.21083
		x[28]=2.4289
		x[29]=2.65795
		x[30]=2.89853
		x[31]=3.15122
		x[32]=3.41655
	Ny=32
		y[0]=-2.72491
		y[1]=-2.45873
		y[2]=-2.20551
		y[3]=-1.96457
		y[4]=-1.73531
		y[5]=-1.51715
		y[6]=-1.30957
		y[7]=-1.11204
		y[8]=-0.92409
		y[9]=-0.745246
		y[10]=-0.575069
		y[11]=-0.413138
		y[12]=-0.259055
		y[13]=-0.112439
		y[14]=0.0293196
		y[15]=0.17108
		y[16]=0.31284
		y[17]=0.454599
		y[18]=0.596359
		y[19]=0.738119
		y[20]=0.884725
		y[21]=1.0388
		y[22]=1.20072
		y[23]=1.3709
		y[24]=1.54974
		y[25]=1.73769
		y[26]=1.93522
		y[27]=2.14281
		y[28]=2.36098
		y[29]=2.59026
		y[30]=2.83122
		y[31]=3.08445
		y[32]=3.35051
	Nz=39
		z[0]=-2.60375
		z[1]=-2.32244
		z[2]=-2.05515
		z[3]=-1.80111
		z[4]=-1.55966
		z[5]=-1.33019
		z[6]=-1.1121
		z[7]=-0.904828
		z[8]=-0.707832
		z[9]=-0.520605
		z[10]=-0.342663
		z[11]=-0.173545
		z[12]=0.00708585
		z[13]=0.187714
		z[14]=0.368342
		z[15]=0.530194
		z[16]=0.69205
		z[17]=0.853907
		z[18]=1.01576
		z[19]=1.17762
		z[20]=1.33948
		z[21]=1.50133
		z[22]=1.66319
		z[23]=1.82505
		z[24]=1.9869
		z[25]=2.14876
		z[26]=2.31062
		z[27]=2.47247
		z[28]=2.63589
		z[29]=2.8075
		z[30]=2.98773
		z[31]=3.177
		z[32]=3.37577
		z[33]=3.58451
		z[34]=3.80372
		z[35]=4.03394
		z[36]=4.2757
		z[37]=4.5296
		z[38]=4.79624
		z[39]=5.07619
End of base mesh info---------
Input_mesh_settings--------------------------------
Settings 0----------------
	Scope: GLOBAL
	Type:	------MESHER_SETTINGS----------
	RefAllCells           =0
	RefFluidCells         =0
	RefPartCells          =0
	RefSolidCells         =0
	l_SSFR(Capture crit)  =1
	l_curv(Curvature crit)=0
	l_tol(Tolerance crit) =0
	UseChannelRef         =1
	  NCR_method          =0
	  l_NCR               =1
	  N_gap               =5
	  Use d_NCR_min       =0
	  Use d_NCR_max       =0
	IgnoreThinChannelsHeight         =0
	--END_OF_MESHER_SETTINGS-------
End of input mesh settings-------------------------

-----------------------------------------------------------------------
Building geometries:
-----------------------------------------------------------------------
Building body-set (0) of geometry Fluid.0.(0). ...

-----------------------------------------------------------------------
Refining by triangulation...
Refinement input: 39936 bricks
Setting regions...OK (0.000 s)
Refinement result: 40216 bricks (0.006 s)
Refinement input: 40216 bricks
Refinement result: 40216 bricks (0.001 s)
Collecting and processing rays...OK (0.033 s)
Capturing...OK (0.008 s)
Refining by triangulation takes 0.049 s
-----------------------------------------------------------------------

-----------------------------------------------------------------------
Refining peculiar surfaces...
0 surfaces refined
Refining peculiar surfaces takes 0 s
-----------------------------------------------------------------------
Collecting and processing rays...OK (0.001 s)
Capturing...OK (0.000 s)
Collecting and processing rays...OK (0.001 s)
Capturing...OK (0.000 s)
Collecting and processing rays...OK (0.001 s)
Capturing...OK (0.000 s)

-----------------------------------------------------------------------
Base mesh 1 Refining...
Refinement input: 40216 bricks
Refinement result: 40216 bricks (0.000 s)
Collecting and processing rays...OK (0.001 s)
Capturing...OK (0.000 s)
-----------------------------------------------------------------------
Refining channels...
FYI: CNarrowChannelRefiner::RefineChannels_PRLL
Refinement input: 40216 bricks
Setting regions...OK (0.000 s)
Refinement result: 40692 bricks (0.005 s)
Collecting and processing rays...OK (0.002 s)
Capturing...OK (0.001 s)
FYI: m_iteration_count = 0
FYI: level1 statistics:
     level1_cnt_plus[1]=544;		level1_cnt_minus[1]=0
     level1_cnt_plus[2]=0;		level1_cnt_minus[2]=0
     level1_cnt_plus[3]=0;		level1_cnt_minus[3]=0
     level1_cnt_plus[4]=0;		level1_cnt_minus[4]=0
     level1_cnt_plus[5]=0;		level1_cnt_minus[5]=0
     level1_cnt_plus[6]=0;		level1_cnt_minus[6]=0
     level1_cnt_plus[7]=0;		level1_cnt_minus[7]=0
     level1_cnt_plus[8]=0;		level1_cnt_minus[8]=0
     level1_cnt_plus[9]=0;		level1_cnt_minus[9]=0
FYI: m_iteration_count = 1
FYI: level1 statistics:
     level1_cnt_plus[1]=544;		level1_cnt_minus[1]=0
     level1_cnt_plus[2]=0;		level1_cnt_minus[2]=0
     level1_cnt_plus[3]=0;		level1_cnt_minus[3]=0
     level1_cnt_plus[4]=0;		level1_cnt_minus[4]=0
     level1_cnt_plus[5]=0;		level1_cnt_minus[5]=0
     level1_cnt_plus[6]=0;		level1_cnt_minus[6]=0
     level1_cnt_plus[7]=0;		level1_cnt_minus[7]=0
     level1_cnt_plus[8]=0;		level1_cnt_minus[8]=0
     level1_cnt_plus[9]=0;		level1_cnt_minus[9]=0
FYI: level1 statistics:
     level1_cnt_plus[1]=544;		level1_cnt_minus[1]=0
     level1_cnt_plus[2]=0;		level1_cnt_minus[2]=0
     level1_cnt_plus[3]=0;		level1_cnt_minus[3]=0
     level1_cnt_plus[4]=0;		level1_cnt_minus[4]=0
     level1_cnt_plus[5]=0;		level1_cnt_minus[5]=0
     level1_cnt_plus[6]=0;		level1_cnt_minus[6]=0
     level1_cnt_plus[7]=0;		level1_cnt_minus[7]=0
     level1_cnt_plus[8]=0;		level1_cnt_minus[8]=0
     level1_cnt_plus[9]=0;		level1_cnt_minus[9]=0

-----------------------------------------------------------------------
U-shapes refinement...
Refinement input: 40692 bricks
Setting regions...OK (0.001 s)
Refinement result: 40734 bricks (0.014 s)
Collecting and processing rays...OK (0.001 s)
Capturing...OK (0.001 s)
-----------------------------------------------------------------------

-----------------------------------------------------------------------
Equi Distant Refiner:
Equi Distant Refiner takes 0.00 s
-----------------------------------------------------------------------
Building geometry takes 0.125 s
Geometry Fluid.0.
Total		40734
Partial	426
Fluid		40230
Solid		68
Bad		10

/-Ray Intersection---------------/ Time	0.005 s
Calls			4101
CorrectRay Calls	0



-----------------------------------------------------------------------
Building geometries takes 0.126 s
-----------------------------------------------------------------------

-----------------------------------------------------------------------
PostBuilding geometries:
-----------------------------------------------------------------------
PostBuilding body-set (0) geometry Fluid.0. (0)...
Collecting and processing rays...OK (0.001 s)
Capturing...OK (0.000 s)
PostBuilding geometry takes 0.002 s
Geometry Fluid.0.
Total		40734
Partial	426
Fluid		40230
Solid		68
Bad		10

-----------------------------------------------------------------------
PostBuilding geometries takes 0.003 s
-----------------------------------------------------------------------
Defect ray count	0
FYI: CNarrowChannelRefiner::RedistributeLevel1_step_1: is finished
FYI: level1 statistics:
     level1_cnt_plus[1]=544;		level1_cnt_minus[1]=0
     level1_cnt_plus[2]=0;		level1_cnt_minus[2]=0
     level1_cnt_plus[3]=0;		level1_cnt_minus[3]=0
     level1_cnt_plus[4]=0;		level1_cnt_minus[4]=0
     level1_cnt_plus[5]=0;		level1_cnt_minus[5]=0
     level1_cnt_plus[6]=0;		level1_cnt_minus[6]=0
     level1_cnt_plus[7]=0;		level1_cnt_minus[7]=0
     level1_cnt_plus[8]=0;		level1_cnt_minus[8]=0
     level1_cnt_plus[9]=0;		level1_cnt_minus[9]=0
FYI: CNarrowChannelRefiner::RedistributeLevel1_step_2: is started
FYI: CNarrowChannelRefiner::RedistributeLevel1_step_2: is finished
FYI: level1 statistics:
     level1_cnt_plus[1]=648;		level1_cnt_minus[1]=0
     level1_cnt_plus[2]=0;		level1_cnt_minus[2]=0
     level1_cnt_plus[3]=0;		level1_cnt_minus[3]=0
     level1_cnt_plus[4]=0;		level1_cnt_minus[4]=0
     level1_cnt_plus[5]=0;		level1_cnt_minus[5]=0
     level1_cnt_plus[6]=0;		level1_cnt_minus[6]=0
     level1_cnt_plus[7]=0;		level1_cnt_minus[7]=0
     level1_cnt_plus[8]=0;		level1_cnt_minus[8]=0
     level1_cnt_plus[9]=0;		level1_cnt_minus[9]=0
FYI: CNarrowChannelRefiner::RedistributeLevel1_step_3: is started
FYI: CNarrowChannelRefiner::RedistributeLevel1_step_3: is finished
RedistributeLevel1 takes:
FYI: level1 statistics:
     level1_cnt_plus[1]=648;		level1_cnt_minus[1]=264
     level1_cnt_plus[2]=0;		level1_cnt_minus[2]=0
     level1_cnt_plus[3]=0;		level1_cnt_minus[3]=0
     level1_cnt_plus[4]=0;		level1_cnt_minus[4]=0
     level1_cnt_plus[5]=0;		level1_cnt_minus[5]=0
     level1_cnt_plus[6]=0;		level1_cnt_minus[6]=0
     level1_cnt_plus[7]=0;		level1_cnt_minus[7]=0
     level1_cnt_plus[8]=0;		level1_cnt_minus[8]=0
     level1_cnt_plus[9]=0;		level1_cnt_minus[9]=0
-----------------------------------------------------------------------
MSH format builder (Iteration 0)
-----------------------------------------------------------------------
Memory Working Set Current = 28.78 Mb, Memory Working Set Peak = 31.73 Mb
Process Threads Number: 13
-----------------------------------------------------------------------
Loading geometries triangulation & x-stacks...OK
x-stacks size = 0.07 Mb
Total bricks count: 40734
-----------------------------------------------------------------------
MSH (Real Geometry) format constructor:
	Getting brick sets...OK (0.002 s)
	Min x-stack xeps = 0.0167855
	D / dh / eps [axis=0] = (6.15747, 0.0736026, 7.36026e-05)
	D / dh / eps [axis=1] = (6.07543, 0.0708793, 7.08793e-05)
	D / dh / eps [axis=2] = (7.67994, 0.0809261, 8.09261e-05)
	Time (xeps): 0.001 s
Level 1
	Set (0)  size: 456
	Set (0)  time: 0.011 s
	Set (1)  size: 456
	Set (1)  time: 0.010 s
Level 0
	Set (0)  size: 19911
	Set (0)  time: 0.011 s
	Set (1)  size: 19911
	Set (1)  time: 0.012 s
Result:
	Bricks number:                        40734

	Memory usage:                         0.608 MB
	Memory usage (per brick):             0.015 KB
	Construction time:                    0.047 s

	Topology features:
	------------------
	- High quality bricks                 100.00 % (40734)
	- Medium quality bricks                 0.00 % (0)
	- Bad quality bricks                    0.00 % (0)
	- Ribs corrected bricks                 0.00 % (0)
	- Points with geom-info (bricks)        0.00 % (0)
	- Points with closest-info (bricks)     0.00 % (0)
	- Triangulated by center (bricks)       0.00 % (0)
	- Facet w-faces mergings (bricks)       0.00 % (0)
	- To refine (bricks)                    0.00 % (0)

-----------------------------------------------------------------------
Memory Working Set Current = 37.69 Mb, Memory Working Set Peak = 37.70 Mb
Process Threads Number: 13
-----------------------------------------------------------------------
-----------------------------------------------------------------------
-----------------------------------------------------------------------
MSH --> BCF format (Iteration 0)...
BCF collector...(remove mode=0)
	Time (alloc counter per brick): 0.001 s
	Brick    count: 40734
	Av.f all count: 40746
	Av.s all count: 594
	Av.f pid count: 586
	Av.s pid count: 534
	Faces fs count: 996
	Faces ff count: 0
	Faces ss count: 0
	Faces bb count: 0
	Faces fe count: 7040
	Faces se count: 0
	Faces fw count: 8036
	Faces af count: 118805
	Faces as count: 1489
	Time (all count): 	0.006 s
	Time (bcf alloc): 	0.001 s
	Time (shifts alloc): 	0.001 s
	Time (shifts init): 	0.001 s
	Time (bcf fill): 	0.008 s
	Time (add av to faces): 0.001 s
	Time (add faces to av): 0.005 s
Time (bcf collect): 		0.027 s
	AV checker...
	Time (check av): 	0.023 s
	Subdomain checker...
		Subdomains construction time: 0.010 s.
		Subdomains sort time: 0.000 s.
			Subdomain 0 (geom_ind=0): 40746 av
			Subdomain 1 (geom_ind=1): 594 av
		gi: 0, subdomains: 1, real bodies: 1
		gi: 1, subdomains: 1, real bodies: 0
		Defect subdomains: 0
	Time (check subdoms): 	0.011 s
Time (bcf iteration total): 	0.061 s
	Time (fw-nb): 		0.001 s
	Fixed mutual fw-nb:     854 (bb: 0)
	Time (fw-nb mutual): 	0.000 s
	Time (fw-nb sort): 	0.000 s
	Fw-opt BEFORE total:    8036 (fs=996, ff=0, ss=0)
	Fw-opt AFTER  total:    8020 (fs=980, ff=0, ss=0, failed fw/br=0/0, big_curv=0, big_poly=0)
	Fw-opt RESULT:          16 (res/(fs+ff+ss) = 1.61 %)
	Time (fw-opt): 		0.001 s
	Time (fw-re-order): 	0.001 s
	Time (fw-nb): 		0.006 s
	Fixed mutual fw-nb:     16085 (bb: 0)
	Time (fw-nb mutual): 	0.002 s
	Time (fw-nb sort): 	0.000 s
	Time (rfd fix): 	0.000 s
	Time (av convexity): 	0.001 s
	Time (av small volume): 0.000 s
	Time (diagonal fw-nb): 	0.014 s
	Fixed mutual fw-nb:     0 (bb: 0)
	Time (fw-nb mutual): 	0.001 s
	Time (fw-nb sort): 	0.000 s
	Fluid subdomains: 1
	Faces fw-nb diff sd:    0
	Time (fw-nb diff sd): 	0.010 s
Time (bcf calc): 		0.042 s
-----------------------------------------------------------------------
Time (bcf total): 		0.103 s
-----------------------------------------------------------------------
-----------------------------------------------------------------------
Mega-cv constructor for fluid...
	 8 av's is treated as thin
Relative size generator (threshold = 0.05)...
	Iteration 1 (small cluster count = 24)
	Iteration 2 (small cluster count = 12)
	Iteration 3 (small cluster count = 2)
	Iteration 4 (small cluster count = 0)
	 24 mega-cv's generated
	 0 mega-cv's removed
Relative size generator is completed OK (0.003 s)
Apply fa-rules to mega-cv clusters fixes...
OK (0.000 s)
Convert clusters:
	 24 mega-cv's total
Mega-cv count: 24
Time (mega-cv fill): 	0.000 s
Time (mega-cv total): 	0.021 s
-----------------------------------------------------------------------
Mixing plane rotation regions: NO.
Sliding mesh rotation regions: NO.
Fluid/fluid faces: NO.
----------------------------------------------------------
BCF --> BCF.GEOMSUBDOM (bridge arrays):
MESH (0):
	Fluid Subdom Constructor: 1 subdom(s).
	Solid Subdom Constructor: 1 subdom(s).
	Net Asm Subdom Constructor: 0 subdom(s).
	GEOMSUBDOM (0): gi=0 fluid av=40746 cv=40722 fa=118805 fb=0 fw=8020 V=2.869471e+02
	Cache data...OK
	GEOMSUBDOM (1): gi=1 solid av=594 cv=594 fa=1489 fb=0 fw=980 V=3.537295e-01
	Cache data...OK
	Setting nb of w-faces...OK (0.003 s).
	Correcting nb of w-faces...
	Time(correct_fw_nb)=0.003 s

MESH (0) checking:
	GEOMSUBDOM (0):fa_s=4333.3382847885241063 fb_s=0.0000000000000000 fw_s=267.1629969571774268 fw_nb=64022
	              :d_const(8038)=2.23185e-15 d_linear(7857)=2.04584e-14
	GEOMSUBDOM (1):fa_s=8.9110579453501195 fb_s=0.0000000000000000 fw_s=4.4486328385694272 fw_nb=7726
	              :d_const(388)=8.86242e-15 d_linear(564)=3.50752e-14
MESH (0) checking: OK.
Time (MDS): 	0.107 s
----------------------------------------------------------

-----------------------------------------------------------------------
BCF CHECKSUM DATA (Mesh 0):

BRICK |Level1| Sum:               912
FACE_A Area Sum:   G.Fluid        4333.3382847885231968
FACE_A Area Sum:   G.Solid        8.9110579453501195
FACE_W Area Sum:                  267.1629969571774268
FACE_W Nb   Sum:                  64022
FACE_W min curvatures sum:        -0.00000000
FACE_W max curvatures sum:        1260.12563324
AV Max Disbalance(Const) :        8.86242e-15 (cid=15397, t={25, 34, 28}, avid=41119, pid=334)
AV Max Disbalance(Linear):        3.50752e-14 (cid=17711, t={25, 34, 32}, avid=41315, pid=509)
-----------------------------------------------------------------------


-----------------------------------------------------------------------
MESHER TOPOLOGY DATA:

BRICKS: Total                 40734
BRICKS: 1-CV                  40220
BRICKS: 2-CV                  430
BRICKS: 3-CV                  76
BRICKS: 4-CV                  8
BRICKS: Bad                   0

AV:     G.Total               41340
AV:     G.Fluid               40746
AV:     G.Solid               594

AV:     G.Fluid Thin Profile    0.05 % (20)
AV:     G.Solid Thin Profile   10.77 % (64)

AV:     G.Fluid Thin For Mega   0.02 % (8)
AV:     G.Solid Thin For Mega   6.73 % (40)

AV:     G.Fluid Non-Convex      0.42 % (172)
AV:     G.Solid Non-Convex     14.14 % (84)

AV:     G.Fluid Non-Ess-Convex      0.42 % (172)
AV:     G.Solid Non-Ess-Convex     13.47 % (80)

FACE_A: G.Fluid          (af) 118805 (partially opened 1203)
FACE_A: G.Solid          (as) 1489 (partially opened 1086)

FACE_B: G.Total          (b)  0

FACE_W: G.Total                 8020        Brick/Bound
FACE_W: G.Fluid/Solid    (fs_g) 980         0           
FACE_W: G.Fluid/Fluid    (ff_g) 0           0           
FACE_W: G.Solid/Solid    (ss_g) 0           0           
FACE_W: G.Fluid/External (fe_g) 7040
FACE_W: G.Solid/External (se_g) 0

AV/CV max fa count (on brick side):4
AV/CV max fw count:                4
AV/CV max fb count:                0
AV/CV max fw poly count:           7

MEMORY: Total                   12.599 MB
MEMORY: Per Brick               0.317 KB
-----------------------------------------------------------------------

-----------------------------------------------------------------------
Connectivities information:
	Number of conns: 0
-----------------------------------------------------------------------
	Time (gap size): 	0.003 s
-----------------------------------------------------------------------
Calculating curvature and tolerance criteria...
Curvature: min=0 max=3.14159
Tolerance: min=0 max=0.0636336
Calculating curvature and tolerance criteria takes 0.007 s
-----------------------------------------------------------------------
MESH Build(FS) finished. Time=0.505 s
-----------------------------------------------------------------------
Current CPU = 0 sec

Nx=32
Ny=32
Nz=39
Max BRICK Level=1
Mesh Level=1
-----------------CModelBodies2MeshMapper::CollectData started -------------------------------
-----------------CModelBodies2MeshMapper Report -------------------------------
FluidDomains 1 SolidDomains 1 VoidDomains 0 
Domains RefIndexes
Domain 0, Index count 28
Domain 1, Index count 28
----------------- -------------------------------
	ModelBodies
Total resolved Bodies 0 BodySets 0

--------------------------------------------------------------------------
	Positive geometry Bodies
Total resolved Bodies 1 BodySets 1
BodySet 0
	Bodies list:
			#0	Name: ;	ID: 1e7785c3-f845-4493-a718-c75939f29aa8
	Domains list:		 0 

--------------------------------------------------------------------------
	Fluid regions
Total resolved Bodies 1 BodySets 1
BodySet 0	Material: Water; 
	Bodies list:
			#0	Name: ;	ID: 1e7785c3-f845-4493-a718-c75939f29aa8
	Domains list:		 0 

--------------------------------------------------------------------------
-----------------CModelBodies2MeshMapper::CollectData finished successfully-------------------
Saving initial mesh in: C:\Users\acastrillon\Documents\GrabCAD\SUBJUGATOR\Subjugator 8 CAD\CFD Simulations\2\2.fld .
Storing results...
Estimated CPT size=4.623 MB.
	Time (write bcf): 0.124 s
OK
-----------------------------------------------------------------------
Memory Working Set Current = 64.35 Mb, Memory Working Set Peak = 64.36 Mb
Process Threads Number: 13
-----------------------------------------------------------------------
Cleaning memory...
		Time (free xsl):                    	0.000 s
Free Geometry DB takes 0.000 s
	Time (free bcf): 	0.006 s
		Time (free bcf mesh):               	0.017 s
	Time (free mesher data):              	0.017 s
Copying... OK
Mesh generation normally finished at	10.4.2021	14:43:56
Mesher CPU = 1 sec
Mesher is finished at	10.4.2021	14:43:56
-----------------------------------------------------------------------
Memory Working Set Current = 26.42 Mb, Memory Working Set Peak = 64.77 Mb
Process Threads Number: 13
-----------------------------------------------------------------------
Algebra Pool      : mem_usage = 1.19 Mb, allocated count = 0
Log ended at 10.04.2021	14:43:56
