2022-03-22 19:43:49,093 INFO  Logger.cs: 70 - 
--------------------------------------------------------------------------------
2022-03-22 19:43:49,109 INFO  Logger.cs: 71 - Logging commencing for SW2URDF exporter
2022-03-22 19:43:49,110 INFO  Logger.cs: 73 - Commit version 1.6.0-4-g7f85cfe
2022-03-22 19:43:49,111 INFO  Logger.cs: 74 - Build version 1.6.7995.38578
2022-03-22 19:43:49,112 INFO  SwAddin.cs: 192 - Attempting to connect to SW
2022-03-22 19:43:49,112 INFO  SwAddin.cs: 197 - Setting up callbacks
2022-03-22 19:43:49,113 INFO  SwAddin.cs: 201 - Setting up command manager
2022-03-22 19:43:49,114 INFO  SwAddin.cs: 204 - Adding command manager
2022-03-22 19:43:49,115 INFO  SwAddin.cs: 263 - Adding Assembly export to file menu
2022-03-22 19:43:49,116 INFO  SwAddin.cs: 272 - Adding Part export to file menu
2022-03-22 19:43:49,116 INFO  SwAddin.cs: 210 - Adding event handlers
2022-03-22 19:43:49,125 INFO  SwAddin.cs: 217 - Connecting plugin to SolidWorks
2022-03-22 19:44:00,672 INFO  SwAddin.cs: 294 - Assembly export called for file Assem1
2022-03-22 19:44:01,806 INFO  SwAddin.cs: 313 - Saving assembly
2022-03-22 19:44:01,913 INFO  SwAddin.cs: 316 - Opening property manager
2022-03-22 19:44:01,923 INFO  ExportHelperExtension.cs: 1125 - Retrieving features of type [CoordSys] from Assem1
2022-03-22 19:44:01,927 INFO  ExportHelperExtension.cs: 1136 - Found 39 in Assem1
2022-03-22 19:44:01,928 INFO  ExportHelperExtension.cs: 1145 - Found 0 features of type [CoordSys] in Assem1
2022-03-22 19:44:01,929 INFO  ExportHelperExtension.cs: 1148 - Proceeding through assembly components
2022-03-22 19:44:01,930 INFO  ExportHelperExtension.cs: 1160 - 6 components to check
2022-03-22 19:44:01,931 INFO  ExportHelperExtension.cs: 1125 - Retrieving features of type [CoordSys] from 1.5in two way-1
2022-03-22 19:44:01,932 INFO  ExportHelperExtension.cs: 1136 - Found 26 in 1.5in two way-1
2022-03-22 19:44:01,933 INFO  ExportHelperExtension.cs: 1145 - Found 0 features of type [CoordSys] in 1.5in two way-1
2022-03-22 19:44:01,933 INFO  ExportHelperExtension.cs: 1125 - Retrieving features of type [CoordSys] from Vertical PVC 3 inch (60 in length) --2
2022-03-22 19:44:01,934 INFO  ExportHelperExtension.cs: 1136 - Found 25 in Vertical PVC 3 inch (60 in length) --2
2022-03-22 19:44:01,934 INFO  ExportHelperExtension.cs: 1145 - Found 0 features of type [CoordSys] in Vertical PVC 3 inch (60 in length) --2
2022-03-22 19:44:01,935 INFO  ExportHelperExtension.cs: 1125 - Retrieving features of type [CoordSys] from Vertical 2in (24inch length-1
2022-03-22 19:44:01,935 INFO  ExportHelperExtension.cs: 1136 - Found 27 in Vertical 2in (24inch length-1
2022-03-22 19:44:01,936 INFO  ExportHelperExtension.cs: 1145 - Found 0 features of type [CoordSys] in Vertical 2in (24inch length-1
2022-03-22 19:44:01,936 INFO  ExportHelperExtension.cs: 1125 - Retrieving features of type [CoordSys] from Horizontal PVC 3 inch (120 in length)-1
2022-03-22 19:44:01,937 INFO  ExportHelperExtension.cs: 1136 - Found 32 in Horizontal PVC 3 inch (120 in length)-1
2022-03-22 19:44:01,937 INFO  ExportHelperExtension.cs: 1145 - Found 0 features of type [CoordSys] in Horizontal PVC 3 inch (120 in length)-1
2022-03-22 19:44:01,938 INFO  ExportHelperExtension.cs: 1125 - Retrieving features of type [CoordSys] from Vertical PVC 3 inch (60 in length) --1
2022-03-22 19:44:01,938 INFO  ExportHelperExtension.cs: 1136 - Found 25 in Vertical PVC 3 inch (60 in length) --1
2022-03-22 19:44:01,939 INFO  ExportHelperExtension.cs: 1145 - Found 0 features of type [CoordSys] in Vertical PVC 3 inch (60 in length) --1
2022-03-22 19:44:01,939 INFO  ExportHelperExtension.cs: 1125 - Retrieving features of type [CoordSys] from 1.5in two way-2
2022-03-22 19:44:01,941 INFO  ExportHelperExtension.cs: 1136 - Found 26 in 1.5in two way-2
2022-03-22 19:44:01,942 INFO  ExportHelperExtension.cs: 1145 - Found 0 features of type [CoordSys] in 1.5in two way-2
2022-03-22 19:44:01,942 INFO  ExportHelperExtension.cs: 1125 - Retrieving features of type [RefAxis] from Assem1
2022-03-22 19:44:01,943 INFO  ExportHelperExtension.cs: 1136 - Found 39 in Assem1
2022-03-22 19:44:01,943 INFO  ExportHelperExtension.cs: 1145 - Found 0 features of type [RefAxis] in Assem1
2022-03-22 19:44:01,943 INFO  ExportHelperExtension.cs: 1148 - Proceeding through assembly components
2022-03-22 19:44:01,944 INFO  ExportHelperExtension.cs: 1160 - 6 components to check
2022-03-22 19:44:01,945 INFO  ExportHelperExtension.cs: 1125 - Retrieving features of type [RefAxis] from 1.5in two way-1
2022-03-22 19:44:01,945 INFO  ExportHelperExtension.cs: 1136 - Found 26 in 1.5in two way-1
2022-03-22 19:44:01,946 INFO  ExportHelperExtension.cs: 1145 - Found 0 features of type [RefAxis] in 1.5in two way-1
2022-03-22 19:44:01,946 INFO  ExportHelperExtension.cs: 1125 - Retrieving features of type [RefAxis] from Vertical PVC 3 inch (60 in length) --2
2022-03-22 19:44:01,947 INFO  ExportHelperExtension.cs: 1136 - Found 25 in Vertical PVC 3 inch (60 in length) --2
2022-03-22 19:44:01,947 INFO  ExportHelperExtension.cs: 1145 - Found 0 features of type [RefAxis] in Vertical PVC 3 inch (60 in length) --2
2022-03-22 19:44:01,947 INFO  ExportHelperExtension.cs: 1125 - Retrieving features of type [RefAxis] from Vertical 2in (24inch length-1
2022-03-22 19:44:01,948 INFO  ExportHelperExtension.cs: 1136 - Found 27 in Vertical 2in (24inch length-1
2022-03-22 19:44:01,948 INFO  ExportHelperExtension.cs: 1145 - Found 0 features of type [RefAxis] in Vertical 2in (24inch length-1
2022-03-22 19:44:01,948 INFO  ExportHelperExtension.cs: 1125 - Retrieving features of type [RefAxis] from Horizontal PVC 3 inch (120 in length)-1
2022-03-22 19:44:01,948 INFO  ExportHelperExtension.cs: 1136 - Found 32 in Horizontal PVC 3 inch (120 in length)-1
2022-03-22 19:44:01,949 INFO  ExportHelperExtension.cs: 1145 - Found 0 features of type [RefAxis] in Horizontal PVC 3 inch (120 in length)-1
2022-03-22 19:44:01,949 INFO  ExportHelperExtension.cs: 1125 - Retrieving features of type [RefAxis] from Vertical PVC 3 inch (60 in length) --1
2022-03-22 19:44:01,949 INFO  ExportHelperExtension.cs: 1136 - Found 25 in Vertical PVC 3 inch (60 in length) --1
2022-03-22 19:44:01,949 INFO  ExportHelperExtension.cs: 1145 - Found 0 features of type [RefAxis] in Vertical PVC 3 inch (60 in length) --1
2022-03-22 19:44:01,949 INFO  ExportHelperExtension.cs: 1125 - Retrieving features of type [RefAxis] from 1.5in two way-2
2022-03-22 19:44:01,950 INFO  ExportHelperExtension.cs: 1136 - Found 26 in 1.5in two way-2
2022-03-22 19:44:01,950 INFO  ExportHelperExtension.cs: 1145 - Found 0 features of type [RefAxis] in 1.5in two way-2
2022-03-22 19:44:02,087 INFO  SwAddin.cs: 339 - Loading config tree
2022-03-22 19:44:02,089 INFO  ExportPropertyManagerExtension.cs: 520 - Starting new configuration
2022-03-22 19:44:02,091 INFO  SwAddin.cs: 344 - Showing property manager
2022-03-22 19:44:12,790 INFO  ExportPropertyManager.cs: 1036 - OnListboxSelectionChanged called. This method no longer throws an Exception. It just silently does nothing. Ok, except for this logging message
2022-03-22 19:44:13,697 INFO  ExportPropertyManager.cs: 1036 - OnListboxSelectionChanged called. This method no longer throws an Exception. It just silently does nothing. Ok, except for this logging message
2022-03-22 19:45:06,469 INFO  ExportPropertyManager.cs: 422 - Configuration saved
2022-03-22 19:45:07,291 INFO  ExportHelperExtension.cs: 347 - Creating joint Best
2022-03-22 19:45:07,297 INFO  ExportHelperExtension.cs: 1397 - Fixing components for base_link
2022-03-22 19:45:07,297 INFO  ExportHelperExtension.cs: 1402 - Fixing 55
2022-03-22 19:45:07,298 INFO  ExportHelperExtension.cs: 1402 - Fixing 41
2022-03-22 19:45:07,298 INFO  ExportHelperExtension.cs: 1402 - Fixing 26
2022-03-22 19:45:07,298 INFO  ExportHelperExtension.cs: 1409 - Component 26 is already fixed
2022-03-22 19:45:07,298 INFO  ExportHelperExtension.cs: 1402 - Fixing 50
2022-03-22 19:45:07,298 INFO  ExportHelperExtension.cs: 1409 - Component 50 is already fixed
2022-03-22 19:45:07,299 INFO  ExportHelperExtension.cs: 1402 - Fixing 42
2022-03-22 19:45:07,299 INFO  ExportHelperExtension.cs: 1402 - Fixing 54
2022-03-22 19:45:07,398 INFO  ExportHelperExtension.cs: 832 - R1: 0, 0
2022-03-22 19:45:07,399 INFO  ExportHelperExtension.cs: 841 - R2: 0, 0
2022-03-22 19:45:07,399 INFO  ExportHelperExtension.cs: 849 - L1: 0
2022-03-22 19:45:07,399 INFO  ExportHelperExtension.cs: 857 - L2: 0
2022-03-22 19:45:07,414 INFO  ExportHelperExtension.cs: 1352 - Unfixing component 55
2022-03-22 19:45:07,414 INFO  ExportHelperExtension.cs: 1352 - Unfixing component 41
2022-03-22 19:45:07,414 INFO  ExportHelperExtension.cs: 1352 - Unfixing component 42
2022-03-22 19:45:07,415 INFO  ExportHelperExtension.cs: 1352 - Unfixing component 54
2022-03-22 19:45:07,921 WARN  ExportHelperExtension.cs: 351 - Creating joint from parent base_link to child Best failed
2022-03-22 19:45:08,006 INFO  ExportHelperExtension.cs: 1125 - Retrieving features of type [CoordSys] from Assem1
2022-03-22 19:45:08,007 INFO  ExportHelperExtension.cs: 1136 - Found 43 in Assem1
2022-03-22 19:45:08,007 INFO  ExportHelperExtension.cs: 1145 - Found 2 features of type [CoordSys] in Assem1
2022-03-22 19:45:08,007 INFO  ExportHelperExtension.cs: 1148 - Proceeding through assembly components
2022-03-22 19:45:08,008 INFO  ExportHelperExtension.cs: 1160 - 6 components to check
2022-03-22 19:45:08,008 INFO  ExportHelperExtension.cs: 1125 - Retrieving features of type [CoordSys] from 1.5in two way-1
2022-03-22 19:45:08,008 INFO  ExportHelperExtension.cs: 1136 - Found 26 in 1.5in two way-1
2022-03-22 19:45:08,008 INFO  ExportHelperExtension.cs: 1145 - Found 0 features of type [CoordSys] in 1.5in two way-1
2022-03-22 19:45:08,009 INFO  ExportHelperExtension.cs: 1125 - Retrieving features of type [CoordSys] from Vertical PVC 3 inch (60 in length) --2
2022-03-22 19:45:08,009 INFO  ExportHelperExtension.cs: 1136 - Found 25 in Vertical PVC 3 inch (60 in length) --2
2022-03-22 19:45:08,009 INFO  ExportHelperExtension.cs: 1145 - Found 0 features of type [CoordSys] in Vertical PVC 3 inch (60 in length) --2
2022-03-22 19:45:08,009 INFO  ExportHelperExtension.cs: 1125 - Retrieving features of type [CoordSys] from Vertical 2in (24inch length-1
2022-03-22 19:45:08,010 INFO  ExportHelperExtension.cs: 1136 - Found 27 in Vertical 2in (24inch length-1
2022-03-22 19:45:08,010 INFO  ExportHelperExtension.cs: 1145 - Found 0 features of type [CoordSys] in Vertical 2in (24inch length-1
2022-03-22 19:45:08,010 INFO  ExportHelperExtension.cs: 1125 - Retrieving features of type [CoordSys] from Horizontal PVC 3 inch (120 in length)-1
2022-03-22 19:45:08,010 INFO  ExportHelperExtension.cs: 1136 - Found 32 in Horizontal PVC 3 inch (120 in length)-1
2022-03-22 19:45:08,011 INFO  ExportHelperExtension.cs: 1145 - Found 0 features of type [CoordSys] in Horizontal PVC 3 inch (120 in length)-1
2022-03-22 19:45:08,011 INFO  ExportHelperExtension.cs: 1125 - Retrieving features of type [CoordSys] from Vertical PVC 3 inch (60 in length) --1
2022-03-22 19:45:08,011 INFO  ExportHelperExtension.cs: 1136 - Found 25 in Vertical PVC 3 inch (60 in length) --1
2022-03-22 19:45:08,011 INFO  ExportHelperExtension.cs: 1145 - Found 0 features of type [CoordSys] in Vertical PVC 3 inch (60 in length) --1
2022-03-22 19:45:08,011 INFO  ExportHelperExtension.cs: 1125 - Retrieving features of type [CoordSys] from 1.5in two way-2
2022-03-22 19:45:08,012 INFO  ExportHelperExtension.cs: 1136 - Found 26 in 1.5in two way-2
2022-03-22 19:45:08,012 INFO  ExportHelperExtension.cs: 1145 - Found 0 features of type [CoordSys] in 1.5in two way-2
2022-03-22 19:45:08,012 INFO  ExportHelperExtension.cs: 1125 - Retrieving features of type [RefAxis] from Assem1
2022-03-22 19:45:08,012 INFO  ExportHelperExtension.cs: 1136 - Found 43 in Assem1
2022-03-22 19:45:08,013 INFO  ExportHelperExtension.cs: 1145 - Found 0 features of type [RefAxis] in Assem1
2022-03-22 19:45:08,013 INFO  ExportHelperExtension.cs: 1148 - Proceeding through assembly components
2022-03-22 19:45:08,013 INFO  ExportHelperExtension.cs: 1160 - 6 components to check
2022-03-22 19:45:08,013 INFO  ExportHelperExtension.cs: 1125 - Retrieving features of type [RefAxis] from 1.5in two way-1
2022-03-22 19:45:08,013 INFO  ExportHelperExtension.cs: 1136 - Found 26 in 1.5in two way-1
2022-03-22 19:45:08,014 INFO  ExportHelperExtension.cs: 1145 - Found 0 features of type [RefAxis] in 1.5in two way-1
2022-03-22 19:45:08,014 INFO  ExportHelperExtension.cs: 1125 - Retrieving features of type [RefAxis] from Vertical PVC 3 inch (60 in length) --2
2022-03-22 19:45:08,014 INFO  ExportHelperExtension.cs: 1136 - Found 25 in Vertical PVC 3 inch (60 in length) --2
2022-03-22 19:45:08,014 INFO  ExportHelperExtension.cs: 1145 - Found 0 features of type [RefAxis] in Vertical PVC 3 inch (60 in length) --2
2022-03-22 19:45:08,014 INFO  ExportHelperExtension.cs: 1125 - Retrieving features of type [RefAxis] from Vertical 2in (24inch length-1
2022-03-22 19:45:08,015 INFO  ExportHelperExtension.cs: 1136 - Found 27 in Vertical 2in (24inch length-1
2022-03-22 19:45:08,015 INFO  ExportHelperExtension.cs: 1145 - Found 0 features of type [RefAxis] in Vertical 2in (24inch length-1
2022-03-22 19:45:08,015 INFO  ExportHelperExtension.cs: 1125 - Retrieving features of type [RefAxis] from Horizontal PVC 3 inch (120 in length)-1
2022-03-22 19:45:08,015 INFO  ExportHelperExtension.cs: 1136 - Found 32 in Horizontal PVC 3 inch (120 in length)-1
2022-03-22 19:45:08,015 INFO  ExportHelperExtension.cs: 1145 - Found 0 features of type [RefAxis] in Horizontal PVC 3 inch (120 in length)-1
2022-03-22 19:45:08,016 INFO  ExportHelperExtension.cs: 1125 - Retrieving features of type [RefAxis] from Vertical PVC 3 inch (60 in length) --1
2022-03-22 19:45:08,016 INFO  ExportHelperExtension.cs: 1136 - Found 25 in Vertical PVC 3 inch (60 in length) --1
2022-03-22 19:45:08,016 INFO  ExportHelperExtension.cs: 1145 - Found 0 features of type [RefAxis] in Vertical PVC 3 inch (60 in length) --1
2022-03-22 19:45:08,016 INFO  ExportHelperExtension.cs: 1125 - Retrieving features of type [RefAxis] from 1.5in two way-2
2022-03-22 19:45:08,016 INFO  ExportHelperExtension.cs: 1136 - Found 26 in 1.5in two way-2
2022-03-22 19:45:08,017 INFO  ExportHelperExtension.cs: 1145 - Found 0 features of type [RefAxis] in 1.5in two way-2
2022-03-22 19:45:08,050 INFO  ExportPropertyManager.cs: 1142 - AfterClose called. This method no longer throws an Exception. It just silently does nothing. Ok, except for this logging message
2022-03-22 19:45:27,855 INFO  SwAddin.cs: 294 - Assembly export called for file Assem1
2022-03-22 19:45:29,255 INFO  SwAddin.cs: 313 - Saving assembly
2022-03-22 19:45:29,310 INFO  SwAddin.cs: 316 - Opening property manager
2022-03-22 19:45:29,311 INFO  ExportHelperExtension.cs: 1125 - Retrieving features of type [CoordSys] from Assem1
2022-03-22 19:45:29,312 INFO  ExportHelperExtension.cs: 1136 - Found 39 in Assem1
2022-03-22 19:45:29,312 INFO  ExportHelperExtension.cs: 1145 - Found 0 features of type [CoordSys] in Assem1
2022-03-22 19:45:29,313 INFO  ExportHelperExtension.cs: 1148 - Proceeding through assembly components
2022-03-22 19:45:29,313 INFO  ExportHelperExtension.cs: 1160 - 6 components to check
2022-03-22 19:45:29,314 INFO  ExportHelperExtension.cs: 1125 - Retrieving features of type [CoordSys] from 1.5in two way-2
2022-03-22 19:45:29,314 INFO  ExportHelperExtension.cs: 1136 - Found 26 in 1.5in two way-2
2022-03-22 19:45:29,315 INFO  ExportHelperExtension.cs: 1145 - Found 0 features of type [CoordSys] in 1.5in two way-2
2022-03-22 19:45:29,315 INFO  ExportHelperExtension.cs: 1125 - Retrieving features of type [CoordSys] from Vertical 2in (24inch length-1
2022-03-22 19:45:29,316 INFO  ExportHelperExtension.cs: 1136 - Found 27 in Vertical 2in (24inch length-1
2022-03-22 19:45:29,316 INFO  ExportHelperExtension.cs: 1145 - Found 0 features of type [CoordSys] in Vertical 2in (24inch length-1
2022-03-22 19:45:29,316 INFO  ExportHelperExtension.cs: 1125 - Retrieving features of type [CoordSys] from 1.5in two way-1
2022-03-22 19:45:29,316 INFO  ExportHelperExtension.cs: 1136 - Found 26 in 1.5in two way-1
2022-03-22 19:45:29,317 INFO  ExportHelperExtension.cs: 1145 - Found 0 features of type [CoordSys] in 1.5in two way-1
2022-03-22 19:45:29,317 INFO  ExportHelperExtension.cs: 1125 - Retrieving features of type [CoordSys] from Vertical PVC 3 inch (60 in length) --1
2022-03-22 19:45:29,317 INFO  ExportHelperExtension.cs: 1136 - Found 25 in Vertical PVC 3 inch (60 in length) --1
2022-03-22 19:45:29,317 INFO  ExportHelperExtension.cs: 1145 - Found 0 features of type [CoordSys] in Vertical PVC 3 inch (60 in length) --1
2022-03-22 19:45:29,318 INFO  ExportHelperExtension.cs: 1125 - Retrieving features of type [CoordSys] from Horizontal PVC 3 inch (120 in length)-1
2022-03-22 19:45:29,318 INFO  ExportHelperExtension.cs: 1136 - Found 32 in Horizontal PVC 3 inch (120 in length)-1
2022-03-22 19:45:29,318 INFO  ExportHelperExtension.cs: 1145 - Found 0 features of type [CoordSys] in Horizontal PVC 3 inch (120 in length)-1
2022-03-22 19:45:29,318 INFO  ExportHelperExtension.cs: 1125 - Retrieving features of type [CoordSys] from Vertical PVC 3 inch (60 in length) --2
2022-03-22 19:45:29,319 INFO  ExportHelperExtension.cs: 1136 - Found 25 in Vertical PVC 3 inch (60 in length) --2
2022-03-22 19:45:29,319 INFO  ExportHelperExtension.cs: 1145 - Found 0 features of type [CoordSys] in Vertical PVC 3 inch (60 in length) --2
2022-03-22 19:45:29,320 INFO  ExportHelperExtension.cs: 1125 - Retrieving features of type [RefAxis] from Assem1
2022-03-22 19:45:29,321 INFO  ExportHelperExtension.cs: 1136 - Found 39 in Assem1
2022-03-22 19:45:29,321 INFO  ExportHelperExtension.cs: 1145 - Found 0 features of type [RefAxis] in Assem1
2022-03-22 19:45:29,321 INFO  ExportHelperExtension.cs: 1148 - Proceeding through assembly components
2022-03-22 19:45:29,321 INFO  ExportHelperExtension.cs: 1160 - 6 components to check
2022-03-22 19:45:29,322 INFO  ExportHelperExtension.cs: 1125 - Retrieving features of type [RefAxis] from 1.5in two way-2
2022-03-22 19:45:29,322 INFO  ExportHelperExtension.cs: 1136 - Found 26 in 1.5in two way-2
2022-03-22 19:45:29,322 INFO  ExportHelperExtension.cs: 1145 - Found 0 features of type [RefAxis] in 1.5in two way-2
2022-03-22 19:45:29,322 INFO  ExportHelperExtension.cs: 1125 - Retrieving features of type [RefAxis] from Vertical 2in (24inch length-1
2022-03-22 19:45:29,323 INFO  ExportHelperExtension.cs: 1136 - Found 27 in Vertical 2in (24inch length-1
2022-03-22 19:45:29,323 INFO  ExportHelperExtension.cs: 1145 - Found 0 features of type [RefAxis] in Vertical 2in (24inch length-1
2022-03-22 19:45:29,323 INFO  ExportHelperExtension.cs: 1125 - Retrieving features of type [RefAxis] from 1.5in two way-1
2022-03-22 19:45:29,323 INFO  ExportHelperExtension.cs: 1136 - Found 26 in 1.5in two way-1
2022-03-22 19:45:29,323 INFO  ExportHelperExtension.cs: 1145 - Found 0 features of type [RefAxis] in 1.5in two way-1
2022-03-22 19:45:29,324 INFO  ExportHelperExtension.cs: 1125 - Retrieving features of type [RefAxis] from Vertical PVC 3 inch (60 in length) --1
2022-03-22 19:45:29,324 INFO  ExportHelperExtension.cs: 1136 - Found 25 in Vertical PVC 3 inch (60 in length) --1
2022-03-22 19:45:29,324 INFO  ExportHelperExtension.cs: 1145 - Found 0 features of type [RefAxis] in Vertical PVC 3 inch (60 in length) --1
2022-03-22 19:45:29,324 INFO  ExportHelperExtension.cs: 1125 - Retrieving features of type [RefAxis] from Horizontal PVC 3 inch (120 in length)-1
2022-03-22 19:45:29,325 INFO  ExportHelperExtension.cs: 1136 - Found 32 in Horizontal PVC 3 inch (120 in length)-1
2022-03-22 19:45:29,325 INFO  ExportHelperExtension.cs: 1145 - Found 0 features of type [RefAxis] in Horizontal PVC 3 inch (120 in length)-1
2022-03-22 19:45:29,325 INFO  ExportHelperExtension.cs: 1125 - Retrieving features of type [RefAxis] from Vertical PVC 3 inch (60 in length) --2
2022-03-22 19:45:29,325 INFO  ExportHelperExtension.cs: 1136 - Found 25 in Vertical PVC 3 inch (60 in length) --2
2022-03-22 19:45:29,326 INFO  ExportHelperExtension.cs: 1145 - Found 0 features of type [RefAxis] in Vertical PVC 3 inch (60 in length) --2
2022-03-22 19:45:29,400 INFO  SwAddin.cs: 339 - Loading config tree
2022-03-22 19:45:29,400 INFO  ExportPropertyManagerExtension.cs: 520 - Starting new configuration
2022-03-22 19:45:29,402 INFO  SwAddin.cs: 344 - Showing property manager
2022-03-22 19:45:33,634 INFO  ExportPropertyManager.cs: 1136 - OnNumberBoxTrackingCompleted called. This method no longer throws an Exception. It just silently does nothing. Ok, except for this logging message
2022-03-22 19:45:56,082 INFO  ExportPropertyManager.cs: 422 - Configuration saved
2022-03-22 19:45:56,754 INFO  ExportHelperExtension.cs: 347 - Creating joint Child Link
2022-03-22 19:45:56,754 INFO  ExportHelperExtension.cs: 1397 - Fixing components for base_link
2022-03-22 19:45:56,755 INFO  ExportHelperExtension.cs: 1402 - Fixing 42
2022-03-22 19:45:56,755 INFO  ExportHelperExtension.cs: 1402 - Fixing 26
2022-03-22 19:45:56,755 INFO  ExportHelperExtension.cs: 1409 - Component 26 is already fixed
2022-03-22 19:45:56,755 INFO  ExportHelperExtension.cs: 1402 - Fixing 41
2022-03-22 19:45:56,755 INFO  ExportHelperExtension.cs: 1402 - Fixing 54
2022-03-22 19:45:56,756 INFO  ExportHelperExtension.cs: 1402 - Fixing 50
2022-03-22 19:45:56,756 INFO  ExportHelperExtension.cs: 1409 - Component 50 is already fixed
2022-03-22 19:45:56,756 INFO  ExportHelperExtension.cs: 1402 - Fixing 55
2022-03-22 19:45:56,855 INFO  ExportHelperExtension.cs: 832 - R1: 0, 0
2022-03-22 19:45:56,856 INFO  ExportHelperExtension.cs: 841 - R2: 0, 0
2022-03-22 19:45:56,856 INFO  ExportHelperExtension.cs: 849 - L1: 0
2022-03-22 19:45:56,856 INFO  ExportHelperExtension.cs: 857 - L2: 0
2022-03-22 19:45:56,856 INFO  ExportHelperExtension.cs: 1352 - Unfixing component 42
2022-03-22 19:45:56,857 INFO  ExportHelperExtension.cs: 1352 - Unfixing component 41
2022-03-22 19:45:56,857 INFO  ExportHelperExtension.cs: 1352 - Unfixing component 54
2022-03-22 19:45:56,857 INFO  ExportHelperExtension.cs: 1352 - Unfixing component 55
2022-03-22 19:45:57,327 WARN  ExportHelperExtension.cs: 351 - Creating joint from parent base_link to child Child Link failed
2022-03-22 19:45:57,394 INFO  ExportHelperExtension.cs: 1125 - Retrieving features of type [CoordSys] from Assem1
2022-03-22 19:45:57,395 INFO  ExportHelperExtension.cs: 1136 - Found 43 in Assem1
2022-03-22 19:45:57,395 INFO  ExportHelperExtension.cs: 1145 - Found 2 features of type [CoordSys] in Assem1
2022-03-22 19:45:57,396 INFO  ExportHelperExtension.cs: 1148 - Proceeding through assembly components
2022-03-22 19:45:57,396 INFO  ExportHelperExtension.cs: 1160 - 6 components to check
2022-03-22 19:45:57,396 INFO  ExportHelperExtension.cs: 1125 - Retrieving features of type [CoordSys] from 1.5in two way-2
2022-03-22 19:45:57,396 INFO  ExportHelperExtension.cs: 1136 - Found 26 in 1.5in two way-2
2022-03-22 19:45:57,397 INFO  ExportHelperExtension.cs: 1145 - Found 0 features of type [CoordSys] in 1.5in two way-2
2022-03-22 19:45:57,397 INFO  ExportHelperExtension.cs: 1125 - Retrieving features of type [CoordSys] from Vertical 2in (24inch length-1
2022-03-22 19:45:57,397 INFO  ExportHelperExtension.cs: 1136 - Found 27 in Vertical 2in (24inch length-1
2022-03-22 19:45:57,397 INFO  ExportHelperExtension.cs: 1145 - Found 0 features of type [CoordSys] in Vertical 2in (24inch length-1
2022-03-22 19:45:57,397 INFO  ExportHelperExtension.cs: 1125 - Retrieving features of type [CoordSys] from 1.5in two way-1
2022-03-22 19:45:57,398 INFO  ExportHelperExtension.cs: 1136 - Found 26 in 1.5in two way-1
2022-03-22 19:45:57,398 INFO  ExportHelperExtension.cs: 1145 - Found 0 features of type [CoordSys] in 1.5in two way-1
2022-03-22 19:45:57,398 INFO  ExportHelperExtension.cs: 1125 - Retrieving features of type [CoordSys] from Vertical PVC 3 inch (60 in length) --1
2022-03-22 19:45:57,398 INFO  ExportHelperExtension.cs: 1136 - Found 25 in Vertical PVC 3 inch (60 in length) --1
2022-03-22 19:45:57,399 INFO  ExportHelperExtension.cs: 1145 - Found 0 features of type [CoordSys] in Vertical PVC 3 inch (60 in length) --1
2022-03-22 19:45:57,399 INFO  ExportHelperExtension.cs: 1125 - Retrieving features of type [CoordSys] from Horizontal PVC 3 inch (120 in length)-1
2022-03-22 19:45:57,399 INFO  ExportHelperExtension.cs: 1136 - Found 32 in Horizontal PVC 3 inch (120 in length)-1
2022-03-22 19:45:57,399 INFO  ExportHelperExtension.cs: 1145 - Found 0 features of type [CoordSys] in Horizontal PVC 3 inch (120 in length)-1
2022-03-22 19:45:57,400 INFO  ExportHelperExtension.cs: 1125 - Retrieving features of type [CoordSys] from Vertical PVC 3 inch (60 in length) --2
2022-03-22 19:45:57,400 INFO  ExportHelperExtension.cs: 1136 - Found 25 in Vertical PVC 3 inch (60 in length) --2
2022-03-22 19:45:57,400 INFO  ExportHelperExtension.cs: 1145 - Found 0 features of type [CoordSys] in Vertical PVC 3 inch (60 in length) --2
2022-03-22 19:45:57,400 INFO  ExportHelperExtension.cs: 1125 - Retrieving features of type [RefAxis] from Assem1
2022-03-22 19:45:57,400 INFO  ExportHelperExtension.cs: 1136 - Found 43 in Assem1
2022-03-22 19:45:57,401 INFO  ExportHelperExtension.cs: 1145 - Found 0 features of type [RefAxis] in Assem1
2022-03-22 19:45:57,401 INFO  ExportHelperExtension.cs: 1148 - Proceeding through assembly components
2022-03-22 19:45:57,401 INFO  ExportHelperExtension.cs: 1160 - 6 components to check
2022-03-22 19:45:57,401 INFO  ExportHelperExtension.cs: 1125 - Retrieving features of type [RefAxis] from 1.5in two way-2
2022-03-22 19:45:57,401 INFO  ExportHelperExtension.cs: 1136 - Found 26 in 1.5in two way-2
2022-03-22 19:45:57,402 INFO  ExportHelperExtension.cs: 1145 - Found 0 features of type [RefAxis] in 1.5in two way-2
2022-03-22 19:45:57,402 INFO  ExportHelperExtension.cs: 1125 - Retrieving features of type [RefAxis] from Vertical 2in (24inch length-1
2022-03-22 19:45:57,402 INFO  ExportHelperExtension.cs: 1136 - Found 27 in Vertical 2in (24inch length-1
2022-03-22 19:45:57,402 INFO  ExportHelperExtension.cs: 1145 - Found 0 features of type [RefAxis] in Vertical 2in (24inch length-1
2022-03-22 19:45:57,402 INFO  ExportHelperExtension.cs: 1125 - Retrieving features of type [RefAxis] from 1.5in two way-1
2022-03-22 19:45:57,403 INFO  ExportHelperExtension.cs: 1136 - Found 26 in 1.5in two way-1
2022-03-22 19:45:57,403 INFO  ExportHelperExtension.cs: 1145 - Found 0 features of type [RefAxis] in 1.5in two way-1
2022-03-22 19:45:57,403 INFO  ExportHelperExtension.cs: 1125 - Retrieving features of type [RefAxis] from Vertical PVC 3 inch (60 in length) --1
2022-03-22 19:45:57,403 INFO  ExportHelperExtension.cs: 1136 - Found 25 in Vertical PVC 3 inch (60 in length) --1
2022-03-22 19:45:57,403 INFO  ExportHelperExtension.cs: 1145 - Found 0 features of type [RefAxis] in Vertical PVC 3 inch (60 in length) --1
2022-03-22 19:45:57,404 INFO  ExportHelperExtension.cs: 1125 - Retrieving features of type [RefAxis] from Horizontal PVC 3 inch (120 in length)-1
2022-03-22 19:45:57,404 INFO  ExportHelperExtension.cs: 1136 - Found 32 in Horizontal PVC 3 inch (120 in length)-1
2022-03-22 19:45:57,404 INFO  ExportHelperExtension.cs: 1145 - Found 0 features of type [RefAxis] in Horizontal PVC 3 inch (120 in length)-1
2022-03-22 19:45:57,404 INFO  ExportHelperExtension.cs: 1125 - Retrieving features of type [RefAxis] from Vertical PVC 3 inch (60 in length) --2
2022-03-22 19:45:57,404 INFO  ExportHelperExtension.cs: 1136 - Found 25 in Vertical PVC 3 inch (60 in length) --2
2022-03-22 19:45:57,405 INFO  ExportHelperExtension.cs: 1145 - Found 0 features of type [RefAxis] in Vertical PVC 3 inch (60 in length) --2
2022-03-22 19:45:57,435 INFO  ExportPropertyManager.cs: 1142 - AfterClose called. This method no longer throws an Exception. It just silently does nothing. Ok, except for this logging message
2022-03-22 19:46:04,857 INFO  AssemblyExportForm.cs: 253 - Completing URDF export
2022-03-22 19:46:04,861 INFO  ConfigurationSerialization.cs: 276 - URDF Configuration found
<Link z:Id="i1" xmlns="http://schemas.datacontract.org/2004/07/SW2URDF" xmlns:i="http://www.w3.org/2001/XMLSchema-instance" xmlns:z="http://schemas.microsoft.com/2003/10/Serialization/"><Attributes><Attribute z:Id="i2"><AttributeType>name</AttributeType><IsRequired>true</IsRequired><Value i:type="a:string" xmlns:a="http://www.w3.org/2001/XMLSchema">base_link</Value></Attribute></Attributes><ChildElements><URDFElement z:Id="i3" i:type="Inertial"><Attributes/><ChildElements><URDFElement z:Id="i4" i:type="Origin"><Attributes><Attribute z:Id="i5"><AttributeType>xyz</AttributeType><IsRequired>true</IsRequired><Value i:type="a:ArrayOfdouble" xmlns:a="http://schemas.microsoft.com/2003/10/Serialization/Arrays"><a:double>0</a:double><a:double>0</a:double><a:double>0</a:double></Value></Attribute><Attribute z:Id="i6"><AttributeType>rpy</AttributeType><IsRequired>true</IsRequired><Value i:type="a:ArrayOfdouble" xmlns:a="http://schemas.microsoft.com/2003/10/Serialization/Arrays"><a:double>0</a:double><a:double>0</a:double><a:double>0</a:double></Value></Attribute></Attributes><ChildElements/><ElementName>origin</ElementName><required>false</required><RPYAttribute z:Ref="i6"/><XYZAttribute z:Ref="i5"/><isCustomized>false</isCustomized></URDFElement><URDFElement z:Id="i7" i:type="Mass"><Attributes><Attribute z:Id="i8"><AttributeType>value</AttributeType><IsRequired>true</IsRequired><Value i:type="a:double" xmlns:a="http://www.w3.org/2001/XMLSchema">0</Value></Attribute></Attributes><ChildElements/><ElementName>mass</ElementName><required>false</required><ValueAttribute z:Ref="i8"/></URDFElement><URDFElement z:Id="i9" i:type="Inertia"><Attributes><Attribute z:Id="i10"><AttributeType>ixx</AttributeType><IsRequired>true</IsRequired><Value i:type="a:double" xmlns:a="http://www.w3.org/2001/XMLSchema">0</Value></Attribute><Attribute z:Id="i11"><AttributeType>ixy</AttributeType><IsRequired>true</IsRequired><Value i:type="a:double" xmlns:a="http://www.w3.org/2001/XMLSchema">0</Value></Attribute><Attribute z:Id="i12"><AttributeType>ixz</AttributeType><IsRequired>true</IsRequired><Value i:type="a:double" xmlns:a="http://www.w3.org/2001/XMLSchema">0</Value></Attribute><Attribute z:Id="i13"><AttributeType>iyy</AttributeType><IsRequired>true</IsRequired><Value i:type="a:double" xmlns:a="http://www.w3.org/2001/XMLSchema">0</Value></Attribute><Attribute z:Id="i14"><AttributeType>iyz</AttributeType><IsRequired>true</IsRequired><Value i:type="a:double" xmlns:a="http://www.w3.org/2001/XMLSchema">0</Value></Attribute><Attribute z:Id="i15"><AttributeType>izz</AttributeType><IsRequired>true</IsRequired><Value i:type="a:double" xmlns:a="http://www.w3.org/2001/XMLSchema">0</Value></Attribute></Attributes><ChildElements/><ElementName>inertia</ElementName><required>false</required><IxxAttribute z:Ref="i10"/><IxyAttribute z:Ref="i11"/><IxzAttribute z:Ref="i12"/><IyyAttribute z:Ref="i13"/><IyzAttribute z:Ref="i14"/><IzzAttribute z:Ref="i15"/></URDFElement></ChildElements><ElementName>inertial</ElementName><required>false</required><Inertia z:Ref="i9"/><Mass z:Ref="i7"/><Origin z:Ref="i4"/></URDFElement><URDFElement z:Id="i16" i:type="Visual"><Attributes/><ChildElements><URDFElement z:Id="i17" i:type="Origin"><Attributes><Attribute z:Id="i18"><AttributeType>xyz</AttributeType><IsRequired>true</IsRequired><Value i:type="a:ArrayOfdouble" xmlns:a="http://schemas.microsoft.com/2003/10/Serialization/Arrays"><a:double>0</a:double><a:double>0</a:double><a:double>0</a:double></Value></Attribute><Attribute z:Id="i19"><AttributeType>rpy</AttributeType><IsRequired>true</IsRequired><Value i:type="a:ArrayOfdouble" xmlns:a="http://schemas.microsoft.com/2003/10/Serialization/Arrays"><a:double>0</a:double><a:double>0</a:double><a:double>0</a:double></Value></Attribute></Attributes><ChildElements/><ElementName>origin</ElementName><required>false</required><RPYAttribute z:Ref="i19"/><XYZAttribute z:Ref="i18"/><isCustomized>false</isCustomized></URDFElement><URDFElement z:Id="i20" i:type="Geometry"><Attributes/><ChildElements><URDFElement z:Id="i21" i:type="Mesh"><Attributes><Attribute z:Id="i22"><AttributeType>filename</AttributeType><IsRequired>true</IsRequired><Value i:nil="true"/></Attribute></Attributes><ChildElements/><ElementName>mesh</ElementName><required>false</required><FilenameAttribute z:Ref="i22"/></URDFElement></ChildElements><ElementName>geometry</ElementName><required>true</required><Mesh z:Ref="i21"/></URDFElement><URDFElement z:Id="i23" i:type="Material"><Attributes><Attribute z:Id="i24"><AttributeType>name</AttributeType><IsRequired>true</IsRequired><Value i:type="a:string" xmlns:a="http://www.w3.org/2001/XMLSchema"/></Attribute></Attributes><ChildElements><URDFElement z:Id="i25" i:type="Color"><Attributes><Attribute z:Id="i26"><AttributeType>rgba</AttributeType><IsRequired>true</IsRequired><Value i:type="a:ArrayOfdouble" xmlns:a="http://schemas.microsoft.com/2003/10/Serialization/Arrays"><a:double>1</a:double><a:double>1</a:double><a:double>1</a:double><a:double>1</a:double></Value></Attribute></Attributes><ChildElements/><ElementName>color</ElementName><required>false</required><RGBAAttribute z:Ref="i26"/></URDFElement><URDFElement z:Id="i27" i:type="Texture"><Attributes><Attribute z:Id="i28"><AttributeType>filename</AttributeType><IsRequired>true</IsRequired><Value i:nil="true"/></Attribute></Attributes><ChildElements/><ElementName>texture</ElementName><required>false</required><FilenameAttribute z:Ref="i28"/><wFilename/></URDFElement></ChildElements><ElementName>material</ElementName><required>false</required><Color z:Ref="i25"/><NameAttribute z:Ref="i24"/><Texture z:Ref="i27"/></URDFElement></ChildElements><ElementName>visual</ElementName><required>false</required><Geometry z:Ref="i20"/><Material z:Ref="i23"/><Origin z:Ref="i17"/></URDFElement><URDFElement z:Id="i29" i:type="Collision"><Attributes/><ChildElements><URDFElement z:Id="i30" i:type="Origin"><Attributes><Attribute z:Id="i31"><AttributeType>xyz</AttributeType><IsRequired>true</IsRequired><Value i:type="a:ArrayOfdouble" xmlns:a="http://schemas.microsoft.com/2003/10/Serialization/Arrays"><a:double>0</a:double><a:double>0</a:double><a:double>0</a:double></Value></Attribute><Attribute z:Id="i32"><AttributeType>rpy</AttributeType><IsRequired>true</IsRequired><Value i:type="a:ArrayOfdouble" xmlns:a="http://schemas.microsoft.com/2003/10/Serialization/Arrays"><a:double>0</a:double><a:double>0</a:double><a:double>0</a:double></Value></Attribute></Attributes><ChildElements/><ElementName>origin</ElementName><required>false</required><RPYAttribute z:Ref="i32"/><XYZAttribute z:Ref="i31"/><isCustomized>false</isCustomized></URDFElement><URDFElement z:Id="i33" i:type="Geometry"><Attributes/><ChildElements><URDFElement z:Id="i34" i:type="Mesh"><Attributes><Attribute z:Id="i35"><AttributeType>filename</AttributeType><IsRequired>true</IsRequired><Value i:nil="true"/></Attribute></Attributes><ChildElements/><ElementName>mesh</ElementName><required>false</required><FilenameAttribute z:Ref="i35"/></URDFElement></ChildElements><ElementName>geometry</ElementName><required>true</required><Mesh z:Ref="i34"/></URDFElement></ChildElements><ElementName>collision</ElementName><required>false</required><Geometry z:Ref="i33"/><Origin z:Ref="i30"/></URDFElement><URDFElement z:Id="i36" i:type="Joint"><Attributes><Attribute z:Id="i37"><AttributeType>name</AttributeType><IsRequired>true</IsRequired><Value i:type="a:string" xmlns:a="http://www.w3.org/2001/XMLSchema"/></Attribute><Attribute z:Id="i38"><AttributeType>type</AttributeType><IsRequired>true</IsRequired><Value i:type="a:string" xmlns:a="http://www.w3.org/2001/XMLSchema"/></Attribute></Attributes><ChildElements><URDFElement z:Id="i39" i:type="Origin"><Attributes><Attribute z:Id="i40"><AttributeType>xyz</AttributeType><IsRequired>true</IsRequired><Value i:type="a:ArrayOfdouble" xmlns:a="http://schemas.microsoft.com/2003/10/Serialization/Arrays"><a:double>0</a:double><a:double>0</a:double><a:double>0</a:double></Value></Attribute><Attribute z:Id="i41"><AttributeType>rpy</AttributeType><IsRequired>true</IsRequired><Value i:type="a:ArrayOfdouble" xmlns:a="http://schemas.microsoft.com/2003/10/Serialization/Arrays"><a:double>0</a:double><a:double>0</a:double><a:double>0</a:double></Value></Attribute></Attributes><ChildElements/><ElementName>origin</ElementName><required>false</required><RPYAttribute z:Ref="i41"/><XYZAttribute z:Ref="i40"/><isCustomized>false</isCustomized></URDFElement><URDFElement z:Id="i42" i:type="ParentLink"><Attributes><Attribute z:Id="i43"><AttributeType>link</AttributeType><IsRequired>true</IsRequired><Value i:type="a:string" xmlns:a="http://www.w3.org/2001/XMLSchema"/></Attribute></Attributes><ChildElements/><ElementName>parent</ElementName><required>true</required><NameAttribute z:Ref="i43"/></URDFElement><URDFElement z:Id="i44" i:type="ChildLink"><Attributes><Attribute z:Id="i45"><AttributeType>link</AttributeType><IsRequired>true</IsRequired><Value i:type="a:string" xmlns:a="http://www.w3.org/2001/XMLSchema"/></Attribute></Attributes><ChildElements/><ElementName>child</ElementName><required>true</required><NameAttribute z:Ref="i45"/></URDFElement><URDFElement z:Id="i46" i:type="Axis"><Attributes><Attribute z:Id="i47"><AttributeType>xyz</AttributeType><IsRequired>true</IsRequired><Value i:type="a:ArrayOfdouble" xmlns:a="http://schemas.microsoft.com/2003/10/Serialization/Arrays"><a:double>0</a:double><a:double>0</a:double><a:double>0</a:double></Value></Attribute></Attributes><ChildElements/><ElementName>axis</ElementName><required>false</required><XYZAttribute z:Ref="i47"/></URDFElement><URDFElement z:Id="i48" i:type="Limit"><Attributes><Attribute z:Id="i49"><AttributeType>lower</AttributeType><IsRequired>false</IsRequired><Value i:nil="true"/></Attribute><Attribute z:Id="i50"><AttributeType>upper</AttributeType><IsRequired>false</IsRequired><Value i:nil="true"/></Attribute><Attribute z:Id="i51"><AttributeType>effort</AttributeType><IsRequired>true</IsRequired><Value i:nil="true"/></Attribute><Attribute z:Id="i52"><AttributeType>velocity</AttributeType><IsRequired>true</IsRequired><Value i:nil="true"/></Attribute></Attributes><ChildElements/><ElementName>limit</ElementName><required>false</required><EffortAttribute z:Ref="i51"/><LowerAttribute z:Ref="i49"/><UpperAttribute z:Ref="i50"/><VelocityAttribute z:Ref="i52"/></URDFElement><URDFElement z:Id="i53" i:type="Calibration"><Attributes><Attribute z:Id="i54"><AttributeType>rising</AttributeType><IsRequired>false</IsRequired><Value i:nil="true"/></Attribute><Attribute z:Id="i55"><AttributeType>falling</AttributeType><IsRequired>false</IsRequired><Value i:nil="true"/></Attribute></Attributes><ChildElements/><ElementName>calibration</ElementName><required>false</required><FallingAttribute z:Ref="i55"/><RisingAttribute z:Ref="i54"/></URDFElement><URDFElement z:Id="i56" i:type="Dynamics"><Attributes><Attribute z:Id="i57"><AttributeType>damping</AttributeType><IsRequired>false</IsRequired><Value i:nil="true"/></Attribute><Attribute z:Id="i58"><AttributeType>friction</AttributeType><IsRequired>false</IsRequired><Value i:nil="true"/></Attribute></Attributes><ChildElements/><ElementName>dynamics</ElementName><required>false</required><DampingAttribute z:Ref="i57"/><FrictionAttribute z:Ref="i58"/></URDFElement><URDFElement z:Id="i59" i:type="SafetyController"><Attributes><Attribute z:Id="i60"><AttributeType>soft_upper_limit</AttributeType><IsRequired>false</IsRequired><Value i:nil="true"/></Attribute><Attribute z:Id="i61"><AttributeType>soft_lower_limit</AttributeType><IsRequired>false</IsRequired><Value i:nil="true"/></Attribute><Attribute z:Id="i62"><AttributeType>k_position</AttributeType><IsRequired>false</IsRequired><Value i:nil="true"/></Attribute><Attribute z:Id="i63"><AttributeType>k_velocity</AttributeType><IsRequired>true</IsRequired><Value i:nil="true"/></Attribute></Attributes><ChildElements/><ElementName>safety_controller</ElementName><required>false</required><KPositionAttribute z:Ref="i62"/><KVelocityAttribute z:Ref="i63"/><SoftLowerAttribute z:Ref="i61"/><SoftUpperAttribute z:Ref="i60"/></URDFElement><URDFElement z:Id="i64" i:type="Mimic"><Attributes><Attribute z:Id="i65"><AttributeType>joint</AttributeType><IsRequired>true</IsRequired><Value i:nil="true"/></Attribute><Attribute z:Id="i66"><AttributeType>multiplier</AttributeType><IsRequired>false</IsRequired><Value i:nil="true"/></Attribute><Attribute z:Id="i67"><AttributeType>offset</AttributeType><IsRequired>false</IsRequired><Value i:nil="true"/></Attribute></Attributes><ChildElements/><ElementName>mimic</ElementName><required>false</required><JointNameAttribute z:Ref="i65"/><MultiplierAttribute z:Ref="i66"/><OffsetAttribute z:Ref="i67"/></URDFElement></ChildElements><ElementName>joint</ElementName><required>false</required><Axis z:Ref="i46"/><AxisName/><Calibration z:Ref="i53"/><Child z:Ref="i44"/><CoordinateSystemName>Automatically Generate</CoordinateSystemName><Dynamics z:Ref="i56"/><Limit z:Ref="i48"/><Mimic z:Ref="i64"/><NameAttribute z:Ref="i37"/><Origin z:Ref="i39"/><Parent z:Ref="i42"/><Safety z:Ref="i59"/><TypeAttribute z:Ref="i38"/></URDFElement></ChildElements><ElementName>link</ElementName><required>true</required><Children><Link z:Id="i68"><Attributes><Attribute z:Id="i69"><AttributeType>name</AttributeType><IsRequired>true</IsRequired><Value i:type="a:string" xmlns:a="http://www.w3.org/2001/XMLSchema">Child Link</Value></Attribute></Attributes><ChildElements><URDFElement z:Id="i70" i:type="Inertial"><Attributes/><ChildElements><URDFElement z:Id="i71" i:type="Origin"><Attributes><Attribute z:Id="i72"><AttributeType>xyz</AttributeType><IsRequired>true</IsRequired><Value i:type="a:ArrayOfdouble" xmlns:a="http://schemas.microsoft.com/2003/10/Serialization/Arrays"><a:double>0</a:double><a:double>0</a:double><a:double>0</a:double></Value></Attribute><Attribute z:Id="i73"><AttributeType>rpy</AttributeType><IsRequired>true</IsRequired><Value i:type="a:ArrayOfdouble" xmlns:a="http://schemas.microsoft.com/2003/10/Serialization/Arrays"><a:double>0</a:double><a:double>0</a:double><a:double>0</a:double></Value></Attribute></Attributes><ChildElements/><ElementName>origin</ElementName><required>false</required><RPYAttribute z:Ref="i73"/><XYZAttribute z:Ref="i72"/><isCustomized>false</isCustomized></URDFElement><URDFElement z:Id="i74" i:type="Mass"><Attributes><Attribute z:Id="i75"><AttributeType>value</AttributeType><IsRequired>true</IsRequired><Value i:type="a:double" xmlns:a="http://www.w3.org/2001/XMLSchema">0</Value></Attribute></Attributes><ChildElements/><ElementName>mass</ElementName><required>false</required><ValueAttribute z:Ref="i75"/></URDFElement><URDFElement z:Id="i76" i:type="Inertia"><Attributes><Attribute z:Id="i77"><AttributeType>ixx</AttributeType><IsRequired>true</IsRequired><Value i:type="a:double" xmlns:a="http://www.w3.org/2001/XMLSchema">0</Value></Attribute><Attribute z:Id="i78"><AttributeType>ixy</AttributeType><IsRequired>true</IsRequired><Value i:type="a:double" xmlns:a="http://www.w3.org/2001/XMLSchema">0</Value></Attribute><Attribute z:Id="i79"><AttributeType>ixz</AttributeType><IsRequired>true</IsRequired><Value i:type="a:double" xmlns:a="http://www.w3.org/2001/XMLSchema">0</Value></Attribute><Attribute z:Id="i80"><AttributeType>iyy</AttributeType><IsRequired>true</IsRequired><Value i:type="a:double" xmlns:a="http://www.w3.org/2001/XMLSchema">0</Value></Attribute><Attribute z:Id="i81"><AttributeType>iyz</AttributeType><IsRequired>true</IsRequired><Value i:type="a:double" xmlns:a="http://www.w3.org/2001/XMLSchema">0</Value></Attribute><Attribute z:Id="i82"><AttributeType>izz</AttributeType><IsRequired>true</IsRequired><Value i:type="a:double" xmlns:a="http://www.w3.org/2001/XMLSchema">0</Value></Attribute></Attributes><ChildElements/><ElementName>inertia</ElementName><required>false</required><IxxAttribute z:Ref="i77"/><IxyAttribute z:Ref="i78"/><IxzAttribute z:Ref="i79"/><IyyAttribute z:Ref="i80"/><IyzAttribute z:Ref="i81"/><IzzAttribute z:Ref="i82"/></URDFElement></ChildElements><ElementName>inertial</ElementName><required>false</required><Inertia z:Ref="i76"/><Mass z:Ref="i74"/><Origin z:Ref="i71"/></URDFElement><URDFElement z:Id="i83" i:type="Visual"><Attributes/><ChildElements><URDFElement z:Id="i84" i:type="Origin"><Attributes><Attribute z:Id="i85"><AttributeType>xyz</AttributeType><IsRequired>true</IsRequired><Value i:type="a:ArrayOfdouble" xmlns:a="http://schemas.microsoft.com/2003/10/Serialization/Arrays"><a:double>0</a:double><a:double>0</a:double><a:double>0</a:double></Value></Attribute><Attribute z:Id="i86"><AttributeType>rpy</AttributeType><IsRequired>true</IsRequired><Value i:type="a:ArrayOfdouble" xmlns:a="http://schemas.microsoft.com/2003/10/Serialization/Arrays"><a:double>0</a:double><a:double>0</a:double><a:double>0</a:double></Value></Attribute></Attributes><ChildElements/><ElementName>origin</ElementName><required>false</required><RPYAttribute z:Ref="i86"/><XYZAttribute z:Ref="i85"/><isCustomized>false</isCustomized></URDFElement><URDFElement z:Id="i87" i:type="Geometry"><Attributes/><ChildElements><URDFElement z:Id="i88" i:type="Mesh"><Attributes><Attribute z:Id="i89"><AttributeType>filename</AttributeType><IsRequired>true</IsRequired><Value i:nil="true"/></Attribute></Attributes><ChildElements/><ElementName>mesh</ElementName><required>false</required><FilenameAttribute z:Ref="i89"/></URDFElement></ChildElements><ElementName>geometry</ElementName><required>true</required><Mesh z:Ref="i88"/></URDFElement><URDFElement z:Id="i90" i:type="Material"><Attributes><Attribute z:Id="i91"><AttributeType>name</AttributeType><IsRequired>true</IsRequired><Value i:type="a:string" xmlns:a="http://www.w3.org/2001/XMLSchema"/></Attribute></Attributes><ChildElements><URDFElement z:Id="i92" i:type="Color"><Attributes><Attribute z:Id="i93"><AttributeType>rgba</AttributeType><IsRequired>true</IsRequired><Value i:type="a:ArrayOfdouble" xmlns:a="http://schemas.microsoft.com/2003/10/Serialization/Arrays"><a:double>1</a:double><a:double>1</a:double><a:double>1</a:double><a:double>1</a:double></Value></Attribute></Attributes><ChildElements/><ElementName>color</ElementName><required>false</required><RGBAAttribute z:Ref="i93"/></URDFElement><URDFElement z:Id="i94" i:type="Texture"><Attributes><Attribute z:Id="i95"><AttributeType>filename</AttributeType><IsRequired>true</IsRequired><Value i:nil="true"/></Attribute></Attributes><ChildElements/><ElementName>texture</ElementName><required>false</required><FilenameAttribute z:Ref="i95"/><wFilename/></URDFElement></ChildElements><ElementName>material</ElementName><required>false</required><Color z:Ref="i92"/><NameAttribute z:Ref="i91"/><Texture z:Ref="i94"/></URDFElement></ChildElements><ElementName>visual</ElementName><required>false</required><Geometry z:Ref="i87"/><Material z:Ref="i90"/><Origin z:Ref="i84"/></URDFElement><URDFElement z:Id="i96" i:type="Collision"><Attributes/><ChildElements><URDFElement z:Id="i97" i:type="Origin"><Attributes><Attribute z:Id="i98"><AttributeType>xyz</AttributeType><IsRequired>true</IsRequired><Value i:type="a:ArrayOfdouble" xmlns:a="http://schemas.microsoft.com/2003/10/Serialization/Arrays"><a:double>0</a:double><a:double>0</a:double><a:double>0</a:double></Value></Attribute><Attribute z:Id="i99"><AttributeType>rpy</AttributeType><IsRequired>true</IsRequired><Value i:type="a:ArrayOfdouble" xmlns:a="http://schemas.microsoft.com/2003/10/Serialization/Arrays"><a:double>0</a:double><a:double>0</a:double><a:double>0</a:double></Value></Attribute></Attributes><ChildElements/><ElementName>origin</ElementName><required>false</required><RPYAttribute z:Ref="i99"/><XYZAttribute z:Ref="i98"/><isCustomized>false</isCustomized></URDFElement><URDFElement z:Id="i100" i:type="Geometry"><Attributes/><ChildElements><URDFElement z:Id="i101" i:type="Mesh"><Attributes><Attribute z:Id="i102"><AttributeType>filename</AttributeType><IsRequired>true</IsRequired><Value i:nil="true"/></Attribute></Attributes><ChildElements/><ElementName>mesh</ElementName><required>false</required><FilenameAttribute z:Ref="i102"/></URDFElement></ChildElements><ElementName>geometry</ElementName><required>true</required><Mesh z:Ref="i101"/></URDFElement></ChildElements><ElementName>collision</ElementName><required>false</required><Geometry z:Ref="i100"/><Origin z:Ref="i97"/></URDFElement><URDFElement z:Id="i103" i:type="Joint"><Attributes><Attribute z:Id="i104"><AttributeType>name</AttributeType><IsRequired>true</IsRequired><Value i:type="a:string" xmlns:a="http://www.w3.org/2001/XMLSchema">Best</Value></Attribute><Attribute z:Id="i105"><AttributeType>type</AttributeType><IsRequired>true</IsRequired><Value i:type="a:string" xmlns:a="http://www.w3.org/2001/XMLSchema">Automatically Detect</Value></Attribute></Attributes><ChildElements><URDFElement z:Id="i106" i:type="Origin"><Attributes><Attribute z:Id="i107"><AttributeType>xyz</AttributeType><IsRequired>true</IsRequired><Value i:type="a:ArrayOfdouble" xmlns:a="http://schemas.microsoft.com/2003/10/Serialization/Arrays"><a:double>0</a:double><a:double>0</a:double><a:double>0</a:double></Value></Attribute><Attribute z:Id="i108"><AttributeType>rpy</AttributeType><IsRequired>true</IsRequired><Value i:type="a:ArrayOfdouble" xmlns:a="http://schemas.microsoft.com/2003/10/Serialization/Arrays"><a:double>0</a:double><a:double>0</a:double><a:double>0</a:double></Value></Attribute></Attributes><ChildElements/><ElementName>origin</ElementName><required>false</required><RPYAttribute z:Ref="i108"/><XYZAttribute z:Ref="i107"/><isCustomized>false</isCustomized></URDFElement><URDFElement z:Id="i109" i:type="ParentLink"><Attributes><Attribute z:Id="i110"><AttributeType>link</AttributeType><IsRequired>true</IsRequired><Value i:type="a:string" xmlns:a="http://www.w3.org/2001/XMLSchema"/></Attribute></Attributes><ChildElements/><ElementName>parent</ElementName><required>true</required><NameAttribute z:Ref="i110"/></URDFElement><URDFElement z:Id="i111" i:type="ChildLink"><Attributes><Attribute z:Id="i112"><AttributeType>link</AttributeType><IsRequired>true</IsRequired><Value i:type="a:string" xmlns:a="http://www.w3.org/2001/XMLSchema"/></Attribute></Attributes><ChildElements/><ElementName>child</ElementName><required>true</required><NameAttribute z:Ref="i112"/></URDFElement><URDFElement z:Id="i113" i:type="Axis"><Attributes><Attribute z:Id="i114"><AttributeType>xyz</AttributeType><IsRequired>true</IsRequired><Value i:type="a:ArrayOfdouble" xmlns:a="http://schemas.microsoft.com/2003/10/Serialization/Arrays"><a:double>0</a:double><a:double>0</a:double><a:double>0</a:double></Value></Attribute></Attributes><ChildElements/><ElementName>axis</ElementName><required>false</required><XYZAttribute z:Ref="i114"/></URDFElement><URDFElement z:Id="i115" i:type="Limit"><Attributes><Attribute z:Id="i116"><AttributeType>lower</AttributeType><IsRequired>false</IsRequired><Value i:nil="true"/></Attribute><Attribute z:Id="i117"><AttributeType>upper</AttributeType><IsRequired>false</IsRequired><Value i:nil="true"/></Attribute><Attribute z:Id="i118"><AttributeType>effort</AttributeType><IsRequired>true</IsRequired><Value i:nil="true"/></Attribute><Attribute z:Id="i119"><AttributeType>velocity</AttributeType><IsRequired>true</IsRequired><Value i:nil="true"/></Attribute></Attributes><ChildElements/><ElementName>limit</ElementName><required>false</required><EffortAttribute z:Ref="i118"/><LowerAttribute z:Ref="i116"/><UpperAttribute z:Ref="i117"/><VelocityAttribute z:Ref="i119"/></URDFElement><URDFElement z:Id="i120" i:type="Calibration"><Attributes><Attribute z:Id="i121"><AttributeType>rising</AttributeType><IsRequired>false</IsRequired><Value i:nil="true"/></Attribute><Attribute z:Id="i122"><AttributeType>falling</AttributeType><IsRequired>false</IsRequired><Value i:nil="true"/></Attribute></Attributes><ChildElements/><ElementName>calibration</ElementName><required>false</required><FallingAttribute z:Ref="i122"/><RisingAttribute z:Ref="i121"/></URDFElement><URDFElement z:Id="i123" i:type="Dynamics"><Attributes><Attribute z:Id="i124"><AttributeType>damping</AttributeType><IsRequired>false</IsRequired><Value i:nil="true"/></Attribute><Attribute z:Id="i125"><AttributeType>friction</AttributeType><IsRequired>false</IsRequired><Value i:nil="true"/></Attribute></Attributes><ChildElements/><ElementName>dynamics</ElementName><required>false</required><DampingAttribute z:Ref="i124"/><FrictionAttribute z:Ref="i125"/></URDFElement><URDFElement z:Id="i126" i:type="SafetyController"><Attributes><Attribute z:Id="i127"><AttributeType>soft_upper_limit</AttributeType><IsRequired>false</IsRequired><Value i:nil="true"/></Attribute><Attribute z:Id="i128"><AttributeType>soft_lower_limit</AttributeType><IsRequired>false</IsRequired><Value i:nil="true"/></Attribute><Attribute z:Id="i129"><AttributeType>k_position</AttributeType><IsRequired>false</IsRequired><Value i:nil="true"/></Attribute><Attribute z:Id="i130"><AttributeType>k_velocity</AttributeType><IsRequired>true</IsRequired><Value i:nil="true"/></Attribute></Attributes><ChildElements/><ElementName>safety_controller</ElementName><required>false</required><KPositionAttribute z:Ref="i129"/><KVelocityAttribute z:Ref="i130"/><SoftLowerAttribute z:Ref="i128"/><SoftUpperAttribute z:Ref="i127"/></URDFElement><URDFElement z:Id="i131" i:type="Mimic"><Attributes><Attribute z:Id="i132"><AttributeType>joint</AttributeType><IsRequired>true</IsRequired><Value i:nil="true"/></Attribute><Attribute z:Id="i133"><AttributeType>multiplier</AttributeType><IsRequired>false</IsRequired><Value i:nil="true"/></Attribute><Attribute z:Id="i134"><AttributeType>offset</AttributeType><IsRequired>false</IsRequired><Value i:nil="true"/></Attribute></Attributes><ChildElements/><ElementName>mimic</ElementName><required>false</required><JointNameAttribute z:Ref="i132"/><MultiplierAttribute z:Ref="i133"/><OffsetAttribute z:Ref="i134"/></URDFElement></ChildElements><ElementName>joint</ElementName><required>false</required><Axis z:Ref="i113"/><AxisName>Automatically Generate</AxisName><Calibration z:Ref="i120"/><Child z:Ref="i111"/><CoordinateSystemName>Automatically Generate</CoordinateSystemName><Dynamics z:Ref="i123"/><Limit z:Ref="i115"/><Mimic z:Ref="i131"/><NameAttribute z:Ref="i104"/><Origin z:Ref="i106"/><Parent z:Ref="i109"/><Safety z:Ref="i126"/><TypeAttribute z:Ref="i105"/></URDFElement></ChildElements><ElementName>link</ElementName><required>true</required><Children/><Collision z:Ref="i96"/><Inertial z:Ref="i70"/><Joint z:Ref="i103"/><NameAttribute z:Ref="i69"/><Parent z:Ref="i1"/><STLQualityFine>false</STLQualityFine><SWComponentPIDs xmlns:a="http://schemas.microsoft.com/2003/10/Serialization/Arrays"><a:base64Binary>sDYAAAUAAAD//v8tVgBlAHIAdABpAGMAYQBsACAAUABWAEMAIAAzACAAaQBuAGMAaAAgACgANgAwACAAaQBuACAAbABlAG4AZwB0AGgAKQAgAC0ALQAyAEAAQQBzAHMAZQBtADEABAAAABAAAAABAAAAAQAAACoAAAA=</a:base64Binary><a:base64Binary>sDYAAAUAAAD//v8uSABvAHIAaQB6AG8AbgB0AGEAbAAgAFAAVgBDACAAMwAgAGkAbgBjAGgAIAAoADEAMgAwACAAaQBuACAAbABlAG4AZwB0AGgAKQAtADEAQABBAHMAcwBlAG0AMQAEAAAAEAAAAAEAAAABAAAAGgAAAA==</a:base64Binary><a:base64Binary>sDYAAAUAAAD//v8tVgBlAHIAdABpAGMAYQBsACAAUABWAEMAIAAzACAAaQBuAGMAaAAgACgANgAwACAAaQBuACAAbABlAG4AZwB0AGgAKQAgAC0ALQAxAEAAQQBzAHMAZQBtADEABAAAABAAAAABAAAAAQAAACkAAAA=</a:base64Binary><a:base64Binary>sDYAAAUAAAD//v8WMQAuADUAaQBuACAAdAB3AG8AIAB3AGEAeQAtADEAQABBAHMAcwBlAG0AMQAEAAAAEAAAAAEAAAABAAAANgAAAA==</a:base64Binary><a:base64Binary>sDYAAAUAAAD//v8kVgBlAHIAdABpAGMAYQBsACAAMgBpAG4AIAAoADIANABpAG4AYwBoACAAbABlAG4AZwB0AGgALQAxAEAAQQBzAHMAZQBtADEABAAAABAAAAABAAAAAQAAADIAAAA=</a:base64Binary><a:base64Binary>sDYAAAUAAAD//v8WMQAuADUAaQBuACAAdAB3AG8AIAB3AGEAeQAtADIAQABBAHMAcwBlAG0AMQAEAAAAEAAAAAEAAAABAAAANwAAAA==</a:base64Binary></SWComponentPIDs><SWMainComponentPID i:nil="true"/><Visual z:Ref="i83"/><isFixedFrame>false</isFixedFrame><isIncomplete>false</isIncomplete></Link></Children><Collision z:Ref="i29"/><Inertial z:Ref="i3"/><Joint z:Ref="i36"/><NameAttribute z:Ref="i2"/><Parent i:nil="true"/><STLQualityFine>false</STLQualityFine><SWComponentPIDs xmlns:a="http://schemas.microsoft.com/2003/10/Serialization/Arrays"><a:base64Binary>sDYAAAUAAAD//v8tVgBlAHIAdABpAGMAYQBsACAAUABWAEMAIAAzACAAaQBuAGMAaAAgACgANgAwACAAaQBuACAAbABlAG4AZwB0AGgAKQAgAC0ALQAyAEAAQQBzAHMAZQBtADEABAAAABAAAAABAAAAAQAAACoAAAA=</a:base64Binary><a:base64Binary>sDYAAAUAAAD//v8uSABvAHIAaQB6AG8AbgB0AGEAbAAgAFAAVgBDACAAMwAgAGkAbgBjAGgAIAAoADEAMgAwACAAaQBuACAAbABlAG4AZwB0AGgAKQAtADEAQABBAHMAcwBlAG0AMQAEAAAAEAAAAAEAAAABAAAAGgAAAA==</a:base64Binary><a:base64Binary>sDYAAAUAAAD//v8tVgBlAHIAdABpAGMAYQBsACAAUABWAEMAIAAzACAAaQBuAGMAaAAgACgANgAwACAAaQBuACAAbABlAG4AZwB0AGgAKQAgAC0ALQAxAEAAQQBzAHMAZQBtADEABAAAABAAAAABAAAAAQAAACkAAAA=</a:base64Binary><a:base64Binary>sDYAAAUAAAD//v8WMQAuADUAaQBuACAAdAB3AG8AIAB3AGEAeQAtADEAQABBAHMAcwBlAG0AMQAEAAAAEAAAAAEAAAABAAAANgAAAA==</a:base64Binary><a:base64Binary>sDYAAAUAAAD//v8kVgBlAHIAdABpAGMAYQBsACAAMgBpAG4AIAAoADIANABpAG4AYwBoACAAbABlAG4AZwB0AGgALQAxAEAAQQBzAHMAZQBtADEABAAAABAAAAABAAAAAQAAADIAAAA=</a:base64Binary><a:base64Binary>sDYAAAUAAAD//v8WMQAuADUAaQBuACAAdAB3AG8AIAB3AGEAeQAtADIAQABBAHMAcwBlAG0AMQAEAAAAEAAAAAEAAAABAAAANwAAAA==</a:base64Binary></SWComponentPIDs><SWMainComponentPID i:nil="true"/><Visual z:Ref="i16"/><isFixedFrame>false</isFixedFrame><isIncomplete>false</isIncomplete></Link>
2022-03-22 19:46:09,898 INFO  AssemblyExportForm.cs: 309 - Saving URDF package to C:\Users\boxin\Documents\GrabCAD\Machine Intelligence Lab (SubjuGator & NaviGator)\Machine Intelligence Lab\Reference\RoboNation\SubjuGator\2020\Tasks IN CAD\Star Gate\URDF\Assem1
2022-03-22 19:46:09,899 INFO  ExportHelper.cs: 147 - Beginning the export process
2022-03-22 19:46:09,900 INFO  ExportHelper.cs: 153 - Creating package directories with name Assem1 and save path C:\Users\boxin\Documents\GrabCAD\Machine Intelligence Lab (SubjuGator & NaviGator)\Machine Intelligence Lab\Reference\RoboNation\SubjuGator\2020\Tasks IN CAD\Star Gate\URDF
2022-03-22 19:46:11,005 INFO  ExportHelper.cs: 162 - Creating CMakeLists.txt at C:\Users\boxin\Documents\GrabCAD\Machine Intelligence Lab (SubjuGator & NaviGator)\Machine Intelligence Lab\Reference\RoboNation\SubjuGator\2020\Tasks IN CAD\Star Gate\URDF\Assem1\CMakeLists.txt
2022-03-22 19:46:11,007 INFO  ExportHelper.cs: 166 - Creating joint names config at C:\Users\boxin\Documents\GrabCAD\Machine Intelligence Lab (SubjuGator & NaviGator)\Machine Intelligence Lab\Reference\RoboNation\SubjuGator\2020\Tasks IN CAD\Star Gate\URDF\Assem1\config\joint_names_Assem1.yaml
2022-03-22 19:46:11,008 INFO  ExportHelper.cs: 170 - Creating package.xml at C:\Users\boxin\Documents\GrabCAD\Machine Intelligence Lab (SubjuGator & NaviGator)\Machine Intelligence Lab\Reference\RoboNation\SubjuGator\2020\Tasks IN CAD\Star Gate\URDF\Assem1\package.xml
2022-03-22 19:46:11,009 INFO  PackageXMLWriter.cs: 21 - Creating package.xml at C:\Users\boxin\Documents\GrabCAD\Machine Intelligence Lab (SubjuGator & NaviGator)\Machine Intelligence Lab\Reference\RoboNation\SubjuGator\2020\Tasks IN CAD\Star Gate\URDF\Assem1\package.xml
2022-03-22 19:46:11,012 INFO  ExportHelper.cs: 177 - Creating RVIZ launch file in C:\Users\boxin\Documents\GrabCAD\Machine Intelligence Lab (SubjuGator & NaviGator)\Machine Intelligence Lab\Reference\RoboNation\SubjuGator\2020\Tasks IN CAD\Star Gate\URDF\Assem1\launch\
2022-03-22 19:46:11,013 INFO  ExportHelper.cs: 182 - Creating Gazebo launch file in C:\Users\boxin\Documents\GrabCAD\Machine Intelligence Lab (SubjuGator & NaviGator)\Machine Intelligence Lab\Reference\RoboNation\SubjuGator\2020\Tasks IN CAD\Star Gate\URDF\Assem1\launch\
2022-03-22 19:46:11,014 INFO  ExportHelper.cs: 187 - Saving existing STL preferences
2022-03-22 19:46:11,015 INFO  ExportHelper.cs: 450 - Saving users preferences
2022-03-22 19:46:11,015 INFO  ExportHelper.cs: 190 - Modifying STL preferences
2022-03-22 19:46:11,016 INFO  ExportHelper.cs: 464 - Setting STL preferences
2022-03-22 19:46:11,020 INFO  ExportHelper.cs: 196 - Found 0 hidden components 
2022-03-22 19:46:11,020 INFO  ExportHelper.cs: 197 - Hiding all components
2022-03-22 19:46:11,098 INFO  ExportHelper.cs: 204 - Beginning individual files export
2022-03-22 19:46:11,099 INFO  ExportHelper.cs: 270 - Exporting link: base_link
2022-03-22 19:46:11,100 INFO  ExportHelper.cs: 272 - Link base_link has 1 children
2022-03-22 19:46:11,100 INFO  ExportHelper.cs: 270 - Exporting link: Child Link
2022-03-22 19:46:11,101 INFO  ExportHelper.cs: 272 - Link Child Link has 0 children
2022-03-22 19:46:11,101 INFO  ExportHelper.cs: 317 - Child Link: Exporting STL with coordinate frame Origin_Best
2022-03-22 19:46:11,102 INFO  ExportHelper.cs: 322 - Child Link: Reference geometry name 
2022-03-22 19:46:11,176 INFO  ExportHelper.cs: 330 - Saving STL to C:\Users\boxin\Documents\GrabCAD\Machine Intelligence Lab (SubjuGator & NaviGator)\Machine Intelligence Lab\Reference\RoboNation\SubjuGator\2020\Tasks IN CAD\Star Gate\URDF\Assem1\meshes\Child Link.STL
2022-03-22 19:46:11,276 INFO  ExportHelper.cs: 405 - Removing SW header in STL file
2022-03-22 19:46:11,277 INFO  ExportHelper.cs: 317 - base_link: Exporting STL with coordinate frame Origin_global
2022-03-22 19:46:11,277 INFO  ExportHelper.cs: 322 - base_link: Reference geometry name 
2022-03-22 19:46:11,358 INFO  ExportHelper.cs: 330 - Saving STL to C:\Users\boxin\Documents\GrabCAD\Machine Intelligence Lab (SubjuGator & NaviGator)\Machine Intelligence Lab\Reference\RoboNation\SubjuGator\2020\Tasks IN CAD\Star Gate\URDF\Assem1\meshes\base_link.STL
2022-03-22 19:46:11,453 INFO  ExportHelper.cs: 405 - Removing SW header in STL file
2022-03-22 19:46:11,454 INFO  ExportHelper.cs: 145 - Showing all components except previously hidden components
2022-03-22 19:46:11,538 INFO  ExportHelper.cs: 145 - Resetting STL preferences
2022-03-22 19:46:11,539 INFO  ExportHelper.cs: 478 - Returning STL preferences to user preferences
2022-03-22 19:46:11,539 INFO  ExportHelper.cs: 228 - Writing URDF file to C:\Users\boxin\Documents\GrabCAD\Machine Intelligence Lab (SubjuGator & NaviGator)\Machine Intelligence Lab\Reference\RoboNation\SubjuGator\2020\Tasks IN CAD\Star Gate\URDF\Assem1\urdf\Assem1.urdf
2022-03-22 19:46:11,542 INFO  CSVImportExport.cs: 32 - Writing CSV file C:\Users\boxin\Documents\GrabCAD\Machine Intelligence Lab (SubjuGator & NaviGator)\Machine Intelligence Lab\Reference\RoboNation\SubjuGator\2020\Tasks IN CAD\Star Gate\URDF\Assem1\urdf\Assem1.csv
2022-03-22 19:46:11,554 ERROR CSVImportExport.cs: 130 - The following columns were not written to the CSV: Link.Joint.ChildLink.link,
2022-03-22 19:46:11,555 ERROR CSVImportExport.cs: 130 - The following columns were not written to the CSV: Link.Joint.ChildLink.link,
2022-03-22 19:46:11,555 INFO  ExportHelper.cs: 234 - Copying log file
2022-03-22 19:46:11,558 INFO  ExportHelper.cs: 439 - Copying C:\Users\boxin\sw2urdf_logs\sw2urdf.log to C:\Users\boxin\Documents\GrabCAD\Machine Intelligence Lab (SubjuGator & NaviGator)\Machine Intelligence Lab\Reference\RoboNation\SubjuGator\2020\Tasks IN CAD\Star Gate\URDF\Assem1\export.log
