2022-06-05 19:48:27,733 INFO  Logger.cs: 70 - 
--------------------------------------------------------------------------------
2022-06-05 19:48:27,752 INFO  Logger.cs: 71 - Logging commencing for SW2URDF exporter
2022-06-05 19:48:27,753 INFO  Logger.cs: 73 - Commit version 1.6.0-4-g7f85cfe
2022-06-05 19:48:27,754 INFO  Logger.cs: 74 - Build version 1.6.7995.38578
2022-06-05 19:48:27,756 INFO  SwAddin.cs: 192 - Attempting to connect to SW
2022-06-05 19:48:27,756 INFO  SwAddin.cs: 197 - Setting up callbacks
2022-06-05 19:48:27,757 INFO  SwAddin.cs: 201 - Setting up command manager
2022-06-05 19:48:27,758 INFO  SwAddin.cs: 204 - Adding command manager
2022-06-05 19:48:27,760 INFO  SwAddin.cs: 263 - Adding Assembly export to file menu
2022-06-05 19:48:27,763 INFO  SwAddin.cs: 272 - Adding Part export to file menu
2022-06-05 19:48:27,763 INFO  SwAddin.cs: 210 - Adding event handlers
2022-06-05 19:48:27,765 INFO  SwAddin.cs: 217 - Connecting plugin to SolidWorks
2022-06-05 19:49:07,122 INFO  SwAddin.cs: 294 - Assembly export called for file Assm_Gates.SLDASM
2022-06-05 19:49:07,124 INFO  SwAddin.cs: 299 - Save is required
2022-06-05 19:49:07,124 INFO  SwAddin.cs: 313 - Saving assembly
2022-06-05 19:49:07,231 INFO  SwAddin.cs: 316 - Opening property manager
2022-06-05 19:49:07,243 INFO  ExportHelperExtension.cs: 1125 - Retrieving features of type [CoordSys] from Assm_Gates.SLDASM
2022-06-05 19:49:07,247 INFO  ExportHelperExtension.cs: 1136 - Found 70 in Assm_Gates.SLDASM
2022-06-05 19:49:07,248 INFO  ExportHelperExtension.cs: 1145 - Found 0 features of type [CoordSys] in Assm_Gates.SLDASM
2022-06-05 19:49:07,249 INFO  ExportHelperExtension.cs: 1148 - Proceeding through assembly components
2022-06-05 19:49:07,250 INFO  ExportHelperExtension.cs: 1160 - 12 components to check
2022-06-05 19:49:07,252 INFO  ExportHelperExtension.cs: 1125 - Retrieving features of type [CoordSys] from Gman_Plate-1
2022-06-05 19:49:07,252 INFO  ExportHelperExtension.cs: 1136 - Found 24 in Gman_Plate-1
2022-06-05 19:49:07,253 INFO  ExportHelperExtension.cs: 1145 - Found 0 features of type [CoordSys] in Gman_Plate-1
2022-06-05 19:49:07,254 INFO  ExportHelperExtension.cs: 1125 - Retrieving features of type [CoordSys] from 2_in_SeperaterPipe-1
2022-06-05 19:49:07,254 INFO  ExportHelperExtension.cs: 1136 - Found 25 in 2_in_SeperaterPipe-1
2022-06-05 19:49:07,255 INFO  ExportHelperExtension.cs: 1145 - Found 0 features of type [CoordSys] in 2_in_SeperaterPipe-1
2022-06-05 19:49:07,256 INFO  ExportHelperExtension.cs: 1125 - Retrieving features of type [CoordSys] from 3x6in_Dummy-2
2022-06-05 19:49:07,257 INFO  ExportHelperExtension.cs: 1136 - Found 25 in 3x6in_Dummy-2
2022-06-05 19:49:07,257 INFO  ExportHelperExtension.cs: 1145 - Found 0 features of type [CoordSys] in 3x6in_Dummy-2
2022-06-05 19:49:07,258 INFO  ExportHelperExtension.cs: 1125 - Retrieving features of type [CoordSys] from 3x6in_Dummy-1
2022-06-05 19:49:07,259 INFO  ExportHelperExtension.cs: 1136 - Found 25 in 3x6in_Dummy-1
2022-06-05 19:49:07,259 INFO  ExportHelperExtension.cs: 1145 - Found 0 features of type [CoordSys] in 3x6in_Dummy-1
2022-06-05 19:49:07,260 INFO  ExportHelperExtension.cs: 1125 - Retrieving features of type [CoordSys] from Vertical_Pipe_3in_PVC-1
2022-06-05 19:49:07,261 INFO  ExportHelperExtension.cs: 1136 - Found 25 in Vertical_Pipe_3in_PVC-1
2022-06-05 19:49:07,262 INFO  ExportHelperExtension.cs: 1145 - Found 0 features of type [CoordSys] in Vertical_Pipe_3in_PVC-1
2022-06-05 19:49:07,262 INFO  ExportHelperExtension.cs: 1125 - Retrieving features of type [CoordSys] from 3x6in_Dummy-3
2022-06-05 19:49:07,263 INFO  ExportHelperExtension.cs: 1136 - Found 25 in 3x6in_Dummy-3
2022-06-05 19:49:07,269 INFO  ExportHelperExtension.cs: 1145 - Found 0 features of type [CoordSys] in 3x6in_Dummy-3
2022-06-05 19:49:07,269 INFO  ExportHelperExtension.cs: 1125 - Retrieving features of type [CoordSys] from Vertical_Pipe_3in_PVC-2
2022-06-05 19:49:07,275 INFO  ExportHelperExtension.cs: 1136 - Found 25 in Vertical_Pipe_3in_PVC-2
2022-06-05 19:49:07,275 INFO  ExportHelperExtension.cs: 1145 - Found 0 features of type [CoordSys] in Vertical_Pipe_3in_PVC-2
2022-06-05 19:49:07,276 INFO  ExportHelperExtension.cs: 1125 - Retrieving features of type [CoordSys] from 3x6in_Dummy-4
2022-06-05 19:49:07,277 INFO  ExportHelperExtension.cs: 1136 - Found 25 in 3x6in_Dummy-4
2022-06-05 19:49:07,277 INFO  ExportHelperExtension.cs: 1145 - Found 0 features of type [CoordSys] in 3x6in_Dummy-4
2022-06-05 19:49:07,278 INFO  ExportHelperExtension.cs: 1125 - Retrieving features of type [CoordSys] from HorizontalpipeDia3inBY120in-1
2022-06-05 19:49:07,278 INFO  ExportHelperExtension.cs: 1136 - Found 24 in HorizontalpipeDia3inBY120in-1
2022-06-05 19:49:07,279 INFO  ExportHelperExtension.cs: 1145 - Found 0 features of type [CoordSys] in HorizontalpipeDia3inBY120in-1
2022-06-05 19:49:07,279 INFO  ExportHelperExtension.cs: 1125 - Retrieving features of type [CoordSys] from 3inElbow-1
2022-06-05 19:49:07,280 INFO  ExportHelperExtension.cs: 1136 - Found 30 in 3inElbow-1
2022-06-05 19:49:07,280 INFO  ExportHelperExtension.cs: 1145 - Found 0 features of type [CoordSys] in 3inElbow-1
2022-06-05 19:49:07,281 INFO  ExportHelperExtension.cs: 1125 - Retrieving features of type [CoordSys] from 3inElbow-2
2022-06-05 19:49:07,281 INFO  ExportHelperExtension.cs: 1136 - Found 30 in 3inElbow-2
2022-06-05 19:49:07,282 INFO  ExportHelperExtension.cs: 1145 - Found 0 features of type [CoordSys] in 3inElbow-2
2022-06-05 19:49:07,282 INFO  ExportHelperExtension.cs: 1125 - Retrieving features of type [CoordSys] from Bootlegger_Plate-1
2022-06-05 19:49:07,283 INFO  ExportHelperExtension.cs: 1136 - Found 25 in Bootlegger_Plate-1
2022-06-05 19:49:07,283 INFO  ExportHelperExtension.cs: 1145 - Found 0 features of type [CoordSys] in Bootlegger_Plate-1
2022-06-05 19:49:07,284 INFO  ExportHelperExtension.cs: 1125 - Retrieving features of type [RefAxis] from Assm_Gates.SLDASM
2022-06-05 19:49:07,284 INFO  ExportHelperExtension.cs: 1136 - Found 70 in Assm_Gates.SLDASM
2022-06-05 19:49:07,285 INFO  ExportHelperExtension.cs: 1145 - Found 0 features of type [RefAxis] in Assm_Gates.SLDASM
2022-06-05 19:49:07,285 INFO  ExportHelperExtension.cs: 1148 - Proceeding through assembly components
2022-06-05 19:49:07,286 INFO  ExportHelperExtension.cs: 1160 - 12 components to check
2022-06-05 19:49:07,286 INFO  ExportHelperExtension.cs: 1125 - Retrieving features of type [RefAxis] from Gman_Plate-1
2022-06-05 19:49:07,287 INFO  ExportHelperExtension.cs: 1136 - Found 24 in Gman_Plate-1
2022-06-05 19:49:07,287 INFO  ExportHelperExtension.cs: 1145 - Found 0 features of type [RefAxis] in Gman_Plate-1
2022-06-05 19:49:07,288 INFO  ExportHelperExtension.cs: 1125 - Retrieving features of type [RefAxis] from 2_in_SeperaterPipe-1
2022-06-05 19:49:07,288 INFO  ExportHelperExtension.cs: 1136 - Found 25 in 2_in_SeperaterPipe-1
2022-06-05 19:49:07,289 INFO  ExportHelperExtension.cs: 1145 - Found 0 features of type [RefAxis] in 2_in_SeperaterPipe-1
2022-06-05 19:49:07,290 INFO  ExportHelperExtension.cs: 1125 - Retrieving features of type [RefAxis] from 3x6in_Dummy-2
2022-06-05 19:49:07,290 INFO  ExportHelperExtension.cs: 1136 - Found 25 in 3x6in_Dummy-2
2022-06-05 19:49:07,291 INFO  ExportHelperExtension.cs: 1145 - Found 0 features of type [RefAxis] in 3x6in_Dummy-2
2022-06-05 19:49:07,291 INFO  ExportHelperExtension.cs: 1125 - Retrieving features of type [RefAxis] from 3x6in_Dummy-1
2022-06-05 19:49:07,292 INFO  ExportHelperExtension.cs: 1136 - Found 25 in 3x6in_Dummy-1
2022-06-05 19:49:07,292 INFO  ExportHelperExtension.cs: 1145 - Found 0 features of type [RefAxis] in 3x6in_Dummy-1
2022-06-05 19:49:07,292 INFO  ExportHelperExtension.cs: 1125 - Retrieving features of type [RefAxis] from Vertical_Pipe_3in_PVC-1
2022-06-05 19:49:07,293 INFO  ExportHelperExtension.cs: 1136 - Found 25 in Vertical_Pipe_3in_PVC-1
2022-06-05 19:49:07,293 INFO  ExportHelperExtension.cs: 1145 - Found 0 features of type [RefAxis] in Vertical_Pipe_3in_PVC-1
2022-06-05 19:49:07,294 INFO  ExportHelperExtension.cs: 1125 - Retrieving features of type [RefAxis] from 3x6in_Dummy-3
2022-06-05 19:49:07,294 INFO  ExportHelperExtension.cs: 1136 - Found 25 in 3x6in_Dummy-3
2022-06-05 19:49:07,295 INFO  ExportHelperExtension.cs: 1145 - Found 0 features of type [RefAxis] in 3x6in_Dummy-3
2022-06-05 19:49:07,295 INFO  ExportHelperExtension.cs: 1125 - Retrieving features of type [RefAxis] from Vertical_Pipe_3in_PVC-2
2022-06-05 19:49:07,296 INFO  ExportHelperExtension.cs: 1136 - Found 25 in Vertical_Pipe_3in_PVC-2
2022-06-05 19:49:07,296 INFO  ExportHelperExtension.cs: 1145 - Found 0 features of type [RefAxis] in Vertical_Pipe_3in_PVC-2
2022-06-05 19:49:07,297 INFO  ExportHelperExtension.cs: 1125 - Retrieving features of type [RefAxis] from 3x6in_Dummy-4
2022-06-05 19:49:07,297 INFO  ExportHelperExtension.cs: 1136 - Found 25 in 3x6in_Dummy-4
2022-06-05 19:49:07,298 INFO  ExportHelperExtension.cs: 1145 - Found 0 features of type [RefAxis] in 3x6in_Dummy-4
2022-06-05 19:49:07,298 INFO  ExportHelperExtension.cs: 1125 - Retrieving features of type [RefAxis] from HorizontalpipeDia3inBY120in-1
2022-06-05 19:49:07,299 INFO  ExportHelperExtension.cs: 1136 - Found 24 in HorizontalpipeDia3inBY120in-1
2022-06-05 19:49:07,299 INFO  ExportHelperExtension.cs: 1145 - Found 0 features of type [RefAxis] in HorizontalpipeDia3inBY120in-1
2022-06-05 19:49:07,299 INFO  ExportHelperExtension.cs: 1125 - Retrieving features of type [RefAxis] from 3inElbow-1
2022-06-05 19:49:07,300 INFO  ExportHelperExtension.cs: 1136 - Found 30 in 3inElbow-1
2022-06-05 19:49:07,301 INFO  ExportHelperExtension.cs: 1145 - Found 0 features of type [RefAxis] in 3inElbow-1
2022-06-05 19:49:07,301 INFO  ExportHelperExtension.cs: 1125 - Retrieving features of type [RefAxis] from 3inElbow-2
2022-06-05 19:49:07,302 INFO  ExportHelperExtension.cs: 1136 - Found 30 in 3inElbow-2
2022-06-05 19:49:07,302 INFO  ExportHelperExtension.cs: 1145 - Found 0 features of type [RefAxis] in 3inElbow-2
2022-06-05 19:49:07,303 INFO  ExportHelperExtension.cs: 1125 - Retrieving features of type [RefAxis] from Bootlegger_Plate-1
2022-06-05 19:49:07,303 INFO  ExportHelperExtension.cs: 1136 - Found 25 in Bootlegger_Plate-1
2022-06-05 19:49:07,304 INFO  ExportHelperExtension.cs: 1145 - Found 0 features of type [RefAxis] in Bootlegger_Plate-1
2022-06-05 19:49:07,536 INFO  SwAddin.cs: 339 - Loading config tree
2022-06-05 19:49:07,540 INFO  ExportPropertyManagerExtension.cs: 520 - Starting new configuration
2022-06-05 19:49:07,544 INFO  SwAddin.cs: 344 - Showing property manager
2022-06-05 19:49:13,073 INFO  ExportPropertyManager.cs: 422 - Configuration saved
2022-06-05 19:49:15,430 INFO  ExportHelperExtension.cs: 1125 - Retrieving features of type [CoordSys] from Assm_Gates.SLDASM
2022-06-05 19:49:15,432 INFO  ExportHelperExtension.cs: 1136 - Found 73 in Assm_Gates.SLDASM
2022-06-05 19:49:15,433 INFO  ExportHelperExtension.cs: 1145 - Found 1 features of type [CoordSys] in Assm_Gates.SLDASM
2022-06-05 19:49:15,434 INFO  ExportHelperExtension.cs: 1148 - Proceeding through assembly components
2022-06-05 19:49:15,434 INFO  ExportHelperExtension.cs: 1160 - 12 components to check
2022-06-05 19:49:15,435 INFO  ExportHelperExtension.cs: 1125 - Retrieving features of type [CoordSys] from Gman_Plate-1
2022-06-05 19:49:15,436 INFO  ExportHelperExtension.cs: 1136 - Found 24 in Gman_Plate-1
2022-06-05 19:49:15,437 INFO  ExportHelperExtension.cs: 1145 - Found 0 features of type [CoordSys] in Gman_Plate-1
2022-06-05 19:49:15,437 INFO  ExportHelperExtension.cs: 1125 - Retrieving features of type [CoordSys] from 2_in_SeperaterPipe-1
2022-06-05 19:49:15,438 INFO  ExportHelperExtension.cs: 1136 - Found 25 in 2_in_SeperaterPipe-1
2022-06-05 19:49:15,439 INFO  ExportHelperExtension.cs: 1145 - Found 0 features of type [CoordSys] in 2_in_SeperaterPipe-1
2022-06-05 19:49:15,439 INFO  ExportHelperExtension.cs: 1125 - Retrieving features of type [CoordSys] from 3x6in_Dummy-2
2022-06-05 19:49:15,440 INFO  ExportHelperExtension.cs: 1136 - Found 25 in 3x6in_Dummy-2
2022-06-05 19:49:15,441 INFO  ExportHelperExtension.cs: 1145 - Found 0 features of type [CoordSys] in 3x6in_Dummy-2
2022-06-05 19:49:15,442 INFO  ExportHelperExtension.cs: 1125 - Retrieving features of type [CoordSys] from 3x6in_Dummy-1
2022-06-05 19:49:15,442 INFO  ExportHelperExtension.cs: 1136 - Found 25 in 3x6in_Dummy-1
2022-06-05 19:49:15,443 INFO  ExportHelperExtension.cs: 1145 - Found 0 features of type [CoordSys] in 3x6in_Dummy-1
2022-06-05 19:49:15,443 INFO  ExportHelperExtension.cs: 1125 - Retrieving features of type [CoordSys] from Vertical_Pipe_3in_PVC-1
2022-06-05 19:49:15,444 INFO  ExportHelperExtension.cs: 1136 - Found 25 in Vertical_Pipe_3in_PVC-1
2022-06-05 19:49:15,444 INFO  ExportHelperExtension.cs: 1145 - Found 0 features of type [CoordSys] in Vertical_Pipe_3in_PVC-1
2022-06-05 19:49:15,445 INFO  ExportHelperExtension.cs: 1125 - Retrieving features of type [CoordSys] from 3x6in_Dummy-3
2022-06-05 19:49:15,445 INFO  ExportHelperExtension.cs: 1136 - Found 25 in 3x6in_Dummy-3
2022-06-05 19:49:15,445 INFO  ExportHelperExtension.cs: 1145 - Found 0 features of type [CoordSys] in 3x6in_Dummy-3
2022-06-05 19:49:15,446 INFO  ExportHelperExtension.cs: 1125 - Retrieving features of type [CoordSys] from Vertical_Pipe_3in_PVC-2
2022-06-05 19:49:15,447 INFO  ExportHelperExtension.cs: 1136 - Found 25 in Vertical_Pipe_3in_PVC-2
2022-06-05 19:49:15,448 INFO  ExportHelperExtension.cs: 1145 - Found 0 features of type [CoordSys] in Vertical_Pipe_3in_PVC-2
2022-06-05 19:49:15,449 INFO  ExportHelperExtension.cs: 1125 - Retrieving features of type [CoordSys] from 3x6in_Dummy-4
2022-06-05 19:49:15,449 INFO  ExportHelperExtension.cs: 1136 - Found 25 in 3x6in_Dummy-4
2022-06-05 19:49:15,450 INFO  ExportHelperExtension.cs: 1145 - Found 0 features of type [CoordSys] in 3x6in_Dummy-4
2022-06-05 19:49:15,451 INFO  ExportHelperExtension.cs: 1125 - Retrieving features of type [CoordSys] from HorizontalpipeDia3inBY120in-1
2022-06-05 19:49:15,452 INFO  ExportHelperExtension.cs: 1136 - Found 24 in HorizontalpipeDia3inBY120in-1
2022-06-05 19:49:15,453 INFO  ExportHelperExtension.cs: 1145 - Found 0 features of type [CoordSys] in HorizontalpipeDia3inBY120in-1
2022-06-05 19:49:15,453 INFO  ExportHelperExtension.cs: 1125 - Retrieving features of type [CoordSys] from 3inElbow-1
2022-06-05 19:49:15,454 INFO  ExportHelperExtension.cs: 1136 - Found 30 in 3inElbow-1
2022-06-05 19:49:15,454 INFO  ExportHelperExtension.cs: 1145 - Found 0 features of type [CoordSys] in 3inElbow-1
2022-06-05 19:49:15,455 INFO  ExportHelperExtension.cs: 1125 - Retrieving features of type [CoordSys] from 3inElbow-2
2022-06-05 19:49:15,455 INFO  ExportHelperExtension.cs: 1136 - Found 30 in 3inElbow-2
2022-06-05 19:49:15,456 INFO  ExportHelperExtension.cs: 1145 - Found 0 features of type [CoordSys] in 3inElbow-2
2022-06-05 19:49:15,457 INFO  ExportHelperExtension.cs: 1125 - Retrieving features of type [CoordSys] from Bootlegger_Plate-1
2022-06-05 19:49:15,457 INFO  ExportHelperExtension.cs: 1136 - Found 25 in Bootlegger_Plate-1
2022-06-05 19:49:15,458 INFO  ExportHelperExtension.cs: 1145 - Found 0 features of type [CoordSys] in Bootlegger_Plate-1
2022-06-05 19:49:15,458 INFO  ExportHelperExtension.cs: 1125 - Retrieving features of type [RefAxis] from Assm_Gates.SLDASM
2022-06-05 19:49:15,459 INFO  ExportHelperExtension.cs: 1136 - Found 73 in Assm_Gates.SLDASM
2022-06-05 19:49:15,460 INFO  ExportHelperExtension.cs: 1145 - Found 0 features of type [RefAxis] in Assm_Gates.SLDASM
2022-06-05 19:49:15,460 INFO  ExportHelperExtension.cs: 1148 - Proceeding through assembly components
2022-06-05 19:49:15,461 INFO  ExportHelperExtension.cs: 1160 - 12 components to check
2022-06-05 19:49:15,461 INFO  ExportHelperExtension.cs: 1125 - Retrieving features of type [RefAxis] from Gman_Plate-1
2022-06-05 19:49:15,462 INFO  ExportHelperExtension.cs: 1136 - Found 24 in Gman_Plate-1
2022-06-05 19:49:15,462 INFO  ExportHelperExtension.cs: 1145 - Found 0 features of type [RefAxis] in Gman_Plate-1
2022-06-05 19:49:15,463 INFO  ExportHelperExtension.cs: 1125 - Retrieving features of type [RefAxis] from 2_in_SeperaterPipe-1
2022-06-05 19:49:15,464 INFO  ExportHelperExtension.cs: 1136 - Found 25 in 2_in_SeperaterPipe-1
2022-06-05 19:49:15,464 INFO  ExportHelperExtension.cs: 1145 - Found 0 features of type [RefAxis] in 2_in_SeperaterPipe-1
2022-06-05 19:49:15,465 INFO  ExportHelperExtension.cs: 1125 - Retrieving features of type [RefAxis] from 3x6in_Dummy-2
2022-06-05 19:49:15,465 INFO  ExportHelperExtension.cs: 1136 - Found 25 in 3x6in_Dummy-2
2022-06-05 19:49:15,466 INFO  ExportHelperExtension.cs: 1145 - Found 0 features of type [RefAxis] in 3x6in_Dummy-2
2022-06-05 19:49:15,466 INFO  ExportHelperExtension.cs: 1125 - Retrieving features of type [RefAxis] from 3x6in_Dummy-1
2022-06-05 19:49:15,467 INFO  ExportHelperExtension.cs: 1136 - Found 25 in 3x6in_Dummy-1
2022-06-05 19:49:15,468 INFO  ExportHelperExtension.cs: 1145 - Found 0 features of type [RefAxis] in 3x6in_Dummy-1
2022-06-05 19:49:15,468 INFO  ExportHelperExtension.cs: 1125 - Retrieving features of type [RefAxis] from Vertical_Pipe_3in_PVC-1
2022-06-05 19:49:15,469 INFO  ExportHelperExtension.cs: 1136 - Found 25 in Vertical_Pipe_3in_PVC-1
2022-06-05 19:49:15,470 INFO  ExportHelperExtension.cs: 1145 - Found 0 features of type [RefAxis] in Vertical_Pipe_3in_PVC-1
2022-06-05 19:49:15,470 INFO  ExportHelperExtension.cs: 1125 - Retrieving features of type [RefAxis] from 3x6in_Dummy-3
2022-06-05 19:49:15,471 INFO  ExportHelperExtension.cs: 1136 - Found 25 in 3x6in_Dummy-3
2022-06-05 19:49:15,471 INFO  ExportHelperExtension.cs: 1145 - Found 0 features of type [RefAxis] in 3x6in_Dummy-3
2022-06-05 19:49:15,472 INFO  ExportHelperExtension.cs: 1125 - Retrieving features of type [RefAxis] from Vertical_Pipe_3in_PVC-2
2022-06-05 19:49:15,472 INFO  ExportHelperExtension.cs: 1136 - Found 25 in Vertical_Pipe_3in_PVC-2
2022-06-05 19:49:15,473 INFO  ExportHelperExtension.cs: 1145 - Found 0 features of type [RefAxis] in Vertical_Pipe_3in_PVC-2
2022-06-05 19:49:15,473 INFO  ExportHelperExtension.cs: 1125 - Retrieving features of type [RefAxis] from 3x6in_Dummy-4
2022-06-05 19:49:15,474 INFO  ExportHelperExtension.cs: 1136 - Found 25 in 3x6in_Dummy-4
2022-06-05 19:49:15,475 INFO  ExportHelperExtension.cs: 1145 - Found 0 features of type [RefAxis] in 3x6in_Dummy-4
2022-06-05 19:49:15,475 INFO  ExportHelperExtension.cs: 1125 - Retrieving features of type [RefAxis] from HorizontalpipeDia3inBY120in-1
2022-06-05 19:49:15,476 INFO  ExportHelperExtension.cs: 1136 - Found 24 in HorizontalpipeDia3inBY120in-1
2022-06-05 19:49:15,476 INFO  ExportHelperExtension.cs: 1145 - Found 0 features of type [RefAxis] in HorizontalpipeDia3inBY120in-1
2022-06-05 19:49:15,477 INFO  ExportHelperExtension.cs: 1125 - Retrieving features of type [RefAxis] from 3inElbow-1
2022-06-05 19:49:15,477 INFO  ExportHelperExtension.cs: 1136 - Found 30 in 3inElbow-1
2022-06-05 19:49:15,478 INFO  ExportHelperExtension.cs: 1145 - Found 0 features of type [RefAxis] in 3inElbow-1
2022-06-05 19:49:15,479 INFO  ExportHelperExtension.cs: 1125 - Retrieving features of type [RefAxis] from 3inElbow-2
2022-06-05 19:49:15,479 INFO  ExportHelperExtension.cs: 1136 - Found 30 in 3inElbow-2
2022-06-05 19:49:15,480 INFO  ExportHelperExtension.cs: 1145 - Found 0 features of type [RefAxis] in 3inElbow-2
2022-06-05 19:49:15,480 INFO  ExportHelperExtension.cs: 1125 - Retrieving features of type [RefAxis] from Bootlegger_Plate-1
2022-06-05 19:49:15,481 INFO  ExportHelperExtension.cs: 1136 - Found 25 in Bootlegger_Plate-1
2022-06-05 19:49:15,482 INFO  ExportHelperExtension.cs: 1145 - Found 0 features of type [RefAxis] in Bootlegger_Plate-1
2022-06-05 19:49:15,549 INFO  ExportPropertyManager.cs: 1142 - AfterClose called. This method no longer throws an Exception. It just silently does nothing. Ok, except for this logging message
2022-06-05 19:49:21,310 INFO  AssemblyExportForm.cs: 253 - Completing URDF export
2022-06-05 19:49:21,314 INFO  ConfigurationSerialization.cs: 276 - URDF Configuration found
<Link z:Id="i1" xmlns="http://schemas.datacontract.org/2004/07/SW2URDF" xmlns:i="http://www.w3.org/2001/XMLSchema-instance" xmlns:z="http://schemas.microsoft.com/2003/10/Serialization/"><Attributes><Attribute z:Id="i2"><AttributeType>name</AttributeType><IsRequired>true</IsRequired><Value i:type="a:string" xmlns:a="http://www.w3.org/2001/XMLSchema">base_link</Value></Attribute></Attributes><ChildElements><URDFElement z:Id="i3" i:type="Inertial"><Attributes/><ChildElements><URDFElement z:Id="i4" i:type="Origin"><Attributes><Attribute z:Id="i5"><AttributeType>xyz</AttributeType><IsRequired>true</IsRequired><Value i:type="a:ArrayOfdouble" xmlns:a="http://schemas.microsoft.com/2003/10/Serialization/Arrays"><a:double>0</a:double><a:double>0</a:double><a:double>0</a:double></Value></Attribute><Attribute z:Id="i6"><AttributeType>rpy</AttributeType><IsRequired>true</IsRequired><Value i:type="a:ArrayOfdouble" xmlns:a="http://schemas.microsoft.com/2003/10/Serialization/Arrays"><a:double>0</a:double><a:double>0</a:double><a:double>0</a:double></Value></Attribute></Attributes><ChildElements/><ElementName>origin</ElementName><required>false</required><RPYAttribute z:Ref="i6"/><XYZAttribute z:Ref="i5"/><isCustomized>false</isCustomized></URDFElement><URDFElement z:Id="i7" i:type="Mass"><Attributes><Attribute z:Id="i8"><AttributeType>value</AttributeType><IsRequired>true</IsRequired><Value i:type="a:double" xmlns:a="http://www.w3.org/2001/XMLSchema">0</Value></Attribute></Attributes><ChildElements/><ElementName>mass</ElementName><required>false</required><ValueAttribute z:Ref="i8"/></URDFElement><URDFElement z:Id="i9" i:type="Inertia"><Attributes><Attribute z:Id="i10"><AttributeType>ixx</AttributeType><IsRequired>true</IsRequired><Value i:type="a:double" xmlns:a="http://www.w3.org/2001/XMLSchema">0</Value></Attribute><Attribute z:Id="i11"><AttributeType>ixy</AttributeType><IsRequired>true</IsRequired><Value i:type="a:double" xmlns:a="http://www.w3.org/2001/XMLSchema">0</Value></Attribute><Attribute z:Id="i12"><AttributeType>ixz</AttributeType><IsRequired>true</IsRequired><Value i:type="a:double" xmlns:a="http://www.w3.org/2001/XMLSchema">0</Value></Attribute><Attribute z:Id="i13"><AttributeType>iyy</AttributeType><IsRequired>true</IsRequired><Value i:type="a:double" xmlns:a="http://www.w3.org/2001/XMLSchema">0</Value></Attribute><Attribute z:Id="i14"><AttributeType>iyz</AttributeType><IsRequired>true</IsRequired><Value i:type="a:double" xmlns:a="http://www.w3.org/2001/XMLSchema">0</Value></Attribute><Attribute z:Id="i15"><AttributeType>izz</AttributeType><IsRequired>true</IsRequired><Value i:type="a:double" xmlns:a="http://www.w3.org/2001/XMLSchema">0</Value></Attribute></Attributes><ChildElements/><ElementName>inertia</ElementName><required>false</required><IxxAttribute z:Ref="i10"/><IxyAttribute z:Ref="i11"/><IxzAttribute z:Ref="i12"/><IyyAttribute z:Ref="i13"/><IyzAttribute z:Ref="i14"/><IzzAttribute z:Ref="i15"/></URDFElement></ChildElements><ElementName>inertial</ElementName><required>false</required><Inertia z:Ref="i9"/><Mass z:Ref="i7"/><Origin z:Ref="i4"/></URDFElement><URDFElement z:Id="i16" i:type="Visual"><Attributes/><ChildElements><URDFElement z:Id="i17" i:type="Origin"><Attributes><Attribute z:Id="i18"><AttributeType>xyz</AttributeType><IsRequired>true</IsRequired><Value i:type="a:ArrayOfdouble" xmlns:a="http://schemas.microsoft.com/2003/10/Serialization/Arrays"><a:double>0</a:double><a:double>0</a:double><a:double>0</a:double></Value></Attribute><Attribute z:Id="i19"><AttributeType>rpy</AttributeType><IsRequired>true</IsRequired><Value i:type="a:ArrayOfdouble" xmlns:a="http://schemas.microsoft.com/2003/10/Serialization/Arrays"><a:double>0</a:double><a:double>0</a:double><a:double>0</a:double></Value></Attribute></Attributes><ChildElements/><ElementName>origin</ElementName><required>false</required><RPYAttribute z:Ref="i19"/><XYZAttribute z:Ref="i18"/><isCustomized>false</isCustomized></URDFElement><URDFElement z:Id="i20" i:type="Geometry"><Attributes/><ChildElements><URDFElement z:Id="i21" i:type="Mesh"><Attributes><Attribute z:Id="i22"><AttributeType>filename</AttributeType><IsRequired>true</IsRequired><Value i:nil="true"/></Attribute></Attributes><ChildElements/><ElementName>mesh</ElementName><required>false</required><FilenameAttribute z:Ref="i22"/></URDFElement></ChildElements><ElementName>geometry</ElementName><required>true</required><Mesh z:Ref="i21"/></URDFElement><URDFElement z:Id="i23" i:type="Material"><Attributes><Attribute z:Id="i24"><AttributeType>name</AttributeType><IsRequired>true</IsRequired><Value i:type="a:string" xmlns:a="http://www.w3.org/2001/XMLSchema"/></Attribute></Attributes><ChildElements><URDFElement z:Id="i25" i:type="Color"><Attributes><Attribute z:Id="i26"><AttributeType>rgba</AttributeType><IsRequired>true</IsRequired><Value i:type="a:ArrayOfdouble" xmlns:a="http://schemas.microsoft.com/2003/10/Serialization/Arrays"><a:double>1</a:double><a:double>1</a:double><a:double>1</a:double><a:double>1</a:double></Value></Attribute></Attributes><ChildElements/><ElementName>color</ElementName><required>false</required><RGBAAttribute z:Ref="i26"/></URDFElement><URDFElement z:Id="i27" i:type="Texture"><Attributes><Attribute z:Id="i28"><AttributeType>filename</AttributeType><IsRequired>true</IsRequired><Value i:nil="true"/></Attribute></Attributes><ChildElements/><ElementName>texture</ElementName><required>false</required><FilenameAttribute z:Ref="i28"/><wFilename/></URDFElement></ChildElements><ElementName>material</ElementName><required>false</required><Color z:Ref="i25"/><NameAttribute z:Ref="i24"/><Texture z:Ref="i27"/></URDFElement></ChildElements><ElementName>visual</ElementName><required>false</required><Geometry z:Ref="i20"/><Material z:Ref="i23"/><Origin z:Ref="i17"/></URDFElement><URDFElement z:Id="i29" i:type="Collision"><Attributes/><ChildElements><URDFElement z:Id="i30" i:type="Origin"><Attributes><Attribute z:Id="i31"><AttributeType>xyz</AttributeType><IsRequired>true</IsRequired><Value i:type="a:ArrayOfdouble" xmlns:a="http://schemas.microsoft.com/2003/10/Serialization/Arrays"><a:double>0</a:double><a:double>0</a:double><a:double>0</a:double></Value></Attribute><Attribute z:Id="i32"><AttributeType>rpy</AttributeType><IsRequired>true</IsRequired><Value i:type="a:ArrayOfdouble" xmlns:a="http://schemas.microsoft.com/2003/10/Serialization/Arrays"><a:double>0</a:double><a:double>0</a:double><a:double>0</a:double></Value></Attribute></Attributes><ChildElements/><ElementName>origin</ElementName><required>false</required><RPYAttribute z:Ref="i32"/><XYZAttribute z:Ref="i31"/><isCustomized>false</isCustomized></URDFElement><URDFElement z:Id="i33" i:type="Geometry"><Attributes/><ChildElements><URDFElement z:Id="i34" i:type="Mesh"><Attributes><Attribute z:Id="i35"><AttributeType>filename</AttributeType><IsRequired>true</IsRequired><Value i:nil="true"/></Attribute></Attributes><ChildElements/><ElementName>mesh</ElementName><required>false</required><FilenameAttribute z:Ref="i35"/></URDFElement></ChildElements><ElementName>geometry</ElementName><required>true</required><Mesh z:Ref="i34"/></URDFElement></ChildElements><ElementName>collision</ElementName><required>false</required><Geometry z:Ref="i33"/><Origin z:Ref="i30"/></URDFElement><URDFElement z:Id="i36" i:type="Joint"><Attributes><Attribute z:Id="i37"><AttributeType>name</AttributeType><IsRequired>true</IsRequired><Value i:type="a:string" xmlns:a="http://www.w3.org/2001/XMLSchema"/></Attribute><Attribute z:Id="i38"><AttributeType>type</AttributeType><IsRequired>true</IsRequired><Value i:type="a:string" xmlns:a="http://www.w3.org/2001/XMLSchema"/></Attribute></Attributes><ChildElements><URDFElement z:Id="i39" i:type="Origin"><Attributes><Attribute z:Id="i40"><AttributeType>xyz</AttributeType><IsRequired>true</IsRequired><Value i:type="a:ArrayOfdouble" xmlns:a="http://schemas.microsoft.com/2003/10/Serialization/Arrays"><a:double>0</a:double><a:double>0</a:double><a:double>0</a:double></Value></Attribute><Attribute z:Id="i41"><AttributeType>rpy</AttributeType><IsRequired>true</IsRequired><Value i:type="a:ArrayOfdouble" xmlns:a="http://schemas.microsoft.com/2003/10/Serialization/Arrays"><a:double>0</a:double><a:double>0</a:double><a:double>0</a:double></Value></Attribute></Attributes><ChildElements/><ElementName>origin</ElementName><required>false</required><RPYAttribute z:Ref="i41"/><XYZAttribute z:Ref="i40"/><isCustomized>false</isCustomized></URDFElement><URDFElement z:Id="i42" i:type="ParentLink"><Attributes><Attribute z:Id="i43"><AttributeType>link</AttributeType><IsRequired>true</IsRequired><Value i:type="a:string" xmlns:a="http://www.w3.org/2001/XMLSchema"/></Attribute></Attributes><ChildElements/><ElementName>parent</ElementName><required>true</required><NameAttribute z:Ref="i43"/></URDFElement><URDFElement z:Id="i44" i:type="ChildLink"><Attributes><Attribute z:Id="i45"><AttributeType>link</AttributeType><IsRequired>true</IsRequired><Value i:type="a:string" xmlns:a="http://www.w3.org/2001/XMLSchema"/></Attribute></Attributes><ChildElements/><ElementName>child</ElementName><required>true</required><NameAttribute z:Ref="i45"/></URDFElement><URDFElement z:Id="i46" i:type="Axis"><Attributes><Attribute z:Id="i47"><AttributeType>xyz</AttributeType><IsRequired>true</IsRequired><Value i:type="a:ArrayOfdouble" xmlns:a="http://schemas.microsoft.com/2003/10/Serialization/Arrays"><a:double>0</a:double><a:double>0</a:double><a:double>0</a:double></Value></Attribute></Attributes><ChildElements/><ElementName>axis</ElementName><required>false</required><XYZAttribute z:Ref="i47"/></URDFElement><URDFElement z:Id="i48" i:type="Limit"><Attributes><Attribute z:Id="i49"><AttributeType>lower</AttributeType><IsRequired>false</IsRequired><Value i:nil="true"/></Attribute><Attribute z:Id="i50"><AttributeType>upper</AttributeType><IsRequired>false</IsRequired><Value i:nil="true"/></Attribute><Attribute z:Id="i51"><AttributeType>effort</AttributeType><IsRequired>true</IsRequired><Value i:nil="true"/></Attribute><Attribute z:Id="i52"><AttributeType>velocity</AttributeType><IsRequired>true</IsRequired><Value i:nil="true"/></Attribute></Attributes><ChildElements/><ElementName>limit</ElementName><required>false</required><EffortAttribute z:Ref="i51"/><LowerAttribute z:Ref="i49"/><UpperAttribute z:Ref="i50"/><VelocityAttribute z:Ref="i52"/></URDFElement><URDFElement z:Id="i53" i:type="Calibration"><Attributes><Attribute z:Id="i54"><AttributeType>rising</AttributeType><IsRequired>false</IsRequired><Value i:nil="true"/></Attribute><Attribute z:Id="i55"><AttributeType>falling</AttributeType><IsRequired>false</IsRequired><Value i:nil="true"/></Attribute></Attributes><ChildElements/><ElementName>calibration</ElementName><required>false</required><FallingAttribute z:Ref="i55"/><RisingAttribute z:Ref="i54"/></URDFElement><URDFElement z:Id="i56" i:type="Dynamics"><Attributes><Attribute z:Id="i57"><AttributeType>damping</AttributeType><IsRequired>false</IsRequired><Value i:nil="true"/></Attribute><Attribute z:Id="i58"><AttributeType>friction</AttributeType><IsRequired>false</IsRequired><Value i:nil="true"/></Attribute></Attributes><ChildElements/><ElementName>dynamics</ElementName><required>false</required><DampingAttribute z:Ref="i57"/><FrictionAttribute z:Ref="i58"/></URDFElement><URDFElement z:Id="i59" i:type="SafetyController"><Attributes><Attribute z:Id="i60"><AttributeType>soft_upper_limit</AttributeType><IsRequired>false</IsRequired><Value i:nil="true"/></Attribute><Attribute z:Id="i61"><AttributeType>soft_lower_limit</AttributeType><IsRequired>false</IsRequired><Value i:nil="true"/></Attribute><Attribute z:Id="i62"><AttributeType>k_position</AttributeType><IsRequired>false</IsRequired><Value i:nil="true"/></Attribute><Attribute z:Id="i63"><AttributeType>k_velocity</AttributeType><IsRequired>true</IsRequired><Value i:nil="true"/></Attribute></Attributes><ChildElements/><ElementName>safety_controller</ElementName><required>false</required><KPositionAttribute z:Ref="i62"/><KVelocityAttribute z:Ref="i63"/><SoftLowerAttribute z:Ref="i61"/><SoftUpperAttribute z:Ref="i60"/></URDFElement><URDFElement z:Id="i64" i:type="Mimic"><Attributes><Attribute z:Id="i65"><AttributeType>joint</AttributeType><IsRequired>true</IsRequired><Value i:nil="true"/></Attribute><Attribute z:Id="i66"><AttributeType>multiplier</AttributeType><IsRequired>false</IsRequired><Value i:nil="true"/></Attribute><Attribute z:Id="i67"><AttributeType>offset</AttributeType><IsRequired>false</IsRequired><Value i:nil="true"/></Attribute></Attributes><ChildElements/><ElementName>mimic</ElementName><required>false</required><JointNameAttribute z:Ref="i65"/><MultiplierAttribute z:Ref="i66"/><OffsetAttribute z:Ref="i67"/></URDFElement></ChildElements><ElementName>joint</ElementName><required>false</required><Axis z:Ref="i46"/><AxisName/><Calibration z:Ref="i53"/><Child z:Ref="i44"/><CoordinateSystemName>Automatically Generate</CoordinateSystemName><Dynamics z:Ref="i56"/><Limit z:Ref="i48"/><Mimic z:Ref="i64"/><NameAttribute z:Ref="i37"/><Origin z:Ref="i39"/><Parent z:Ref="i42"/><Safety z:Ref="i59"/><TypeAttribute z:Ref="i38"/></URDFElement></ChildElements><ElementName>link</ElementName><required>true</required><Children/><Collision z:Ref="i29"/><Inertial z:Ref="i3"/><Joint z:Ref="i36"/><NameAttribute z:Ref="i2"/><Parent i:nil="true"/><STLQualityFine>false</STLQualityFine><SWComponentPIDs xmlns:a="http://schemas.microsoft.com/2003/10/Serialization/Arrays"><a:base64Binary>sDYAAAUAAAD//v8dQgBvAG8AdABsAGUAZwBnAGUAcgBfAFAAbABhAHQAZQAtADEAQABBAHMAcwBtAF8ARwBhAHQAZQBzAAQAAAAQAAAAAQAAAAEAAABQAAAA</a:base64Binary><a:base64Binary>sDYAAAUAAAD//v8VMwBpAG4ARQBsAGIAbwB3AC0AMgBAAEEAcwBzAG0AXwBHAGEAdABlAHMABAAAABAAAAABAAAAAQAAACUAAAA=</a:base64Binary><a:base64Binary>sDYAAAUAAAD//v8VMwBpAG4ARQBsAGIAbwB3AC0AMQBAAEEAcwBzAG0AXwBHAGEAdABlAHMABAAAABAAAAABAAAAAQAAACEAAAA=</a:base64Binary><a:base64Binary>sDYAAAUAAAD//v8oSABvAHIAaQB6AG8AbgB0AGEAbABwAGkAcABlAEQAaQBhADMAaQBuAEIAWQAxADIAMABpAG4ALQAxAEAAQQBzAHMAbQBfAEcAYQB0AGUAcwAEAAAAEAAAAAEAAAABAAAAHAAAAA==</a:base64Binary><a:base64Binary>sDYAAAUAAAD//v8YMwB4ADYAaQBuAF8ARAB1AG0AbQB5AC0ANABAAEEAcwBzAG0AXwBHAGEAdABlAHMABAAAABAAAAABAAAAAQAAAD4AAAA=</a:base64Binary><a:base64Binary>sDYAAAUAAAD//v8iVgBlAHIAdABpAGMAYQBsAF8AUABpAHAAZQBfADMAaQBuAF8AUABWAEMALQAyAEAAQQBzAHMAbQBfAEcAYQB0AGUAcwAEAAAAEAAAAAEAAAABAAAAOAAAAA==</a:base64Binary><a:base64Binary>sDYAAAUAAAD//v8YMwB4ADYAaQBuAF8ARAB1AG0AbQB5AC0AMwBAAEEAcwBzAG0AXwBHAGEAdABlAHMABAAAABAAAAABAAAAAQAAAD0AAAA=</a:base64Binary><a:base64Binary>sDYAAAUAAAD//v8iVgBlAHIAdABpAGMAYQBsAF8AUABpAHAAZQBfADMAaQBuAF8AUABWAEMALQAxAEAAQQBzAHMAbQBfAEcAYQB0AGUAcwAEAAAAEAAAAAEAAAABAAAANQAAAA==</a:base64Binary><a:base64Binary>sDYAAAUAAAD//v8YMwB4ADYAaQBuAF8ARAB1AG0AbQB5AC0AMQBAAEEAcwBzAG0AXwBHAGEAdABlAHMABAAAABAAAAABAAAAAQAAAC4AAAA=</a:base64Binary><a:base64Binary>sDYAAAUAAAD//v8YMwB4ADYAaQBuAF8ARAB1AG0AbQB5AC0AMgBAAEEAcwBzAG0AXwBHAGEAdABlAHMABAAAABAAAAABAAAAAQAAADEAAAA=</a:base64Binary><a:base64Binary>sDYAAAUAAAD//v8fMgBfAGkAbgBfAFMAZQBwAGUAcgBhAHQAZQByAFAAaQBwAGUALQAxAEAAQQBzAHMAbQBfAEcAYQB0AGUAcwAEAAAAEAAAAAEAAAABAAAAKgAAAA==</a:base64Binary><a:base64Binary>sDYAAAUAAAD//v8XRwBtAGEAbgBfAFAAbABhAHQAZQAtADEAQABBAHMAcwBtAF8ARwBhAHQAZQBzAAQAAAAQAAAAAQAAAAEAAABJAAAA</a:base64Binary></SWComponentPIDs><SWMainComponentPID i:nil="true"/><Visual z:Ref="i16"/><isFixedFrame>false</isFixedFrame><isIncomplete>false</isIncomplete></Link>
2022-06-05 19:49:34,284 INFO  AssemblyExportForm.cs: 309 - Saving URDF package to C:\Users\micah\Desktop\GrabCAD\Machine Intelligence Lab (SubjuGator & NaviGator)\Machine Intelligence Lab\Reference\RoboNation\SubjuGator\2022\Tasks\Assm_Gates_UDRF
2022-06-05 19:49:34,286 INFO  ExportHelper.cs: 147 - Beginning the export process
2022-06-05 19:49:34,288 INFO  ExportHelper.cs: 153 - Creating package directories with name Assm_Gates_UDRF and save path C:\Users\micah\Desktop\GrabCAD\Machine Intelligence Lab (SubjuGator & NaviGator)\Machine Intelligence Lab\Reference\RoboNation\SubjuGator\2022\Tasks
2022-06-05 19:49:35,515 INFO  ExportHelper.cs: 162 - Creating CMakeLists.txt at C:\Users\micah\Desktop\GrabCAD\Machine Intelligence Lab (SubjuGator & NaviGator)\Machine Intelligence Lab\Reference\RoboNation\SubjuGator\2022\Tasks\Assm_Gates_UDRF\CMakeLists.txt
2022-06-05 19:49:35,519 INFO  ExportHelper.cs: 166 - Creating joint names config at C:\Users\micah\Desktop\GrabCAD\Machine Intelligence Lab (SubjuGator & NaviGator)\Machine Intelligence Lab\Reference\RoboNation\SubjuGator\2022\Tasks\Assm_Gates_UDRF\config\joint_names_Assm_Gates_UDRF.yaml
2022-06-05 19:49:35,520 INFO  ExportHelper.cs: 170 - Creating package.xml at C:\Users\micah\Desktop\GrabCAD\Machine Intelligence Lab (SubjuGator & NaviGator)\Machine Intelligence Lab\Reference\RoboNation\SubjuGator\2022\Tasks\Assm_Gates_UDRF\package.xml
2022-06-05 19:49:35,521 INFO  PackageXMLWriter.cs: 21 - Creating package.xml at C:\Users\micah\Desktop\GrabCAD\Machine Intelligence Lab (SubjuGator & NaviGator)\Machine Intelligence Lab\Reference\RoboNation\SubjuGator\2022\Tasks\Assm_Gates_UDRF\package.xml
2022-06-05 19:49:35,525 INFO  ExportHelper.cs: 177 - Creating RVIZ launch file in C:\Users\micah\Desktop\GrabCAD\Machine Intelligence Lab (SubjuGator & NaviGator)\Machine Intelligence Lab\Reference\RoboNation\SubjuGator\2022\Tasks\Assm_Gates_UDRF\launch\
2022-06-05 19:49:35,527 INFO  ExportHelper.cs: 182 - Creating Gazebo launch file in C:\Users\micah\Desktop\GrabCAD\Machine Intelligence Lab (SubjuGator & NaviGator)\Machine Intelligence Lab\Reference\RoboNation\SubjuGator\2022\Tasks\Assm_Gates_UDRF\launch\
2022-06-05 19:49:35,529 INFO  ExportHelper.cs: 187 - Saving existing STL preferences
2022-06-05 19:49:35,530 INFO  ExportHelper.cs: 450 - Saving users preferences
2022-06-05 19:49:35,531 INFO  ExportHelper.cs: 190 - Modifying STL preferences
2022-06-05 19:49:35,532 INFO  ExportHelper.cs: 464 - Setting STL preferences
2022-06-05 19:49:35,537 INFO  ExportHelper.cs: 196 - Found 0 hidden components 
2022-06-05 19:49:35,538 INFO  ExportHelper.cs: 197 - Hiding all components
2022-06-05 19:49:35,637 INFO  ExportHelper.cs: 204 - Beginning individual files export
2022-06-05 19:49:35,640 INFO  ExportHelper.cs: 270 - Exporting link: base_link
2022-06-05 19:49:35,640 INFO  ExportHelper.cs: 272 - Link base_link has 0 children
2022-06-05 19:49:35,641 INFO  ExportHelper.cs: 317 - base_link: Exporting STL with coordinate frame Origin_global
2022-06-05 19:49:35,642 INFO  ExportHelper.cs: 322 - base_link: Reference geometry name 
2022-06-05 19:49:35,827 INFO  ExportHelper.cs: 330 - Saving STL to C:\Users\micah\Desktop\GrabCAD\Machine Intelligence Lab (SubjuGator & NaviGator)\Machine Intelligence Lab\Reference\RoboNation\SubjuGator\2022\Tasks\Assm_Gates_UDRF\meshes\base_link.STL
2022-06-05 19:49:36,078 INFO  ExportHelper.cs: 405 - Removing SW header in STL file
2022-06-05 19:49:36,079 INFO  ExportHelper.cs: 145 - Showing all components except previously hidden components
2022-06-05 19:49:36,242 INFO  ExportHelper.cs: 145 - Resetting STL preferences
2022-06-05 19:49:36,243 INFO  ExportHelper.cs: 478 - Returning STL preferences to user preferences
2022-06-05 19:49:36,243 INFO  ExportHelper.cs: 228 - Writing URDF file to C:\Users\micah\Desktop\GrabCAD\Machine Intelligence Lab (SubjuGator & NaviGator)\Machine Intelligence Lab\Reference\RoboNation\SubjuGator\2022\Tasks\Assm_Gates_UDRF\urdf\Assm_Gates_UDRF.urdf
2022-06-05 19:49:36,249 INFO  CSVImportExport.cs: 32 - Writing CSV file C:\Users\micah\Desktop\GrabCAD\Machine Intelligence Lab (SubjuGator & NaviGator)\Machine Intelligence Lab\Reference\RoboNation\SubjuGator\2022\Tasks\Assm_Gates_UDRF\urdf\Assm_Gates_UDRF.csv
2022-06-05 19:49:36,269 ERROR CSVImportExport.cs: 130 - The following columns were not written to the CSV: Link.Joint.ChildLink.link,
2022-06-05 19:49:36,274 INFO  ExportHelper.cs: 234 - Copying log file
2022-06-05 19:49:36,278 INFO  ExportHelper.cs: 439 - Copying C:\Users\micah\sw2urdf_logs\sw2urdf.log to C:\Users\micah\Desktop\GrabCAD\Machine Intelligence Lab (SubjuGator & NaviGator)\Machine Intelligence Lab\Reference\RoboNation\SubjuGator\2022\Tasks\Assm_Gates_UDRF\export.log
